# JRE version: Java(TM) SE Runtime Environment (8.0_66-b17) (build 1.8.0_66-b17)
# Java VM: Java HotSpot(TM) 64-Bit Server VM (25.66-b17 mixed mode linux-amd64 compressed oops)
Heap:
 PSYoungGen      total 471552K, used 48766K [0x000000076ab00000, 0x0000000790b80000, 0x00000007c0000000)
  eden space 371200K, 0% used [0x000000076ab00000,0x000000076ab00000,0x0000000781580000)
  from space 100352K, 48% used [0x0000000788500000,0x000000078b49f8a8,0x000000078e700000)
  to   space 114176K, 0% used [0x0000000781580000,0x0000000781580000,0x0000000788500000)
 ParOldGen       total 216576K, used 216204K [0x00000006c0000000, 0x00000006cd380000, 0x000000076ab00000)
  object space 216576K, 99% used [0x00000006c0000000,0x00000006cd323288,0x00000006cd380000)
 Metaspace       used 6551K, capacity 7320K, committed 7680K, reserved 1056768K
  class space    used 614K, capacity 656K, committed 768K, reserved 1048576K
GC Heap History (10 events):
Event: 6,814 GC heap after
Heap after GC invocations=10 (full 1):
 PSYoungGen      total 382976K, used 39419K [0x000000076ab00000, 0x0000000786880000, 0x00000007c0000000)
  eden space 343552K, 0% used [0x000000076ab00000,0x000000076ab00000,0x000000077fa80000)
  from space 39424K, 99% used [0x0000000780b00000,0x000000078317ecc0,0x0000000783180000)
  to   space 56320K, 0% used [0x0000000783180000,0x0000000783180000,0x0000000786880000)
 ParOldGen       total 120320K, used 87560K [0x00000006c0000000, 0x00000006c7580000, 0x000000076ab00000)
  object space 120320K, 72% used [0x00000006c0000000,0x00000006c55821a8,0x00000006c7580000)
 Metaspace       used 6512K, capacity 7256K, committed 7424K, reserved 1056768K
  class space    used 614K, capacity 656K, committed 768K, reserved 1048576K
}
Event: 8,206 GC heap before
{Heap before GC invocations=11 (full 1):
 PSYoungGen      total 382976K, used 382971K [0x000000076ab00000, 0x0000000786880000, 0x00000007c0000000)
  eden space 343552K, 100% used [0x000000076ab00000,0x000000077fa80000,0x000000077fa80000)
  from space 39424K, 99% used [0x0000000780b00000,0x000000078317ecc0,0x0000000783180000)
  to   space 56320K, 0% used [0x0000000783180000,0x0000000783180000,0x0000000786880000)
 ParOldGen       total 120320K, used 87560K [0x00000006c0000000, 0x00000006c7580000, 0x000000076ab00000)
  object space 120320K, 72% used [0x00000006c0000000,0x00000006c55821a8,0x00000006c7580000)
 Metaspace       used 6519K, capacity 7320K, committed 7680K, reserved 1056768K
  class space    used 614K, capacity 656K, committed 768K, reserved 1048576K
Event: 8,376 GC heap after
Heap after GC invocations=11 (full 1):
 PSYoungGen      total 377856K, used 56306K [0x000000076ab00000, 0x000000078f280000, 0x00000007c0000000)
  eden space 321536K, 0% used [0x000000076ab00000,0x000000076ab00000,0x000000077e500000)
  from space 56320K, 99% used [0x0000000783180000,0x000000078687cad0,0x0000000786880000)
  to   space 78336K, 0% used [0x000000077e500000,0x000000077e500000,0x0000000783180000)
 ParOldGen       total 121344K, used 121080K [0x00000006c0000000, 0x00000006c7680000, 0x000000076ab00000)
  object space 121344K, 99% used [0x00000006c0000000,0x00000006c763e210,0x00000006c7680000)
 Metaspace       used 6519K, capacity 7320K, committed 7680K, reserved 1056768K
  class space    used 614K, capacity 656K, committed 768K, reserved 1048576K
}
Event: 8,376 GC heap before
{Heap before GC invocations=12 (full 2):
 PSYoungGen      total 377856K, used 56306K [0x000000076ab00000, 0x000000078f280000, 0x00000007c0000000)
  eden space 321536K, 0% used [0x000000076ab00000,0x000000076ab00000,0x000000077e500000)
  from space 56320K, 99% used [0x0000000783180000,0x000000078687cad0,0x0000000786880000)
  to   space 78336K, 0% used [0x000000077e500000,0x000000077e500000,0x0000000783180000)
 ParOldGen       total 121344K, used 121080K [0x00000006c0000000, 0x00000006c7680000, 0x000000076ab00000)
  object space 121344K, 99% used [0x00000006c0000000,0x00000006c763e210,0x00000006c7680000)
 Metaspace       used 6519K, capacity 7320K, committed 7680K, reserved 1056768K
  class space    used 614K, capacity 656K, committed 768K, reserved 1048576K
Event: 9,502 GC heap after
Heap after GC invocations=12 (full 2):
 PSYoungGen      total 377856K, used 50988K [0x000000076ab00000, 0x000000078f280000, 0x00000007c0000000)
  eden space 321536K, 0% used [0x000000076ab00000,0x000000076ab00000,0x000000077e500000)
  from space 56320K, 90% used [0x0000000783180000,0x000000078634b3a8,0x0000000786880000)
  to   space 78336K, 0% used [0x000000077e500000,0x000000077e500000,0x0000000783180000)
 ParOldGen       total 216576K, used 120863K [0x00000006c0000000, 0x00000006cd380000, 0x000000076ab00000)
  object space 216576K, 55% used [0x00000006c0000000,0x00000006c7607c40,0x00000006cd380000)
 Metaspace       used 6519K, capacity 7320K, committed 7680K, reserved 1056768K
  class space    used 614K, capacity 656K, committed 768K, reserved 1048576K
}
Event: 10,788 GC heap before
{Heap before GC invocations=13 (full 2):
 PSYoungGen      total 377856K, used 372524K [0x000000076ab00000, 0x000000078f280000, 0x00000007c0000000)
  eden space 321536K, 100% used [0x000000076ab00000,0x000000077e500000,0x000000077e500000)
  from space 56320K, 90% used [0x0000000783180000,0x000000078634b3a8,0x0000000786880000)
  to   space 78336K, 0% used [0x000000077e500000,0x000000077e500000,0x0000000783180000)
 ParOldGen       total 216576K, used 120863K [0x00000006c0000000, 0x00000006cd380000, 0x000000076ab00000)
  object space 216576K, 55% used [0x00000006c0000000,0x00000006c7607c40,0x00000006cd380000)
 Metaspace       used 6532K, capacity 7320K, committed 7680K, reserved 1056768K
  class space    used 614K, capacity 656K, committed 768K, reserved 1048576K
Event: 10,957 GC heap after
Heap after GC invocations=13 (full 2):
 PSYoungGen      total 399872K, used 78334K [0x000000076ab00000, 0x000000078e700000, 0x00000007c0000000)
  eden space 321536K, 0% used [0x000000076ab00000,0x000000076ab00000,0x000000077e500000)
  from space 78336K, 99% used [0x000000077e500000,0x000000078317fab0,0x0000000783180000)
  to   space 100352K, 0% used [0x0000000788500000,0x0000000788500000,0x000000078e700000)
 ParOldGen       total 216576K, used 143268K [0x00000006c0000000, 0x00000006cd380000, 0x000000076ab00000)
  object space 216576K, 66% used [0x00000006c0000000,0x00000006c8be9350,0x00000006cd380000)
 Metaspace       used 6532K, capacity 7320K, committed 7680K, reserved 1056768K
  class space    used 614K, capacity 656K, committed 768K, reserved 1048576K
}
Event: 12,293 GC heap before
{Heap before GC invocations=14 (full 2):
 PSYoungGen      total 399872K, used 399870K [0x000000076ab00000, 0x000000078e700000, 0x00000007c0000000)
  eden space 321536K, 100% used [0x000000076ab00000,0x000000077e500000,0x000000077e500000)
  from space 78336K, 99% used [0x000000077e500000,0x000000078317fab0,0x0000000783180000)
  to   space 100352K, 0% used [0x0000000788500000,0x0000000788500000,0x000000078e700000)
 ParOldGen       total 216576K, used 143268K [0x00000006c0000000, 0x00000006cd380000, 0x000000076ab00000)
  object space 216576K, 66% used [0x00000006c0000000,0x00000006c8be9350,0x00000006cd380000)
 Metaspace       used 6551K, capacity 7320K, committed 7680K, reserved 1056768K
  class space    used 614K, capacity 656K, committed 768K, reserved 1048576K
Event: 12,547 GC heap after
Heap after GC invocations=14 (full 2):
 PSYoungGen      total 471552K, used 89027K [0x000000076ab00000, 0x0000000790b80000, 0x00000007c0000000)
  eden space 371200K, 0% used [0x000000076ab00000,0x000000076ab00000,0x0000000781580000)
  from space 100352K, 88% used [0x0000000788500000,0x000000078dbf0db8,0x000000078e700000)
  to   space 114176K, 0% used [0x0000000781580000,0x0000000781580000,0x0000000788500000)
 ParOldGen       total 216576K, used 181582K [0x00000006c0000000, 0x00000006cd380000, 0x000000076ab00000)
  object space 216576K, 83% used [0x00000006c0000000,0x00000006cb153900,0x00000006cd380000)
 Metaspace       used 6551K, capacity 7320K, committed 7680K, reserved 1056768K
  class space    used 614K, capacity 656K, committed 768K, reserved 1048576K
}
Event: 12,547 GC heap before
{Heap before GC invocations=15 (full 3):
 PSYoungGen      total 471552K, used 89027K [0x000000076ab00000, 0x0000000790b80000, 0x00000007c0000000)
  eden space 371200K, 0% used [0x000000076ab00000,0x000000076ab00000,0x0000000781580000)
  from space 100352K, 88% used [0x0000000788500000,0x000000078dbf0db8,0x000000078e700000)
  to   space 114176K, 0% used [0x0000000781580000,0x0000000781580000,0x0000000788500000)
 ParOldGen       total 216576K, used 181582K [0x00000006c0000000, 0x00000006cd380000, 0x000000076ab00000)
  object space 216576K, 83% used [0x00000006c0000000,0x00000006cb153900,0x00000006cd380000)
 Metaspace       used 6551K, capacity 7320K, committed 7680K, reserved 1056768K
  class space    used 614K, capacity 656K, committed 768K, reserved 1048576K

