# JRE version: Java(TM) SE Runtime Environment (8.0_66-b17) (build 1.8.0_66-b17)
# Java VM: Java HotSpot(TM) 64-Bit Server VM (25.66-b17 mixed mode linux-amd64 compressed oops)
Heap:
 PSYoungGen      total 481792K, used 112629K [0x000000076ab00000, 0x0000000791100000, 0x00000007c0000000)
  eden space 369152K, 0% used [0x000000076ab00000,0x000000076ab00000,0x0000000781380000)
  from space 112640K, 99% used [0x0000000781380000,0x000000078817d6d0,0x0000000788180000)
  to   space 87552K, 0% used [0x0000000788180000,0x0000000788180000,0x000000078d700000)
 ParOldGen       total 247296K, used 200686K [0x00000006c0000000, 0x00000006cf180000, 0x000000076ab00000)
  object space 247296K, 81% used [0x00000006c0000000,0x00000006cc3fb9e0,0x00000006cf180000)
 Metaspace       used 6915K, capacity 7608K, committed 7936K, reserved 1056768K
  class space    used 633K, capacity 688K, committed 768K, reserved 1048576K
GC Heap History (10 events):
Event: 5,891 GC heap after
Heap after GC invocations=10 (full 1):
 PSYoungGen      total 358912K, used 40425K [0x000000076ab00000, 0x0000000785200000, 0x00000007c0000000)
  eden space 318464K, 0% used [0x000000076ab00000,0x000000076ab00000,0x000000077e200000)
  from space 40448K, 99% used [0x0000000780c00000,0x000000078337a5a8,0x0000000783380000)
  to   space 31232K, 0% used [0x0000000783380000,0x0000000783380000,0x0000000785200000)
 ParOldGen       total 122368K, used 85693K [0x00000006c0000000, 0x00000006c7780000, 0x000000076ab00000)
  object space 122368K, 70% used [0x00000006c0000000,0x00000006c53af680,0x00000006c7780000)
 Metaspace       used 6528K, capacity 7320K, committed 7680K, reserved 1056768K
  class space    used 614K, capacity 656K, committed 768K, reserved 1048576K
}
Event: 7,218 GC heap before
{Heap before GC invocations=11 (full 1):
 PSYoungGen      total 358912K, used 358889K [0x000000076ab00000, 0x0000000785200000, 0x00000007c0000000)
  eden space 318464K, 100% used [0x000000076ab00000,0x000000077e200000,0x000000077e200000)
  from space 40448K, 99% used [0x0000000780c00000,0x000000078337a5a8,0x0000000783380000)
  to   space 31232K, 0% used [0x0000000783380000,0x0000000783380000,0x0000000785200000)
 ParOldGen       total 122368K, used 85693K [0x00000006c0000000, 0x00000006c7780000, 0x000000076ab00000)
  object space 122368K, 70% used [0x00000006c0000000,0x00000006c53af680,0x00000006c7780000)
 Metaspace       used 6535K, capacity 7320K, committed 7680K, reserved 1056768K
  class space    used 614K, capacity 656K, committed 768K, reserved 1048576K
Event: 7,437 GC heap after
Heap after GC invocations=11 (full 1):
 PSYoungGen      total 355328K, used 31210K [0x000000076ab00000, 0x000000078cc80000, 0x00000007c0000000)
  eden space 324096K, 0% used [0x000000076ab00000,0x000000076ab00000,0x000000077e780000)
  from space 31232K, 99% used [0x0000000783380000,0x00000007851fabf8,0x0000000785200000)
  to   space 77824K, 0% used [0x000000077e780000,0x000000077e780000,0x0000000783380000)
 ParOldGen       total 141312K, used 141101K [0x00000006c0000000, 0x00000006c8a00000, 0x000000076ab00000)
  object space 141312K, 99% used [0x00000006c0000000,0x00000006c89cb6e0,0x00000006c8a00000)
 Metaspace       used 6535K, capacity 7320K, committed 7680K, reserved 1056768K
  class space    used 614K, capacity 656K, committed 768K, reserved 1048576K
}
Event: 7,437 GC heap before
{Heap before GC invocations=12 (full 2):
 PSYoungGen      total 355328K, used 31210K [0x000000076ab00000, 0x000000078cc80000, 0x00000007c0000000)
  eden space 324096K, 0% used [0x000000076ab00000,0x000000076ab00000,0x000000077e780000)
  from space 31232K, 99% used [0x0000000783380000,0x00000007851fabf8,0x0000000785200000)
  to   space 77824K, 0% used [0x000000077e780000,0x000000077e780000,0x0000000783380000)
 ParOldGen       total 141312K, used 141101K [0x00000006c0000000, 0x00000006c8a00000, 0x000000076ab00000)
  object space 141312K, 99% used [0x00000006c0000000,0x00000006c89cb6e0,0x00000006c8a00000)
 Metaspace       used 6535K, capacity 7320K, committed 7680K, reserved 1056768K
  class space    used 614K, capacity 656K, committed 768K, reserved 1048576K
Event: 8,442 GC heap after
Heap after GC invocations=12 (full 2):
 PSYoungGen      total 355328K, used 24983K [0x000000076ab00000, 0x000000078cc80000, 0x00000007c0000000)
  eden space 324096K, 0% used [0x000000076ab00000,0x000000076ab00000,0x000000077e780000)
  from space 31232K, 79% used [0x0000000783380000,0x0000000784be5f18,0x0000000785200000)
  to   space 77824K, 0% used [0x000000077e780000,0x000000077e780000,0x0000000783380000)
 ParOldGen       total 247296K, used 141195K [0x00000006c0000000, 0x00000006cf180000, 0x000000076ab00000)
  object space 247296K, 57% used [0x00000006c0000000,0x00000006c89e2f48,0x00000006cf180000)
 Metaspace       used 6535K, capacity 7320K, committed 7680K, reserved 1056768K
  class space    used 614K, capacity 656K, committed 768K, reserved 1048576K
}
Event: 9,596 GC heap before
{Heap before GC invocations=13 (full 2):
 PSYoungGen      total 355328K, used 349079K [0x000000076ab00000, 0x000000078cc80000, 0x00000007c0000000)
  eden space 324096K, 100% used [0x000000076ab00000,0x000000077e780000,0x000000077e780000)
  from space 31232K, 79% used [0x0000000783380000,0x0000000784be5f18,0x0000000785200000)
  to   space 77824K, 0% used [0x000000077e780000,0x000000077e780000,0x0000000783380000)
 ParOldGen       total 247296K, used 141195K [0x00000006c0000000, 0x00000006cf180000, 0x000000076ab00000)
  object space 247296K, 57% used [0x00000006c0000000,0x00000006c89e2f48,0x00000006cf180000)
 Metaspace       used 6545K, capacity 7320K, committed 7680K, reserved 1056768K
  class space    used 614K, capacity 656K, committed 768K, reserved 1048576K
Event: 9,811 GC heap after
Heap after GC invocations=13 (full 2):
 PSYoungGen      total 401920K, used 67345K [0x000000076ab00000, 0x000000078d700000, 0x00000007c0000000)
  eden space 324096K, 0% used [0x000000076ab00000,0x000000076ab00000,0x000000077e780000)
  from space 77824K, 86% used [0x000000077e780000,0x0000000782944450,0x0000000783380000)
  to   space 87552K, 0% used [0x0000000788180000,0x0000000788180000,0x000000078d700000)
 ParOldGen       total 247296K, used 148254K [0x00000006c0000000, 0x00000006cf180000, 0x000000076ab00000)
  object space 247296K, 59% used [0x00000006c0000000,0x00000006c90c7b20,0x00000006cf180000)
 Metaspace       used 6545K, capacity 7320K, committed 7680K, reserved 1056768K
  class space    used 614K, capacity 656K, committed 768K, reserved 1048576K
}
Event: 10,932 GC heap before
{Heap before GC invocations=14 (full 2):
 PSYoungGen      total 401920K, used 391441K [0x000000076ab00000, 0x000000078d700000, 0x00000007c0000000)
  eden space 324096K, 100% used [0x000000076ab00000,0x000000077e780000,0x000000077e780000)
  from space 77824K, 86% used [0x000000077e780000,0x0000000782944450,0x0000000783380000)
  to   space 87552K, 0% used [0x0000000788180000,0x0000000788180000,0x000000078d700000)
 ParOldGen       total 247296K, used 148254K [0x00000006c0000000, 0x00000006cf180000, 0x000000076ab00000)
  object space 247296K, 59% used [0x00000006c0000000,0x00000006c90c7b20,0x00000006cf180000)
 Metaspace       used 6563K, capacity 7320K, committed 7680K, reserved 1056768K
  class space    used 614K, capacity 656K, committed 768K, reserved 1048576K
Event: 11,187 GC heap after
Heap after GC invocations=14 (full 2):
 PSYoungGen      total 456704K, used 87526K [0x000000076ab00000, 0x0000000791100000, 0x00000007c0000000)
  eden space 369152K, 0% used [0x000000076ab00000,0x000000076ab00000,0x0000000781380000)
  from space 87552K, 99% used [0x0000000788180000,0x000000078d6f9bf0,0x000000078d700000)
  to   space 112640K, 0% used [0x0000000781380000,0x0000000781380000,0x0000000788180000)
 ParOldGen       total 247296K, used 174736K [0x00000006c0000000, 0x00000006cf180000, 0x000000076ab00000)
  object space 247296K, 70% used [0x00000006c0000000,0x00000006caaa4358,0x00000006cf180000)
 Metaspace       used 6563K, capacity 7320K, committed 7680K, reserved 1056768K
  class space    used 614K, capacity 656K, committed 768K, reserved 1048576K
}
Event: 14,426 GC heap before
{Heap before GC invocations=15 (full 2):
 PSYoungGen      total 456704K, used 456678K [0x000000076ab00000, 0x0000000791100000, 0x00000007c0000000)
  eden space 369152K, 100% used [0x000000076ab00000,0x0000000781380000,0x0000000781380000)
  from space 87552K, 99% used [0x0000000788180000,0x000000078d6f9bf0,0x000000078d700000)
  to   space 112640K, 0% used [0x0000000781380000,0x0000000781380000,0x0000000788180000)
 ParOldGen       total 247296K, used 174736K [0x00000006c0000000, 0x00000006cf180000, 0x000000076ab00000)
  object space 247296K, 70% used [0x00000006c0000000,0x00000006caaa4358,0x00000006cf180000)
 Metaspace       used 6915K, capacity 7608K, committed 7936K, reserved 1056768K
  class space    used 633K, capacity 688K, committed 768K, reserved 1048576K

