# JRE version: Java(TM) SE Runtime Environment (8.0_66-b17) (build 1.8.0_66-b17)
# Java VM: Java HotSpot(TM) 64-Bit Server VM (25.66-b17 mixed mode linux-amd64 compressed oops)
Heap:
 PSYoungGen      total 482816K, used 52529K [0x000000076ab00000, 0x0000000791680000, 0x00000007c0000000)
  eden space 415744K, 0% used [0x000000076ab00000,0x000000076ab00000,0x0000000784100000)
  from space 67072K, 78% used [0x0000000789c80000,0x000000078cfcc4e8,0x000000078de00000)
  to   space 93696K, 0% used [0x0000000784100000,0x0000000784100000,0x0000000789c80000)
 ParOldGen       total 224768K, used 224306K [0x00000006c0000000, 0x00000006cdb80000, 0x000000076ab00000)
  object space 224768K, 99% used [0x00000006c0000000,0x00000006cdb0ca98,0x00000006cdb80000)
 Metaspace       used 6570K, capacity 7320K, committed 7680K, reserved 1056768K
  class space    used 614K, capacity 656K, committed 768K, reserved 1048576K
GC Heap History (10 events):
Event: 7,047 GC heap after
Heap after GC invocations=12 (full 1):
 PSYoungGen      total 334336K, used 43327K [0x000000076ab00000, 0x0000000787e80000, 0x00000007c0000000)
  eden space 289792K, 0% used [0x000000076ab00000,0x000000076ab00000,0x000000077c600000)
  from space 44544K, 97% used [0x000000077c600000,0x000000077f04fda0,0x000000077f180000)
  to   space 51712K, 0% used [0x0000000784c00000,0x0000000784c00000,0x0000000787e80000)
 ParOldGen       total 118784K, used 88334K [0x00000006c0000000, 0x00000006c7400000, 0x000000076ab00000)
  object space 118784K, 74% used [0x00000006c0000000,0x00000006c5643bf0,0x00000006c7400000)
 Metaspace       used 6523K, capacity 7320K, committed 7680K, reserved 1056768K
  class space    used 614K, capacity 656K, committed 768K, reserved 1048576K
}
Event: 8,109 GC heap before
{Heap before GC invocations=13 (full 1):
 PSYoungGen      total 334336K, used 333119K [0x000000076ab00000, 0x0000000787e80000, 0x00000007c0000000)
  eden space 289792K, 100% used [0x000000076ab00000,0x000000077c600000,0x000000077c600000)
  from space 44544K, 97% used [0x000000077c600000,0x000000077f04fda0,0x000000077f180000)
  to   space 51712K, 0% used [0x0000000784c00000,0x0000000784c00000,0x0000000787e80000)
 ParOldGen       total 118784K, used 88334K [0x00000006c0000000, 0x00000006c7400000, 0x000000076ab00000)
  object space 118784K, 74% used [0x00000006c0000000,0x00000006c5643bf0,0x00000006c7400000)
 Metaspace       used 6529K, capacity 7320K, committed 7680K, reserved 1056768K
  class space    used 614K, capacity 656K, committed 768K, reserved 1048576K
Event: 8,269 GC heap after
Heap after GC invocations=13 (full 1):
 PSYoungGen      total 420864K, used 43441K [0x000000076ab00000, 0x0000000788e00000, 0x00000007c0000000)
  eden space 369152K, 0% used [0x000000076ab00000,0x000000076ab00000,0x0000000781380000)
  from space 51712K, 84% used [0x0000000784c00000,0x000000078766c690,0x0000000787e80000)
  to   space 57856K, 0% used [0x0000000781380000,0x0000000781380000,0x0000000784c00000)
 ParOldGen       total 130048K, used 129323K [0x00000006c0000000, 0x00000006c7f00000, 0x000000076ab00000)
  object space 130048K, 99% used [0x00000006c0000000,0x00000006c7e4af50,0x00000006c7f00000)
 Metaspace       used 6529K, capacity 7320K, committed 7680K, reserved 1056768K
  class space    used 614K, capacity 656K, committed 768K, reserved 1048576K
}
Event: 8,269 GC heap before
{Heap before GC invocations=14 (full 2):
 PSYoungGen      total 420864K, used 43441K [0x000000076ab00000, 0x0000000788e00000, 0x00000007c0000000)
  eden space 369152K, 0% used [0x000000076ab00000,0x000000076ab00000,0x0000000781380000)
  from space 51712K, 84% used [0x0000000784c00000,0x000000078766c690,0x0000000787e80000)
  to   space 57856K, 0% used [0x0000000781380000,0x0000000781380000,0x0000000784c00000)
 ParOldGen       total 130048K, used 129323K [0x00000006c0000000, 0x00000006c7f00000, 0x000000076ab00000)
  object space 130048K, 99% used [0x00000006c0000000,0x00000006c7e4af50,0x00000006c7f00000)
 Metaspace       used 6529K, capacity 7320K, committed 7680K, reserved 1056768K
  class space    used 614K, capacity 656K, committed 768K, reserved 1048576K
Event: 9,414 GC heap after
Heap after GC invocations=14 (full 2):
 PSYoungGen      total 420864K, used 41098K [0x000000076ab00000, 0x0000000788e00000, 0x00000007c0000000)
  eden space 369152K, 0% used [0x000000076ab00000,0x000000076ab00000,0x0000000781380000)
  from space 51712K, 79% used [0x0000000784c00000,0x0000000787422a68,0x0000000787e80000)
  to   space 57856K, 0% used [0x0000000781380000,0x0000000781380000,0x0000000784c00000)
 ParOldGen       total 224768K, used 129996K [0x00000006c0000000, 0x00000006cdb80000, 0x000000076ab00000)
  object space 224768K, 57% used [0x00000006c0000000,0x00000006c7ef3110,0x00000006cdb80000)
 Metaspace       used 6529K, capacity 7320K, committed 7680K, reserved 1056768K
  class space    used 614K, capacity 656K, committed 768K, reserved 1048576K
}
Event: 10,809 GC heap before
{Heap before GC invocations=15 (full 2):
 PSYoungGen      total 420864K, used 410250K [0x000000076ab00000, 0x0000000788e00000, 0x00000007c0000000)
  eden space 369152K, 100% used [0x000000076ab00000,0x0000000781380000,0x0000000781380000)
  from space 51712K, 79% used [0x0000000784c00000,0x0000000787422a68,0x0000000787e80000)
  to   space 57856K, 0% used [0x0000000781380000,0x0000000781380000,0x0000000784c00000)
 ParOldGen       total 224768K, used 129996K [0x00000006c0000000, 0x00000006cdb80000, 0x000000076ab00000)
  object space 224768K, 57% used [0x00000006c0000000,0x00000006c7ef3110,0x00000006cdb80000)
 Metaspace       used 6545K, capacity 7320K, committed 7680K, reserved 1056768K
  class space    used 614K, capacity 656K, committed 768K, reserved 1048576K
Event: 11,004 GC heap after
Heap after GC invocations=15 (full 2):
 PSYoungGen      total 427008K, used 56671K [0x000000076ab00000, 0x000000078de00000, 0x00000007c0000000)
  eden space 369152K, 0% used [0x000000076ab00000,0x000000076ab00000,0x0000000781380000)
  from space 57856K, 97% used [0x0000000781380000,0x0000000784ad7e60,0x0000000784c00000)
  to   space 67072K, 0% used [0x0000000789c80000,0x0000000789c80000,0x000000078de00000)
 ParOldGen       total 224768K, used 169729K [0x00000006c0000000, 0x00000006cdb80000, 0x000000076ab00000)
  object space 224768K, 75% used [0x00000006c0000000,0x00000006ca5c0750,0x00000006cdb80000)
 Metaspace       used 6545K, capacity 7320K, committed 7680K, reserved 1056768K
  class space    used 614K, capacity 656K, committed 768K, reserved 1048576K
}
Event: 12,303 GC heap before
{Heap before GC invocations=16 (full 2):
 PSYoungGen      total 427008K, used 425823K [0x000000076ab00000, 0x000000078de00000, 0x00000007c0000000)
  eden space 369152K, 100% used [0x000000076ab00000,0x0000000781380000,0x0000000781380000)
  from space 57856K, 97% used [0x0000000781380000,0x0000000784ad7e60,0x0000000784c00000)
  to   space 67072K, 0% used [0x0000000789c80000,0x0000000789c80000,0x000000078de00000)
 ParOldGen       total 224768K, used 169729K [0x00000006c0000000, 0x00000006cdb80000, 0x000000076ab00000)
  object space 224768K, 75% used [0x00000006c0000000,0x00000006ca5c0750,0x00000006cdb80000)
 Metaspace       used 6570K, capacity 7320K, committed 7680K, reserved 1056768K
  class space    used 614K, capacity 656K, committed 768K, reserved 1048576K
Event: 12,503 GC heap after
Heap after GC invocations=16 (full 2):
 PSYoungGen      total 482816K, used 67044K [0x000000076ab00000, 0x0000000791680000, 0x00000007c0000000)
  eden space 415744K, 0% used [0x000000076ab00000,0x000000076ab00000,0x0000000784100000)
  from space 67072K, 99% used [0x0000000789c80000,0x000000078ddf9080,0x000000078de00000)
  to   space 93696K, 0% used [0x0000000784100000,0x0000000784100000,0x0000000789c80000)
 ParOldGen       total 224768K, used 211290K [0x00000006c0000000, 0x00000006cdb80000, 0x000000076ab00000)
  object space 224768K, 94% used [0x00000006c0000000,0x00000006cce569f8,0x00000006cdb80000)
 Metaspace       used 6570K, capacity 7320K, committed 7680K, reserved 1056768K
  class space    used 614K, capacity 656K, committed 768K, reserved 1048576K
}
Event: 12,503 GC heap before
{Heap before GC invocations=17 (full 3):
 PSYoungGen      total 482816K, used 67044K [0x000000076ab00000, 0x0000000791680000, 0x00000007c0000000)
  eden space 415744K, 0% used [0x000000076ab00000,0x000000076ab00000,0x0000000784100000)
  from space 67072K, 99% used [0x0000000789c80000,0x000000078ddf9080,0x000000078de00000)
  to   space 93696K, 0% used [0x0000000784100000,0x0000000784100000,0x0000000789c80000)
 ParOldGen       total 224768K, used 211290K [0x00000006c0000000, 0x00000006cdb80000, 0x000000076ab00000)
  object space 224768K, 94% used [0x00000006c0000000,0x00000006cce569f8,0x00000006cdb80000)
 Metaspace       used 6570K, capacity 7320K, committed 7680K, reserved 1056768K
  class space    used 614K, capacity 656K, committed 768K, reserved 1048576K

