# JRE version: Java(TM) SE Runtime Environment (8.0_66-b17) (build 1.8.0_66-b17)
# Java VM: Java HotSpot(TM) 64-Bit Server VM (25.66-b17 mixed mode linux-amd64 compressed oops)
Heap:
 PSYoungGen      total 477184K, used 117247K [0x000000076ab00000, 0x0000000791700000, 0x00000007c0000000)
  eden space 359936K, 0% used [0x000000076ab00000,0x000000076ab00000,0x0000000780a80000)
  from space 117248K, 99% used [0x0000000780a80000,0x0000000787cfff18,0x0000000787d00000)
  to   space 90112K, 0% used [0x0000000787d00000,0x0000000787d00000,0x000000078d500000)
 ParOldGen       total 239616K, used 191413K [0x00000006c0000000, 0x00000006cea00000, 0x000000076ab00000)
  object space 239616K, 79% used [0x00000006c0000000,0x00000006cbaed678,0x00000006cea00000)
 Metaspace       used 6901K, capacity 7608K, committed 7936K, reserved 1056768K
  class space    used 633K, capacity 688K, committed 768K, reserved 1048576K
GC Heap History (10 events):
Event: 5,969 GC heap after
Heap after GC invocations=10 (full 1):
 PSYoungGen      total 366592K, used 39422K [0x000000076ab00000, 0x0000000785880000, 0x00000007c0000000)
  eden space 327168K, 0% used [0x000000076ab00000,0x000000076ab00000,0x000000077ea80000)
  from space 39424K, 99% used [0x0000000780c00000,0x000000078327f940,0x0000000783280000)
  to   space 38912K, 0% used [0x0000000783280000,0x0000000783280000,0x0000000785880000)
 ParOldGen       total 121856K, used 86317K [0x00000006c0000000, 0x00000006c7700000, 0x000000076ab00000)
  object space 121856K, 70% used [0x00000006c0000000,0x00000006c544b410,0x00000006c7700000)
 Metaspace       used 6510K, capacity 7256K, committed 7424K, reserved 1056768K
  class space    used 615K, capacity 656K, committed 768K, reserved 1048576K
}
Event: 7,171 GC heap before
{Heap before GC invocations=11 (full 1):
 PSYoungGen      total 366592K, used 366590K [0x000000076ab00000, 0x0000000785880000, 0x00000007c0000000)
  eden space 327168K, 100% used [0x000000076ab00000,0x000000077ea80000,0x000000077ea80000)
  from space 39424K, 99% used [0x0000000780c00000,0x000000078327f940,0x0000000783280000)
  to   space 38912K, 0% used [0x0000000783280000,0x0000000783280000,0x0000000785880000)
 ParOldGen       total 121856K, used 86317K [0x00000006c0000000, 0x00000006c7700000, 0x000000076ab00000)
  object space 121856K, 70% used [0x00000006c0000000,0x00000006c544b410,0x00000006c7700000)
 Metaspace       used 6515K, capacity 7256K, committed 7424K, reserved 1056768K
  class space    used 615K, capacity 656K, committed 768K, reserved 1048576K
Event: 7,328 GC heap after
Heap after GC invocations=11 (full 1):
 PSYoungGen      total 362496K, used 38906K [0x000000076ab00000, 0x000000078d880000, 0x00000007c0000000)
  eden space 323584K, 0% used [0x000000076ab00000,0x000000076ab00000,0x000000077e700000)
  from space 38912K, 99% used [0x0000000783280000,0x000000078587e960,0x0000000785880000)
  to   space 77312K, 0% used [0x000000077e700000,0x000000077e700000,0x0000000783280000)
 ParOldGen       total 135680K, used 135283K [0x00000006c0000000, 0x00000006c8480000, 0x000000076ab00000)
  object space 135680K, 99% used [0x00000006c0000000,0x00000006c841cf90,0x00000006c8480000)
 Metaspace       used 6515K, capacity 7256K, committed 7424K, reserved 1056768K
  class space    used 615K, capacity 656K, committed 768K, reserved 1048576K
}
Event: 7,328 GC heap before
{Heap before GC invocations=12 (full 2):
 PSYoungGen      total 362496K, used 38906K [0x000000076ab00000, 0x000000078d880000, 0x00000007c0000000)
  eden space 323584K, 0% used [0x000000076ab00000,0x000000076ab00000,0x000000077e700000)
  from space 38912K, 99% used [0x0000000783280000,0x000000078587e960,0x0000000785880000)
  to   space 77312K, 0% used [0x000000077e700000,0x000000077e700000,0x0000000783280000)
 ParOldGen       total 135680K, used 135283K [0x00000006c0000000, 0x00000006c8480000, 0x000000076ab00000)
  object space 135680K, 99% used [0x00000006c0000000,0x00000006c841cf90,0x00000006c8480000)
 Metaspace       used 6515K, capacity 7256K, committed 7424K, reserved 1056768K
  class space    used 615K, capacity 656K, committed 768K, reserved 1048576K
Event: 8,228 GC heap after
Heap after GC invocations=12 (full 2):
 PSYoungGen      total 362496K, used 32587K [0x000000076ab00000, 0x000000078d880000, 0x00000007c0000000)
  eden space 323584K, 0% used [0x000000076ab00000,0x000000076ab00000,0x000000077e700000)
  from space 38912K, 83% used [0x0000000783280000,0x0000000785252ef0,0x0000000785880000)
  to   space 77312K, 0% used [0x000000077e700000,0x000000077e700000,0x0000000783280000)
 ParOldGen       total 239616K, used 135447K [0x00000006c0000000, 0x00000006cea00000, 0x000000076ab00000)
  object space 239616K, 56% used [0x00000006c0000000,0x00000006c8445c78,0x00000006cea00000)
 Metaspace       used 6515K, capacity 7256K, committed 7424K, reserved 1056768K
  class space    used 615K, capacity 656K, committed 768K, reserved 1048576K
}
Event: 9,379 GC heap before
{Heap before GC invocations=13 (full 2):
 PSYoungGen      total 362496K, used 356171K [0x000000076ab00000, 0x000000078d880000, 0x00000007c0000000)
  eden space 323584K, 100% used [0x000000076ab00000,0x000000077e700000,0x000000077e700000)
  from space 38912K, 83% used [0x0000000783280000,0x0000000785252ef0,0x0000000785880000)
  to   space 77312K, 0% used [0x000000077e700000,0x000000077e700000,0x0000000783280000)
 ParOldGen       total 239616K, used 135447K [0x00000006c0000000, 0x00000006cea00000, 0x000000076ab00000)
  object space 239616K, 56% used [0x00000006c0000000,0x00000006c8445c78,0x00000006cea00000)
 Metaspace       used 6534K, capacity 7320K, committed 7680K, reserved 1056768K
  class space    used 615K, capacity 656K, committed 768K, reserved 1048576K
Event: 9,517 GC heap after
Heap after GC invocations=13 (full 2):
 PSYoungGen      total 400896K, used 75121K [0x000000076ab00000, 0x000000078d500000, 0x00000007c0000000)
  eden space 323584K, 0% used [0x000000076ab00000,0x000000076ab00000,0x000000077e700000)
  from space 77312K, 97% used [0x000000077e700000,0x000000078305c5d8,0x0000000783280000)
  to   space 90112K, 0% used [0x0000000787d00000,0x0000000787d00000,0x000000078d500000)
 ParOldGen       total 239616K, used 141785K [0x00000006c0000000, 0x00000006cea00000, 0x000000076ab00000)
  object space 239616K, 59% used [0x00000006c0000000,0x00000006c8a76568,0x00000006cea00000)
 Metaspace       used 6534K, capacity 7320K, committed 7680K, reserved 1056768K
  class space    used 615K, capacity 656K, committed 768K, reserved 1048576K
}
Event: 10,836 GC heap before
{Heap before GC invocations=14 (full 2):
 PSYoungGen      total 400896K, used 398705K [0x000000076ab00000, 0x000000078d500000, 0x00000007c0000000)
  eden space 323584K, 100% used [0x000000076ab00000,0x000000077e700000,0x000000077e700000)
  from space 77312K, 97% used [0x000000077e700000,0x000000078305c5d8,0x0000000783280000)
  to   space 90112K, 0% used [0x0000000787d00000,0x0000000787d00000,0x000000078d500000)
 ParOldGen       total 239616K, used 141785K [0x00000006c0000000, 0x00000006cea00000, 0x000000076ab00000)
  object space 239616K, 59% used [0x00000006c0000000,0x00000006c8a76568,0x00000006cea00000)
 Metaspace       used 6550K, capacity 7320K, committed 7680K, reserved 1056768K
  class space    used 615K, capacity 656K, committed 768K, reserved 1048576K
Event: 11,120 GC heap after
Heap after GC invocations=14 (full 2):
 PSYoungGen      total 450048K, used 90104K [0x000000076ab00000, 0x0000000791700000, 0x00000007c0000000)
  eden space 359936K, 0% used [0x000000076ab00000,0x000000076ab00000,0x0000000780a80000)
  from space 90112K, 99% used [0x0000000787d00000,0x000000078d4fe178,0x000000078d500000)
  to   space 117248K, 0% used [0x0000000780a80000,0x0000000780a80000,0x0000000787d00000)
 ParOldGen       total 239616K, used 172867K [0x00000006c0000000, 0x00000006cea00000, 0x000000076ab00000)
  object space 239616K, 72% used [0x00000006c0000000,0x00000006ca8d0d80,0x00000006cea00000)
 Metaspace       used 6550K, capacity 7320K, committed 7680K, reserved 1056768K
  class space    used 615K, capacity 656K, committed 768K, reserved 1048576K
}
Event: 13,933 GC heap before
{Heap before GC invocations=15 (full 2):
 PSYoungGen      total 450048K, used 450040K [0x000000076ab00000, 0x0000000791700000, 0x00000007c0000000)
  eden space 359936K, 100% used [0x000000076ab00000,0x0000000780a80000,0x0000000780a80000)
  from space 90112K, 99% used [0x0000000787d00000,0x000000078d4fe178,0x000000078d500000)
  to   space 117248K, 0% used [0x0000000780a80000,0x0000000780a80000,0x0000000787d00000)
 ParOldGen       total 239616K, used 172867K [0x00000006c0000000, 0x00000006cea00000, 0x000000076ab00000)
  object space 239616K, 72% used [0x00000006c0000000,0x00000006ca8d0d80,0x00000006cea00000)
 Metaspace       used 6901K, capacity 7608K, committed 7936K, reserved 1056768K
  class space    used 633K, capacity 688K, committed 768K, reserved 1048576K

