# JRE version: Java(TM) SE Runtime Environment (8.0_66-b17) (build 1.8.0_66-b17)
# Java VM: Java HotSpot(TM) 64-Bit Server VM (25.66-b17 mixed mode linux-amd64 compressed oops)
Heap:
 PSYoungGen      total 446976K, used 35290K [0x000000076ab00000, 0x0000000790500000, 0x00000007c0000000)
  eden space 375296K, 0% used [0x000000076ab00000,0x000000076ab00000,0x0000000781980000)
  from space 71680K, 49% used [0x0000000781980000,0x0000000783bf68a8,0x0000000785f80000)
  to   space 79360K, 0% used [0x000000078b780000,0x000000078b780000,0x0000000790500000)
 ParOldGen       total 200192K, used 199847K [0x00000006c0000000, 0x00000006cc380000, 0x000000076ab00000)
  object space 200192K, 99% used [0x00000006c0000000,0x00000006cc329f68,0x00000006cc380000)
 Metaspace       used 6553K, capacity 7320K, committed 7680K, reserved 1056768K
  class space    used 614K, capacity 656K, committed 768K, reserved 1048576K
GC Heap History (10 events):
Event: 5,343 GC heap after
Heap after GC invocations=9 (full 1):
 PSYoungGen      total 318464K, used 25313K [0x000000076ab00000, 0x0000000785a80000, 0x00000007c0000000)
  eden space 292864K, 0% used [0x000000076ab00000,0x000000076ab00000,0x000000077c900000)
  from space 25600K, 98% used [0x0000000784180000,0x0000000785a38790,0x0000000785a80000)
  to   space 40448K, 0% used [0x0000000780b80000,0x0000000780b80000,0x0000000783300000)
 ParOldGen       total 117248K, used 62629K [0x00000006c0000000, 0x00000006c7280000, 0x000000076ab00000)
  object space 117248K, 53% used [0x00000006c0000000,0x00000006c3d297a8,0x00000006c7280000)
 Metaspace       used 6458K, capacity 7256K, committed 7424K, reserved 1056768K
  class space    used 614K, capacity 656K, committed 768K, reserved 1048576K
}
Event: 6,751 GC heap before
{Heap before GC invocations=10 (full 1):
 PSYoungGen      total 318464K, used 318177K [0x000000076ab00000, 0x0000000785a80000, 0x00000007c0000000)
  eden space 292864K, 100% used [0x000000076ab00000,0x000000077c900000,0x000000077c900000)
  from space 25600K, 98% used [0x0000000784180000,0x0000000785a38790,0x0000000785a80000)
  to   space 40448K, 0% used [0x0000000780b80000,0x0000000780b80000,0x0000000783300000)
 ParOldGen       total 117248K, used 62629K [0x00000006c0000000, 0x00000006c7280000, 0x000000076ab00000)
  object space 117248K, 53% used [0x00000006c0000000,0x00000006c3d297a8,0x00000006c7280000)
 Metaspace       used 6520K, capacity 7320K, committed 7680K, reserved 1056768K
  class space    used 614K, capacity 656K, committed 768K, reserved 1048576K
Event: 6,895 GC heap after
Heap after GC invocations=10 (full 1):
 PSYoungGen      total 401408K, used 40433K [0x000000076ab00000, 0x0000000789980000, 0x00000007c0000000)
  eden space 360960K, 0% used [0x000000076ab00000,0x000000076ab00000,0x0000000780b80000)
  from space 40448K, 99% used [0x0000000780b80000,0x00000007832fc4b8,0x0000000783300000)
  to   space 59392K, 0% used [0x0000000785f80000,0x0000000785f80000,0x0000000789980000)
 ParOldGen       total 117248K, used 91325K [0x00000006c0000000, 0x00000006c7280000, 0x000000076ab00000)
  object space 117248K, 77% used [0x00000006c0000000,0x00000006c592f480,0x00000006c7280000)
 Metaspace       used 6520K, capacity 7320K, committed 7680K, reserved 1056768K
  class space    used 614K, capacity 656K, committed 768K, reserved 1048576K
}
Event: 6,895 GC heap before
{Heap before GC invocations=11 (full 2):
 PSYoungGen      total 401408K, used 40433K [0x000000076ab00000, 0x0000000789980000, 0x00000007c0000000)
  eden space 360960K, 0% used [0x000000076ab00000,0x000000076ab00000,0x0000000780b80000)
  from space 40448K, 99% used [0x0000000780b80000,0x00000007832fc4b8,0x0000000783300000)
  to   space 59392K, 0% used [0x0000000785f80000,0x0000000785f80000,0x0000000789980000)
 ParOldGen       total 117248K, used 91325K [0x00000006c0000000, 0x00000006c7280000, 0x000000076ab00000)
  object space 117248K, 77% used [0x00000006c0000000,0x00000006c592f480,0x00000006c7280000)
 Metaspace       used 6520K, capacity 7320K, committed 7680K, reserved 1056768K
  class space    used 614K, capacity 656K, committed 768K, reserved 1048576K
Event: 7,696 GC heap after
Heap after GC invocations=11 (full 2):
 PSYoungGen      total 401408K, used 10700K [0x000000076ab00000, 0x0000000789980000, 0x00000007c0000000)
  eden space 360960K, 0% used [0x000000076ab00000,0x000000076ab00000,0x0000000780b80000)
  from space 40448K, 26% used [0x0000000780b80000,0x00000007815f33f0,0x0000000783300000)
  to   space 59392K, 0% used [0x0000000785f80000,0x0000000785f80000,0x0000000789980000)
 ParOldGen       total 200192K, used 117171K [0x00000006c0000000, 0x00000006cc380000, 0x000000076ab00000)
  object space 200192K, 58% used [0x00000006c0000000,0x00000006c726cfb8,0x00000006cc380000)
 Metaspace       used 6520K, capacity 7320K, committed 7680K, reserved 1056768K
  class space    used 614K, capacity 656K, committed 768K, reserved 1048576K
}
Event: 9,203 GC heap before
{Heap before GC invocations=12 (full 2):
 PSYoungGen      total 401408K, used 371660K [0x000000076ab00000, 0x0000000789980000, 0x00000007c0000000)
  eden space 360960K, 100% used [0x000000076ab00000,0x0000000780b80000,0x0000000780b80000)
  from space 40448K, 26% used [0x0000000780b80000,0x00000007815f33f0,0x0000000783300000)
  to   space 59392K, 0% used [0x0000000785f80000,0x0000000785f80000,0x0000000789980000)
 ParOldGen       total 200192K, used 117171K [0x00000006c0000000, 0x00000006cc380000, 0x000000076ab00000)
  object space 200192K, 58% used [0x00000006c0000000,0x00000006c726cfb8,0x00000006cc380000)
 Metaspace       used 6529K, capacity 7320K, committed 7680K, reserved 1056768K
  class space    used 614K, capacity 656K, committed 768K, reserved 1048576K
Event: 9,373 GC heap after
Heap after GC invocations=12 (full 2):
 PSYoungGen      total 434688K, used 59385K [0x000000076ab00000, 0x000000078e400000, 0x00000007c0000000)
  eden space 375296K, 0% used [0x000000076ab00000,0x000000076ab00000,0x0000000781980000)
  from space 59392K, 99% used [0x0000000785f80000,0x000000078997e428,0x0000000789980000)
  to   space 71680K, 0% used [0x0000000781980000,0x0000000781980000,0x0000000785f80000)
 ParOldGen       total 200192K, used 123289K [0x00000006c0000000, 0x00000006cc380000, 0x000000076ab00000)
  object space 200192K, 61% used [0x00000006c0000000,0x00000006c7866618,0x00000006cc380000)
 Metaspace       used 6529K, capacity 7320K, committed 7680K, reserved 1056768K
  class space    used 614K, capacity 656K, committed 768K, reserved 1048576K
}
Event: 10,844 GC heap before
{Heap before GC invocations=13 (full 2):
 PSYoungGen      total 434688K, used 434681K [0x000000076ab00000, 0x000000078e400000, 0x00000007c0000000)
  eden space 375296K, 100% used [0x000000076ab00000,0x0000000781980000,0x0000000781980000)
  from space 59392K, 99% used [0x0000000785f80000,0x000000078997e428,0x0000000789980000)
  to   space 71680K, 0% used [0x0000000781980000,0x0000000781980000,0x0000000785f80000)
 ParOldGen       total 200192K, used 123289K [0x00000006c0000000, 0x00000006cc380000, 0x000000076ab00000)
  object space 200192K, 61% used [0x00000006c0000000,0x00000006c7866618,0x00000006cc380000)
 Metaspace       used 6553K, capacity 7320K, committed 7680K, reserved 1056768K
  class space    used 614K, capacity 656K, committed 768K, reserved 1048576K
Event: 11,019 GC heap after
Heap after GC invocations=13 (full 2):
 PSYoungGen      total 446976K, used 58610K [0x000000076ab00000, 0x0000000790500000, 0x00000007c0000000)
  eden space 375296K, 0% used [0x000000076ab00000,0x000000076ab00000,0x0000000781980000)
  from space 71680K, 81% used [0x0000000781980000,0x00000007852bc808,0x0000000785f80000)
  to   space 79360K, 0% used [0x000000078b780000,0x000000078b780000,0x0000000790500000)
 ParOldGen       total 200192K, used 181129K [0x00000006c0000000, 0x00000006cc380000, 0x000000076ab00000)
  object space 200192K, 90% used [0x00000006c0000000,0x00000006cb0e2498,0x00000006cc380000)
 Metaspace       used 6553K, capacity 7320K, committed 7680K, reserved 1056768K
  class space    used 614K, capacity 656K, committed 768K, reserved 1048576K
}
Event: 11,019 GC heap before
{Heap before GC invocations=14 (full 3):
 PSYoungGen      total 446976K, used 58610K [0x000000076ab00000, 0x0000000790500000, 0x00000007c0000000)
  eden space 375296K, 0% used [0x000000076ab00000,0x000000076ab00000,0x0000000781980000)
  from space 71680K, 81% used [0x0000000781980000,0x00000007852bc808,0x0000000785f80000)
  to   space 79360K, 0% used [0x000000078b780000,0x000000078b780000,0x0000000790500000)
 ParOldGen       total 200192K, used 181129K [0x00000006c0000000, 0x00000006cc380000, 0x000000076ab00000)
  object space 200192K, 90% used [0x00000006c0000000,0x00000006cb0e2498,0x00000006cc380000)
 Metaspace       used 6553K, capacity 7320K, committed 7680K, reserved 1056768K
  class space    used 614K, capacity 656K, committed 768K, reserved 1048576K

