# JRE version: Java(TM) SE Runtime Environment (8.0_66-b17) (build 1.8.0_66-b17)
# Java VM: Java HotSpot(TM) 64-Bit Server VM (25.66-b17 mixed mode linux-amd64 compressed oops)
Heap:
 PSYoungGen      total 547840K, used 42151K [0x000000076ab00000, 0x000000079a300000, 0x00000007c0000000)
  eden space 456192K, 0% used [0x000000076ab00000,0x000000076ab00000,0x0000000786880000)
  from space 91648K, 45% used [0x0000000786880000,0x00000007891a9e28,0x000000078c200000)
  to   space 100864K, 0% used [0x0000000794080000,0x0000000794080000,0x000000079a300000)
 ParOldGen       total 211456K, used 210959K [0x00000006c0000000, 0x00000006cce80000, 0x000000076ab00000)
  object space 211456K, 99% used [0x00000006c0000000,0x00000006cce03fb0,0x00000006cce80000)
 Metaspace       used 6570K, capacity 7320K, committed 7680K, reserved 1056768K
  class space    used 615K, capacity 656K, committed 768K, reserved 1048576K
GC Heap History (10 events):
Event: 5,604 GC heap after
Heap after GC invocations=9 (full 1):
 PSYoungGen      total 403456K, used 17324K [0x000000076ab00000, 0x0000000787800000, 0x00000007c0000000)
  eden space 365568K, 0% used [0x000000076ab00000,0x000000076ab00000,0x0000000781000000)
  from space 37888K, 45% used [0x0000000783f00000,0x0000000784feb1c8,0x0000000786400000)
  to   space 48128K, 0% used [0x0000000781000000,0x0000000781000000,0x0000000783f00000)
 ParOldGen       total 116736K, used 62893K [0x00000006c0000000, 0x00000006c7200000, 0x000000076ab00000)
  object space 116736K, 53% used [0x00000006c0000000,0x00000006c3d6b788,0x00000006c7200000)
 Metaspace       used 6467K, capacity 7256K, committed 7424K, reserved 1056768K
  class space    used 615K, capacity 656K, committed 768K, reserved 1048576K
}
Event: 7,593 GC heap before
{Heap before GC invocations=10 (full 1):
 PSYoungGen      total 403456K, used 382892K [0x000000076ab00000, 0x0000000787800000, 0x00000007c0000000)
  eden space 365568K, 100% used [0x000000076ab00000,0x0000000781000000,0x0000000781000000)
  from space 37888K, 45% used [0x0000000783f00000,0x0000000784feb1c8,0x0000000786400000)
  to   space 48128K, 0% used [0x0000000781000000,0x0000000781000000,0x0000000783f00000)
 ParOldGen       total 116736K, used 62893K [0x00000006c0000000, 0x00000006c7200000, 0x000000076ab00000)
  object space 116736K, 53% used [0x00000006c0000000,0x00000006c3d6b788,0x00000006c7200000)
 Metaspace       used 6535K, capacity 7320K, committed 7680K, reserved 1056768K
  class space    used 615K, capacity 656K, committed 768K, reserved 1048576K
Event: 7,926 GC heap after
Heap after GC invocations=10 (full 1):
 PSYoungGen      total 413696K, used 48123K [0x000000076ab00000, 0x0000000790400000, 0x00000007c0000000)
  eden space 365568K, 0% used [0x000000076ab00000,0x000000076ab00000,0x0000000781000000)
  from space 48128K, 99% used [0x0000000781000000,0x0000000783efece8,0x0000000783f00000)
  to   space 67584K, 0% used [0x000000078c200000,0x000000078c200000,0x0000000790400000)
 ParOldGen       total 116736K, used 88169K [0x00000006c0000000, 0x00000006c7200000, 0x000000076ab00000)
  object space 116736K, 75% used [0x00000006c0000000,0x00000006c561a698,0x00000006c7200000)
 Metaspace       used 6535K, capacity 7320K, committed 7680K, reserved 1056768K
  class space    used 615K, capacity 656K, committed 768K, reserved 1048576K
}
Event: 9,268 GC heap before
{Heap before GC invocations=11 (full 1):
 PSYoungGen      total 413696K, used 413691K [0x000000076ab00000, 0x0000000790400000, 0x00000007c0000000)
  eden space 365568K, 100% used [0x000000076ab00000,0x0000000781000000,0x0000000781000000)
  from space 48128K, 99% used [0x0000000781000000,0x0000000783efece8,0x0000000783f00000)
  to   space 67584K, 0% used [0x000000078c200000,0x000000078c200000,0x0000000790400000)
 ParOldGen       total 116736K, used 88169K [0x00000006c0000000, 0x00000006c7200000, 0x000000076ab00000)
  object space 116736K, 75% used [0x00000006c0000000,0x00000006c561a698,0x00000006c7200000)
 Metaspace       used 6546K, capacity 7320K, committed 7680K, reserved 1056768K
  class space    used 615K, capacity 656K, committed 768K, reserved 1048576K
Event: 9,564 GC heap after
Heap after GC invocations=11 (full 1):
 PSYoungGen      total 523776K, used 67557K [0x000000076ab00000, 0x0000000793b00000, 0x00000007c0000000)
  eden space 456192K, 0% used [0x000000076ab00000,0x000000076ab00000,0x0000000786880000)
  from space 67584K, 99% used [0x000000078c200000,0x00000007903f97b0,0x0000000790400000)
  to   space 91648K, 0% used [0x0000000786880000,0x0000000786880000,0x000000078c200000)
 ParOldGen       total 122368K, used 122294K [0x00000006c0000000, 0x00000006c7780000, 0x000000076ab00000)
  object space 122368K, 99% used [0x00000006c0000000,0x00000006c776d9d0,0x00000006c7780000)
 Metaspace       used 6546K, capacity 7320K, committed 7680K, reserved 1056768K
  class space    used 615K, capacity 656K, committed 768K, reserved 1048576K
}
Event: 9,564 GC heap before
{Heap before GC invocations=12 (full 2):
 PSYoungGen      total 523776K, used 67557K [0x000000076ab00000, 0x0000000793b00000, 0x00000007c0000000)
  eden space 456192K, 0% used [0x000000076ab00000,0x000000076ab00000,0x0000000786880000)
  from space 67584K, 99% used [0x000000078c200000,0x00000007903f97b0,0x0000000790400000)
  to   space 91648K, 0% used [0x0000000786880000,0x0000000786880000,0x000000078c200000)
 ParOldGen       total 122368K, used 122294K [0x00000006c0000000, 0x00000006c7780000, 0x000000076ab00000)
  object space 122368K, 99% used [0x00000006c0000000,0x00000006c776d9d0,0x00000006c7780000)
 Metaspace       used 6546K, capacity 7320K, committed 7680K, reserved 1056768K
  class space    used 615K, capacity 656K, committed 768K, reserved 1048576K
Event: 10,876 GC heap after
Heap after GC invocations=12 (full 2):
 PSYoungGen      total 523776K, used 62233K [0x000000076ab00000, 0x0000000793b00000, 0x00000007c0000000)
  eden space 456192K, 0% used [0x000000076ab00000,0x000000076ab00000,0x0000000786880000)
  from space 67584K, 92% used [0x000000078c200000,0x000000078fec6480,0x0000000790400000)
  to   space 91648K, 0% used [0x0000000786880000,0x0000000786880000,0x000000078c200000)
 ParOldGen       total 211456K, used 122023K [0x00000006c0000000, 0x00000006cce80000, 0x000000076ab00000)
  object space 211456K, 57% used [0x00000006c0000000,0x00000006c7729ef8,0x00000006cce80000)
 Metaspace       used 6546K, capacity 7320K, committed 7680K, reserved 1056768K
  class space    used 615K, capacity 656K, committed 768K, reserved 1048576K
}
Event: 14,591 GC heap before
{Heap before GC invocations=13 (full 2):
 PSYoungGen      total 523776K, used 518425K [0x000000076ab00000, 0x0000000793b00000, 0x00000007c0000000)
  eden space 456192K, 100% used [0x000000076ab00000,0x0000000786880000,0x0000000786880000)
  from space 67584K, 92% used [0x000000078c200000,0x000000078fec6480,0x0000000790400000)
  to   space 91648K, 0% used [0x0000000786880000,0x0000000786880000,0x000000078c200000)
 ParOldGen       total 211456K, used 122274K [0x00000006c0000000, 0x00000006cce80000, 0x000000076ab00000)
  object space 211456K, 57% used [0x00000006c0000000,0x00000006c77689b0,0x00000006cce80000)
 Metaspace       used 6570K, capacity 7320K, committed 7680K, reserved 1056768K
  class space    used 615K, capacity 656K, committed 768K, reserved 1048576K
Event: 15,574 GC heap after
Heap after GC invocations=13 (full 2):
 PSYoungGen      total 547840K, used 71796K [0x000000076ab00000, 0x000000079a300000, 0x00000007c0000000)
  eden space 456192K, 0% used [0x000000076ab00000,0x000000076ab00000,0x0000000786880000)
  from space 91648K, 78% used [0x0000000786880000,0x000000078ae9d2d8,0x000000078c200000)
  to   space 100864K, 0% used [0x0000000794080000,0x0000000794080000,0x000000079a300000)
 ParOldGen       total 211456K, used 185037K [0x00000006c0000000, 0x00000006cce80000, 0x000000076ab00000)
  object space 211456K, 87% used [0x00000006c0000000,0x00000006cb4b3790,0x00000006cce80000)
 Metaspace       used 6570K, capacity 7320K, committed 7680K, reserved 1056768K
  class space    used 615K, capacity 656K, committed 768K, reserved 1048576K
}
Event: 15,574 GC heap before
{Heap before GC invocations=14 (full 3):
 PSYoungGen      total 547840K, used 71796K [0x000000076ab00000, 0x000000079a300000, 0x00000007c0000000)
  eden space 456192K, 0% used [0x000000076ab00000,0x000000076ab00000,0x0000000786880000)
  from space 91648K, 78% used [0x0000000786880000,0x000000078ae9d2d8,0x000000078c200000)
  to   space 100864K, 0% used [0x0000000794080000,0x0000000794080000,0x000000079a300000)
 ParOldGen       total 211456K, used 185037K [0x00000006c0000000, 0x00000006cce80000, 0x000000076ab00000)
  object space 211456K, 87% used [0x00000006c0000000,0x00000006cb4b3790,0x00000006cce80000)
 Metaspace       used 6570K, capacity 7320K, committed 7680K, reserved 1056768K
  class space    used 615K, capacity 656K, committed 768K, reserved 1048576K

