# JRE version: Java(TM) SE Runtime Environment (8.0_66-b17) (build 1.8.0_66-b17)
# Java VM: Java HotSpot(TM) 64-Bit Server VM (25.66-b17 mixed mode linux-amd64 compressed oops)
Heap:
 PSYoungGen      total 107520K, used 12282K [0x000000076ab00000, 0x0000000772100000, 0x00000007c0000000)
  eden space 95232K, 0% used [0x000000076ab00000,0x000000076ab00000,0x0000000770800000)
  from space 12288K, 99% used [0x0000000770800000,0x00000007713fe8e8,0x0000000771400000)
  to   space 11264K, 0% used [0x0000000771400000,0x0000000771400000,0x0000000771f00000)
 ParOldGen       total 62976K, used 31169K [0x00000006c0000000, 0x00000006c3d80000, 0x000000076ab00000)
  object space 62976K, 49% used [0x00000006c0000000,0x00000006c1e70638,0x00000006c3d80000)
 Metaspace       used 6206K, capacity 7128K, committed 7424K, reserved 1056768K
  class space    used 613K, capacity 656K, committed 768K, reserved 1048576K
GC Heap History (10 events):
Event: 4,630 GC heap after
Heap after GC invocations=2 (full 0):
 PSYoungGen      total 27648K, used 3572K [0x000000076ab00000, 0x000000076e100000, 0x00000007c0000000)
  eden space 24064K, 0% used [0x000000076ab00000,0x000000076ab00000,0x000000076c280000)
  from space 3584K, 99% used [0x000000076c600000,0x000000076c97d128,0x000000076c980000)
  to   space 3584K, 0% used [0x000000076c280000,0x000000076c280000,0x000000076c600000)
 ParOldGen       total 62976K, used 4869K [0x00000006c0000000, 0x00000006c3d80000, 0x000000076ab00000)
  object space 62976K, 7% used [0x00000006c0000000,0x00000006c04c1718,0x00000006c3d80000)
 Metaspace       used 5832K, capacity 6832K, committed 7040K, reserved 1056768K
  class space    used 592K, capacity 616K, committed 640K, reserved 1048576K
}
Event: 5,407 GC heap before
{Heap before GC invocations=3 (full 0):
 PSYoungGen      total 27648K, used 27636K [0x000000076ab00000, 0x000000076e100000, 0x00000007c0000000)
  eden space 24064K, 100% used [0x000000076ab00000,0x000000076c280000,0x000000076c280000)
  from space 3584K, 99% used [0x000000076c600000,0x000000076c97d128,0x000000076c980000)
  to   space 3584K, 0% used [0x000000076c280000,0x000000076c280000,0x000000076c600000)
 ParOldGen       total 62976K, used 4869K [0x00000006c0000000, 0x00000006c3d80000, 0x000000076ab00000)
  object space 62976K, 7% used [0x00000006c0000000,0x00000006c04c1718,0x00000006c3d80000)
 Metaspace       used 5858K, capacity 6832K, committed 7040K, reserved 1056768K
  class space    used 592K, capacity 616K, committed 640K, reserved 1048576K
Event: 5,470 GC heap after
Heap after GC invocations=3 (full 0):
 PSYoungGen      total 27648K, used 3556K [0x000000076ab00000, 0x000000076e100000, 0x00000007c0000000)
  eden space 24064K, 0% used [0x000000076ab00000,0x000000076ab00000,0x000000076c280000)
  from space 3584K, 99% used [0x000000076c280000,0x000000076c5f9158,0x000000076c600000)
  to   space 3584K, 0% used [0x000000076dd80000,0x000000076dd80000,0x000000076e100000)
 ParOldGen       total 62976K, used 8013K [0x00000006c0000000, 0x00000006c3d80000, 0x000000076ab00000)
  object space 62976K, 12% used [0x00000006c0000000,0x00000006c07d37f8,0x00000006c3d80000)
 Metaspace       used 5858K, capacity 6832K, committed 7040K, reserved 1056768K
  class space    used 592K, capacity 616K, committed 640K, reserved 1048576K
}
Event: 5,941 GC heap before
{Heap before GC invocations=4 (full 0):
 PSYoungGen      total 27648K, used 27620K [0x000000076ab00000, 0x000000076e100000, 0x00000007c0000000)
  eden space 24064K, 100% used [0x000000076ab00000,0x000000076c280000,0x000000076c280000)
  from space 3584K, 99% used [0x000000076c280000,0x000000076c5f9158,0x000000076c600000)
  to   space 3584K, 0% used [0x000000076dd80000,0x000000076dd80000,0x000000076e100000)
 ParOldGen       total 62976K, used 8013K [0x00000006c0000000, 0x00000006c3d80000, 0x000000076ab00000)
  object space 62976K, 12% used [0x00000006c0000000,0x00000006c07d37f8,0x00000006c3d80000)
 Metaspace       used 5892K, capacity 6896K, committed 7040K, reserved 1056768K
  class space    used 593K, capacity 616K, committed 640K, reserved 1048576K
Event: 6,002 GC heap after
Heap after GC invocations=4 (full 0):
 PSYoungGen      total 51712K, used 3574K [0x000000076ab00000, 0x000000076e100000, 0x00000007c0000000)
  eden space 48128K, 0% used [0x000000076ab00000,0x000000076ab00000,0x000000076da00000)
  from space 3584K, 99% used [0x000000076dd80000,0x000000076e0fd968,0x000000076e100000)
  to   space 3584K, 0% used [0x000000076da00000,0x000000076da00000,0x000000076dd80000)
 ParOldGen       total 62976K, used 11743K [0x00000006c0000000, 0x00000006c3d80000, 0x000000076ab00000)
  object space 62976K, 18% used [0x00000006c0000000,0x00000006c0b77f40,0x00000006c3d80000)
 Metaspace       used 5892K, capacity 6896K, committed 7040K, reserved 1056768K
  class space    used 593K, capacity 616K, committed 640K, reserved 1048576K
}
Event: 7,064 GC heap before
{Heap before GC invocations=5 (full 0):
 PSYoungGen      total 51712K, used 51702K [0x000000076ab00000, 0x000000076e100000, 0x00000007c0000000)
  eden space 48128K, 100% used [0x000000076ab00000,0x000000076da00000,0x000000076da00000)
  from space 3584K, 99% used [0x000000076dd80000,0x000000076e0fd968,0x000000076e100000)
  to   space 3584K, 0% used [0x000000076da00000,0x000000076da00000,0x000000076dd80000)
 ParOldGen       total 62976K, used 11743K [0x00000006c0000000, 0x00000006c3d80000, 0x000000076ab00000)
  object space 62976K, 18% used [0x00000006c0000000,0x00000006c0b77f40,0x00000006c3d80000)
 Metaspace       used 6039K, capacity 7000K, committed 7168K, reserved 1056768K
  class space    used 613K, capacity 656K, committed 768K, reserved 1048576K
Event: 7,162 GC heap after
Heap after GC invocations=5 (full 0):
 PSYoungGen      total 51712K, used 3578K [0x000000076ab00000, 0x0000000771f00000, 0x00000007c0000000)
  eden space 48128K, 0% used [0x000000076ab00000,0x000000076ab00000,0x000000076da00000)
  from space 3584K, 99% used [0x000000076da00000,0x000000076dd7ebf8,0x000000076dd80000)
  to   space 11264K, 0% used [0x0000000771400000,0x0000000771400000,0x0000000771f00000)
 ParOldGen       total 62976K, used 19196K [0x00000006c0000000, 0x00000006c3d80000, 0x000000076ab00000)
  object space 62976K, 30% used [0x00000006c0000000,0x00000006c12bf098,0x00000006c3d80000)
 Metaspace       used 6039K, capacity 7000K, committed 7168K, reserved 1056768K
  class space    used 613K, capacity 656K, committed 768K, reserved 1048576K
}
Event: 8,066 GC heap before
{Heap before GC invocations=6 (full 0):
 PSYoungGen      total 51712K, used 51706K [0x000000076ab00000, 0x0000000771f00000, 0x00000007c0000000)
  eden space 48128K, 100% used [0x000000076ab00000,0x000000076da00000,0x000000076da00000)
  from space 3584K, 99% used [0x000000076da00000,0x000000076dd7ebf8,0x000000076dd80000)
  to   space 11264K, 0% used [0x0000000771400000,0x0000000771400000,0x0000000771f00000)
 ParOldGen       total 62976K, used 19196K [0x00000006c0000000, 0x00000006c3d80000, 0x000000076ab00000)
  object space 62976K, 30% used [0x00000006c0000000,0x00000006c12bf098,0x00000006c3d80000)
 Metaspace       used 6112K, capacity 7064K, committed 7424K, reserved 1056768K
  class space    used 613K, capacity 656K, committed 768K, reserved 1048576K
Event: 8,171 GC heap after
Heap after GC invocations=6 (full 0):
 PSYoungGen      total 106496K, used 10395K [0x000000076ab00000, 0x0000000772100000, 0x00000007c0000000)
  eden space 95232K, 0% used [0x000000076ab00000,0x000000076ab00000,0x0000000770800000)
  from space 11264K, 92% used [0x0000000771400000,0x0000000771e26c40,0x0000000771f00000)
  to   space 12288K, 0% used [0x0000000770800000,0x0000000770800000,0x0000000771400000)
 ParOldGen       total 62976K, used 19196K [0x00000006c0000000, 0x00000006c3d80000, 0x000000076ab00000)
  object space 62976K, 30% used [0x00000006c0000000,0x00000006c12bf098,0x00000006c3d80000)
 Metaspace       used 6112K, capacity 7064K, committed 7424K, reserved 1056768K
  class space    used 613K, capacity 656K, committed 768K, reserved 1048576K
}
Event: 9,721 GC heap before
{Heap before GC invocations=7 (full 0):
 PSYoungGen      total 106496K, used 105627K [0x000000076ab00000, 0x0000000772100000, 0x00000007c0000000)
  eden space 95232K, 100% used [0x000000076ab00000,0x0000000770800000,0x0000000770800000)
  from space 11264K, 92% used [0x0000000771400000,0x0000000771e26c40,0x0000000771f00000)
  to   space 12288K, 0% used [0x0000000770800000,0x0000000770800000,0x0000000771400000)
 ParOldGen       total 62976K, used 19196K [0x00000006c0000000, 0x00000006c3d80000, 0x000000076ab00000)
  object space 62976K, 30% used [0x00000006c0000000,0x00000006c12bf098,0x00000006c3d80000)
 Metaspace       used 6206K, capacity 7128K, committed 7424K, reserved 1056768K
  class space    used 613K, capacity 656K, committed 768K, reserved 1048576K

