# JRE version: Java(TM) SE Runtime Environment (8.0_66-b17) (build 1.8.0_66-b17)
# Java VM: Java HotSpot(TM) 64-Bit Server VM (25.66-b17 mixed mode linux-amd64 compressed oops)
Heap:
 PSYoungGen      total 418304K, used 8308K [0x000000076ab00000, 0x000000078d280000, 0x00000007c0000000)
  eden space 344064K, 0% used [0x000000076ab00000,0x000000076ab00000,0x000000077fb00000)
  from space 74240K, 11% used [0x000000077fb00000,0x000000078031d2a0,0x0000000784380000)
  to   space 79360K, 0% used [0x0000000788500000,0x0000000788500000,0x000000078d280000)
 ParOldGen       total 214016K, used 213894K [0x00000006c0000000, 0x00000006cd100000, 0x000000076ab00000)
  object space 214016K, 99% used [0x00000006c0000000,0x00000006cd0e1b18,0x00000006cd100000)
 Metaspace       used 6545K, capacity 7320K, committed 7680K, reserved 1056768K
  class space    used 614K, capacity 656K, committed 768K, reserved 1048576K
GC Heap History (10 events):
Event: 5,919 GC heap after
Heap after GC invocations=11 (full 1):
 PSYoungGen      total 330240K, used 26946K [0x000000076ab00000, 0x0000000782580000, 0x00000007c0000000)
  eden space 288256K, 0% used [0x000000076ab00000,0x000000076ab00000,0x000000077c480000)
  from space 41984K, 64% used [0x000000077f280000,0x0000000780cd09c0,0x0000000781b80000)
  to   space 47104K, 0% used [0x000000077c480000,0x000000077c480000,0x000000077f280000)
 ParOldGen       total 117760K, used 62904K [0x00000006c0000000, 0x00000006c7300000, 0x000000076ab00000)
  object space 117760K, 53% used [0x00000006c0000000,0x00000006c3d6e380,0x00000006c7300000)
 Metaspace       used 6480K, capacity 7256K, committed 7424K, reserved 1056768K
  class space    used 614K, capacity 656K, committed 768K, reserved 1048576K
}
Event: 7,658 GC heap before
{Heap before GC invocations=12 (full 1):
 PSYoungGen      total 330240K, used 315202K [0x000000076ab00000, 0x0000000782580000, 0x00000007c0000000)
  eden space 288256K, 100% used [0x000000076ab00000,0x000000077c480000,0x000000077c480000)
  from space 41984K, 64% used [0x000000077f280000,0x0000000780cd09c0,0x0000000781b80000)
  to   space 47104K, 0% used [0x000000077c480000,0x000000077c480000,0x000000077f280000)
 ParOldGen       total 117760K, used 62904K [0x00000006c0000000, 0x00000006c7300000, 0x000000076ab00000)
  object space 117760K, 53% used [0x00000006c0000000,0x00000006c3d6e380,0x00000006c7300000)
 Metaspace       used 6526K, capacity 7320K, committed 7680K, reserved 1056768K
  class space    used 614K, capacity 656K, committed 768K, reserved 1048576K
Event: 7,817 GC heap after
Heap after GC invocations=12 (full 1):
 PSYoungGen      total 335360K, used 43487K [0x000000076ab00000, 0x0000000787800000, 0x00000007c0000000)
  eden space 288256K, 0% used [0x000000076ab00000,0x000000076ab00000,0x000000077c480000)
  from space 47104K, 92% used [0x000000077c480000,0x000000077eef7da0,0x000000077f280000)
  to   space 53760K, 0% used [0x0000000784380000,0x0000000784380000,0x0000000787800000)
 ParOldGen       total 117760K, used 88976K [0x00000006c0000000, 0x00000006c7300000, 0x000000076ab00000)
  object space 117760K, 75% used [0x00000006c0000000,0x00000006c56e43d0,0x00000006c7300000)
 Metaspace       used 6526K, capacity 7320K, committed 7680K, reserved 1056768K
  class space    used 614K, capacity 656K, committed 768K, reserved 1048576K
}
Event: 8,912 GC heap before
{Heap before GC invocations=13 (full 1):
 PSYoungGen      total 335360K, used 331743K [0x000000076ab00000, 0x0000000787800000, 0x00000007c0000000)
  eden space 288256K, 100% used [0x000000076ab00000,0x000000077c480000,0x000000077c480000)
  from space 47104K, 92% used [0x000000077c480000,0x000000077eef7da0,0x000000077f280000)
  to   space 53760K, 0% used [0x0000000784380000,0x0000000784380000,0x0000000787800000)
 ParOldGen       total 117760K, used 88976K [0x00000006c0000000, 0x00000006c7300000, 0x000000076ab00000)
  object space 117760K, 75% used [0x00000006c0000000,0x00000006c56e43d0,0x00000006c7300000)
 Metaspace       used 6533K, capacity 7320K, committed 7680K, reserved 1056768K
  class space    used 614K, capacity 656K, committed 768K, reserved 1048576K
Event: 9,069 GC heap after
Heap after GC invocations=13 (full 1):
 PSYoungGen      total 397824K, used 53730K [0x000000076ab00000, 0x000000078a500000, 0x00000007c0000000)
  eden space 344064K, 0% used [0x000000076ab00000,0x000000076ab00000,0x000000077fb00000)
  from space 53760K, 99% used [0x0000000784380000,0x00000007877f8908,0x0000000787800000)
  to   space 74240K, 0% used [0x000000077fb00000,0x000000077fb00000,0x0000000784380000)
 ParOldGen       total 120320K, used 118995K [0x00000006c0000000, 0x00000006c7580000, 0x000000076ab00000)
  object space 120320K, 98% used [0x00000006c0000000,0x00000006c7434db0,0x00000006c7580000)
 Metaspace       used 6533K, capacity 7320K, committed 7680K, reserved 1056768K
  class space    used 614K, capacity 656K, committed 768K, reserved 1048576K
}
Event: 9,069 GC heap before
{Heap before GC invocations=14 (full 2):
 PSYoungGen      total 397824K, used 53730K [0x000000076ab00000, 0x000000078a500000, 0x00000007c0000000)
  eden space 344064K, 0% used [0x000000076ab00000,0x000000076ab00000,0x000000077fb00000)
  from space 53760K, 99% used [0x0000000784380000,0x00000007877f8908,0x0000000787800000)
  to   space 74240K, 0% used [0x000000077fb00000,0x000000077fb00000,0x0000000784380000)
 ParOldGen       total 120320K, used 118995K [0x00000006c0000000, 0x00000006c7580000, 0x000000076ab00000)
  object space 120320K, 98% used [0x00000006c0000000,0x00000006c7434db0,0x00000006c7580000)
 Metaspace       used 6533K, capacity 7320K, committed 7680K, reserved 1056768K
  class space    used 614K, capacity 656K, committed 768K, reserved 1048576K
Event: 10,576 GC heap after
Heap after GC invocations=14 (full 2):
 PSYoungGen      total 397824K, used 50986K [0x000000076ab00000, 0x000000078a500000, 0x00000007c0000000)
  eden space 344064K, 0% used [0x000000076ab00000,0x000000076ab00000,0x000000077fb00000)
  from space 53760K, 94% used [0x0000000784380000,0x000000078754aa78,0x0000000787800000)
  to   space 74240K, 0% used [0x000000077fb00000,0x000000077fb00000,0x0000000784380000)
 ParOldGen       total 214016K, used 119903K [0x00000006c0000000, 0x00000006cd100000, 0x000000076ab00000)
  object space 214016K, 56% used [0x00000006c0000000,0x00000006c7517ca8,0x00000006cd100000)
 Metaspace       used 6533K, capacity 7320K, committed 7680K, reserved 1056768K
  class space    used 614K, capacity 656K, committed 768K, reserved 1048576K
}
Event: 11,901 GC heap before
{Heap before GC invocations=15 (full 2):
 PSYoungGen      total 397824K, used 395050K [0x000000076ab00000, 0x000000078a500000, 0x00000007c0000000)
  eden space 344064K, 100% used [0x000000076ab00000,0x000000077fb00000,0x000000077fb00000)
  from space 53760K, 94% used [0x0000000784380000,0x000000078754aa78,0x0000000787800000)
  to   space 74240K, 0% used [0x000000077fb00000,0x000000077fb00000,0x0000000784380000)
 ParOldGen       total 214016K, used 119903K [0x00000006c0000000, 0x00000006cd100000, 0x000000076ab00000)
  object space 214016K, 56% used [0x00000006c0000000,0x00000006c7517ca8,0x00000006cd100000)
 Metaspace       used 6545K, capacity 7320K, committed 7680K, reserved 1056768K
  class space    used 614K, capacity 656K, committed 768K, reserved 1048576K
Event: 12,143 GC heap after
Heap after GC invocations=15 (full 2):
 PSYoungGen      total 418304K, used 53588K [0x000000076ab00000, 0x000000078d280000, 0x00000007c0000000)
  eden space 344064K, 0% used [0x000000076ab00000,0x000000076ab00000,0x000000077fb00000)
  from space 74240K, 72% used [0x000000077fb00000,0x0000000782f55298,0x0000000784380000)
  to   space 79360K, 0% used [0x0000000788500000,0x0000000788500000,0x000000078d280000)
 ParOldGen       total 214016K, used 171252K [0x00000006c0000000, 0x00000006cd100000, 0x000000076ab00000)
  object space 214016K, 80% used [0x00000006c0000000,0x00000006ca73d3e8,0x00000006cd100000)
 Metaspace       used 6545K, capacity 7320K, committed 7680K, reserved 1056768K
  class space    used 614K, capacity 656K, committed 768K, reserved 1048576K
}
Event: 12,143 GC heap before
{Heap before GC invocations=16 (full 3):
 PSYoungGen      total 418304K, used 53588K [0x000000076ab00000, 0x000000078d280000, 0x00000007c0000000)
  eden space 344064K, 0% used [0x000000076ab00000,0x000000076ab00000,0x000000077fb00000)
  from space 74240K, 72% used [0x000000077fb00000,0x0000000782f55298,0x0000000784380000)
  to   space 79360K, 0% used [0x0000000788500000,0x0000000788500000,0x000000078d280000)
 ParOldGen       total 214016K, used 171252K [0x00000006c0000000, 0x00000006cd100000, 0x000000076ab00000)
  object space 214016K, 80% used [0x00000006c0000000,0x00000006ca73d3e8,0x00000006cd100000)
 Metaspace       used 6545K, capacity 7320K, committed 7680K, reserved 1056768K
  class space    used 614K, capacity 656K, committed 768K, reserved 1048576K

