# JRE version: Java(TM) SE Runtime Environment (8.0_66-b17) (build 1.8.0_66-b17)
# Java VM: Java HotSpot(TM) 64-Bit Server VM (25.66-b17 mixed mode linux-amd64 compressed oops)
Heap:
 PSYoungGen      total 483840K, used 74699K [0x000000076ab00000, 0x000000078d400000, 0x00000007c0000000)
  eden space 401408K, 0% used [0x000000076ab00000,0x000000076ab00000,0x0000000783300000)
  from space 82432K, 90% used [0x0000000783300000,0x0000000787bf2d40,0x0000000788380000)
  to   space 64512K, 0% used [0x0000000789500000,0x0000000789500000,0x000000078d400000)
 ParOldGen       total 331264K, used 205903K [0x00000006c0000000, 0x00000006d4380000, 0x000000076ab00000)
  object space 331264K, 62% used [0x00000006c0000000,0x00000006cc913ef0,0x00000006d4380000)
 Metaspace       used 6978K, capacity 7672K, committed 7936K, reserved 1056768K
  class space    used 634K, capacity 688K, committed 768K, reserved 1048576K
GC Heap History (10 events):
Event: 10,353 GC heap after
Heap after GC invocations=13 (full 1):
 PSYoungGen      total 392704K, used 52711K [0x000000076ab00000, 0x000000078ad80000, 0x00000007c0000000)
  eden space 339968K, 0% used [0x000000076ab00000,0x000000076ab00000,0x000000077f700000)
  from space 52736K, 99% used [0x0000000783d80000,0x00000007870f9cf0,0x0000000787100000)
  to   space 72192K, 0% used [0x000000077f700000,0x000000077f700000,0x0000000783d80000)
 ParOldGen       total 117760K, used 115848K [0x00000006c0000000, 0x00000006c7300000, 0x000000076ab00000)
  object space 117760K, 98% used [0x00000006c0000000,0x00000006c71221b8,0x00000006c7300000)
 Metaspace       used 6527K, capacity 7320K, committed 7680K, reserved 1056768K
  class space    used 614K, capacity 656K, committed 768K, reserved 1048576K
}
Event: 10,353 GC heap before
{Heap before GC invocations=14 (full 2):
 PSYoungGen      total 392704K, used 52711K [0x000000076ab00000, 0x000000078ad80000, 0x00000007c0000000)
  eden space 339968K, 0% used [0x000000076ab00000,0x000000076ab00000,0x000000077f700000)
  from space 52736K, 99% used [0x0000000783d80000,0x00000007870f9cf0,0x0000000787100000)
  to   space 72192K, 0% used [0x000000077f700000,0x000000077f700000,0x0000000783d80000)
 ParOldGen       total 117760K, used 115848K [0x00000006c0000000, 0x00000006c7300000, 0x000000076ab00000)
  object space 117760K, 98% used [0x00000006c0000000,0x00000006c71221b8,0x00000006c7300000)
 Metaspace       used 6527K, capacity 7320K, committed 7680K, reserved 1056768K
  class space    used 614K, capacity 656K, committed 768K, reserved 1048576K
Event: 11,889 GC heap after
Heap after GC invocations=14 (full 2):
 PSYoungGen      total 392704K, used 48915K [0x000000076ab00000, 0x000000078ad80000, 0x00000007c0000000)
  eden space 339968K, 0% used [0x000000076ab00000,0x000000076ab00000,0x000000077f700000)
  from space 52736K, 92% used [0x0000000783d80000,0x0000000786d44f80,0x0000000787100000)
  to   space 72192K, 0% used [0x000000077f700000,0x000000077f700000,0x0000000783d80000)
 ParOldGen       total 206336K, used 117724K [0x00000006c0000000, 0x00000006cc980000, 0x000000076ab00000)
  object space 206336K, 57% used [0x00000006c0000000,0x00000006c72f73a8,0x00000006cc980000)
 Metaspace       used 6527K, capacity 7320K, committed 7680K, reserved 1056768K
  class space    used 614K, capacity 656K, committed 768K, reserved 1048576K
}
Event: 13,508 GC heap before
{Heap before GC invocations=15 (full 2):
 PSYoungGen      total 392704K, used 388883K [0x000000076ab00000, 0x000000078ad80000, 0x00000007c0000000)
  eden space 339968K, 100% used [0x000000076ab00000,0x000000077f700000,0x000000077f700000)
  from space 52736K, 92% used [0x0000000783d80000,0x0000000786d44f80,0x0000000787100000)
  to   space 72192K, 0% used [0x000000077f700000,0x000000077f700000,0x0000000783d80000)
 ParOldGen       total 206336K, used 117724K [0x00000006c0000000, 0x00000006cc980000, 0x000000076ab00000)
  object space 206336K, 57% used [0x00000006c0000000,0x00000006c72f73a8,0x00000006cc980000)
 Metaspace       used 6538K, capacity 7320K, committed 7680K, reserved 1056768K
  class space    used 614K, capacity 656K, committed 768K, reserved 1048576K
Event: 13,869 GC heap after
Heap after GC invocations=15 (full 2):
 PSYoungGen      total 412160K, used 50709K [0x000000076ab00000, 0x000000078e000000, 0x00000007c0000000)
  eden space 339968K, 0% used [0x000000076ab00000,0x000000076ab00000,0x000000077f700000)
  from space 72192K, 70% used [0x000000077f700000,0x0000000782885480,0x0000000783d80000)
  to   space 76800K, 0% used [0x0000000789500000,0x0000000789500000,0x000000078e000000)
 ParOldGen       total 206336K, used 166739K [0x00000006c0000000, 0x00000006cc980000, 0x000000076ab00000)
  object space 206336K, 80% used [0x00000006c0000000,0x00000006ca2d4ff8,0x00000006cc980000)
 Metaspace       used 6538K, capacity 7320K, committed 7680K, reserved 1056768K
  class space    used 614K, capacity 656K, committed 768K, reserved 1048576K
}
Event: 13,869 GC heap before
{Heap before GC invocations=16 (full 3):
 PSYoungGen      total 412160K, used 50709K [0x000000076ab00000, 0x000000078e000000, 0x00000007c0000000)
  eden space 339968K, 0% used [0x000000076ab00000,0x000000076ab00000,0x000000077f700000)
  from space 72192K, 70% used [0x000000077f700000,0x0000000782885480,0x0000000783d80000)
  to   space 76800K, 0% used [0x0000000789500000,0x0000000789500000,0x000000078e000000)
 ParOldGen       total 206336K, used 166739K [0x00000006c0000000, 0x00000006cc980000, 0x000000076ab00000)
  object space 206336K, 80% used [0x00000006c0000000,0x00000006ca2d4ff8,0x00000006cc980000)
 Metaspace       used 6538K, capacity 7320K, committed 7680K, reserved 1056768K
  class space    used 614K, capacity 656K, committed 768K, reserved 1048576K
Event: 15,492 GC heap after
Heap after GC invocations=16 (full 3):
 PSYoungGen      total 412160K, used 9007K [0x000000076ab00000, 0x000000078e000000, 0x00000007c0000000)
  eden space 339968K, 0% used [0x000000076ab00000,0x000000076ab00000,0x000000077f700000)
  from space 72192K, 12% used [0x000000077f700000,0x000000077ffcbe60,0x0000000783d80000)
  to   space 76800K, 0% used [0x0000000789500000,0x0000000789500000,0x000000078e000000)
 ParOldGen       total 331264K, used 205895K [0x00000006c0000000, 0x00000006d4380000, 0x000000076ab00000)
  object space 331264K, 62% used [0x00000006c0000000,0x00000006cc911ef0,0x00000006d4380000)
 Metaspace       used 6538K, capacity 7320K, committed 7680K, reserved 1056768K
  class space    used 614K, capacity 656K, committed 768K, reserved 1048576K
}
Event: 17,233 GC heap before
{Heap before GC invocations=17 (full 3):
 PSYoungGen      total 412160K, used 348975K [0x000000076ab00000, 0x000000078e000000, 0x00000007c0000000)
  eden space 339968K, 100% used [0x000000076ab00000,0x000000077f700000,0x000000077f700000)
  from space 72192K, 12% used [0x000000077f700000,0x000000077ffcbe60,0x0000000783d80000)
  to   space 76800K, 0% used [0x0000000789500000,0x0000000789500000,0x000000078e000000)
 ParOldGen       total 331264K, used 205895K [0x00000006c0000000, 0x00000006d4380000, 0x000000076ab00000)
  object space 331264K, 62% used [0x00000006c0000000,0x00000006cc911ef0,0x00000006d4380000)
 Metaspace       used 6551K, capacity 7320K, committed 7680K, reserved 1056768K
  class space    used 614K, capacity 656K, committed 768K, reserved 1048576K
Event: 17,471 GC heap after
Heap after GC invocations=17 (full 3):
 PSYoungGen      total 465920K, used 55928K [0x000000076ab00000, 0x000000078d400000, 0x00000007c0000000)
  eden space 401408K, 0% used [0x000000076ab00000,0x000000076ab00000,0x0000000783300000)
  from space 64512K, 86% used [0x0000000789500000,0x000000078cb9e090,0x000000078d400000)
  to   space 82432K, 0% used [0x0000000783300000,0x0000000783300000,0x0000000788380000)
 ParOldGen       total 331264K, used 205903K [0x00000006c0000000, 0x00000006d4380000, 0x000000076ab00000)
  object space 331264K, 62% used [0x00000006c0000000,0x00000006cc913ef0,0x00000006d4380000)
 Metaspace       used 6551K, capacity 7320K, committed 7680K, reserved 1056768K
  class space    used 614K, capacity 656K, committed 768K, reserved 1048576K
}
Event: 22,212 GC heap before
{Heap before GC invocations=18 (full 3):
 PSYoungGen      total 465920K, used 457336K [0x000000076ab00000, 0x000000078d400000, 0x00000007c0000000)
  eden space 401408K, 100% used [0x000000076ab00000,0x0000000783300000,0x0000000783300000)
  from space 64512K, 86% used [0x0000000789500000,0x000000078cb9e090,0x000000078d400000)
  to   space 82432K, 0% used [0x0000000783300000,0x0000000783300000,0x0000000788380000)
 ParOldGen       total 331264K, used 205903K [0x00000006c0000000, 0x00000006d4380000, 0x000000076ab00000)
  object space 331264K, 62% used [0x00000006c0000000,0x00000006cc913ef0,0x00000006d4380000)
 Metaspace       used 6978K, capacity 7672K, committed 7936K, reserved 1056768K
  class space    used 634K, capacity 688K, committed 768K, reserved 1048576K

