# JRE version: Java(TM) SE Runtime Environment (8.0_66-b17) (build 1.8.0_66-b17)
# Java VM: Java HotSpot(TM) 64-Bit Server VM (25.66-b17 mixed mode linux-amd64 compressed oops)
Heap:
 PSYoungGen      total 457216K, used 38159K [0x000000076ab00000, 0x0000000791880000, 0x00000007c0000000)
  eden space 386048K, 0% used [0x000000076ab00000,0x000000076ab00000,0x0000000782400000)
  from space 71168K, 53% used [0x0000000782400000,0x0000000784943fa8,0x0000000786980000)
  to   space 79360K, 0% used [0x000000078cb00000,0x000000078cb00000,0x0000000791880000)
 ParOldGen       total 198144K, used 197638K [0x00000006c0000000, 0x00000006cc180000, 0x000000076ab00000)
  object space 198144K, 99% used [0x00000006c0000000,0x00000006cc101b78,0x00000006cc180000)
 Metaspace       used 6550K, capacity 7320K, committed 7680K, reserved 1056768K
  class space    used 613K, capacity 656K, committed 768K, reserved 1048576K
GC Heap History (10 events):
Event: 5,846 GC heap after
Heap after GC invocations=9 (full 1):
 PSYoungGen      total 321536K, used 23926K [0x000000076ab00000, 0x0000000785880000, 0x00000007c0000000)
  eden space 297472K, 0% used [0x000000076ab00000,0x000000076ab00000,0x000000077cd80000)
  from space 24064K, 99% used [0x0000000784100000,0x000000078585d928,0x0000000785880000)
  to   space 39424K, 0% used [0x0000000780b80000,0x0000000780b80000,0x0000000783200000)
 ParOldGen       total 116736K, used 62570K [0x00000006c0000000, 0x00000006c7200000, 0x000000076ab00000)
  object space 116736K, 53% used [0x00000006c0000000,0x00000006c3d1a8a8,0x00000006c7200000)
 Metaspace       used 6479K, capacity 7256K, committed 7424K, reserved 1056768K
  class space    used 613K, capacity 656K, committed 768K, reserved 1048576K
}
Event: 7,225 GC heap before
{Heap before GC invocations=10 (full 1):
 PSYoungGen      total 321536K, used 321398K [0x000000076ab00000, 0x0000000785880000, 0x00000007c0000000)
  eden space 297472K, 100% used [0x000000076ab00000,0x000000077cd80000,0x000000077cd80000)
  from space 24064K, 99% used [0x0000000784100000,0x000000078585d928,0x0000000785880000)
  to   space 39424K, 0% used [0x0000000780b80000,0x0000000780b80000,0x0000000783200000)
 ParOldGen       total 116736K, used 62582K [0x00000006c0000000, 0x00000006c7200000, 0x000000076ab00000)
  object space 116736K, 53% used [0x00000006c0000000,0x00000006c3d1d938,0x00000006c7200000)
 Metaspace       used 6526K, capacity 7320K, committed 7680K, reserved 1056768K
  class space    used 613K, capacity 656K, committed 768K, reserved 1048576K
Event: 7,377 GC heap after
Heap after GC invocations=10 (full 1):
 PSYoungGen      total 400384K, used 39415K [0x000000076ab00000, 0x000000078a280000, 0x00000007c0000000)
  eden space 360960K, 0% used [0x000000076ab00000,0x000000076ab00000,0x0000000780b80000)
  from space 39424K, 99% used [0x0000000780b80000,0x00000007831fdea0,0x0000000783200000)
  to   space 58368K, 0% used [0x0000000786980000,0x0000000786980000,0x000000078a280000)
 ParOldGen       total 116736K, used 91538K [0x00000006c0000000, 0x00000006c7200000, 0x000000076ab00000)
  object space 116736K, 78% used [0x00000006c0000000,0x00000006c5964918,0x00000006c7200000)
 Metaspace       used 6526K, capacity 7320K, committed 7680K, reserved 1056768K
  class space    used 613K, capacity 656K, committed 768K, reserved 1048576K
}
Event: 7,377 GC heap before
{Heap before GC invocations=11 (full 2):
 PSYoungGen      total 400384K, used 39415K [0x000000076ab00000, 0x000000078a280000, 0x00000007c0000000)
  eden space 360960K, 0% used [0x000000076ab00000,0x000000076ab00000,0x0000000780b80000)
  from space 39424K, 99% used [0x0000000780b80000,0x00000007831fdea0,0x0000000783200000)
  to   space 58368K, 0% used [0x0000000786980000,0x0000000786980000,0x000000078a280000)
 ParOldGen       total 116736K, used 91538K [0x00000006c0000000, 0x00000006c7200000, 0x000000076ab00000)
  object space 116736K, 78% used [0x00000006c0000000,0x00000006c5964918,0x00000006c7200000)
 Metaspace       used 6526K, capacity 7320K, committed 7680K, reserved 1056768K
  class space    used 613K, capacity 656K, committed 768K, reserved 1048576K
Event: 8,085 GC heap after
Heap after GC invocations=11 (full 2):
 PSYoungGen      total 400384K, used 11204K [0x000000076ab00000, 0x000000078a280000, 0x00000007c0000000)
  eden space 360960K, 0% used [0x000000076ab00000,0x000000076ab00000,0x0000000780b80000)
  from space 39424K, 28% used [0x0000000780b80000,0x0000000781671188,0x0000000783200000)
  to   space 58368K, 0% used [0x0000000786980000,0x0000000786980000,0x000000078a280000)
 ParOldGen       total 198144K, used 116259K [0x00000006c0000000, 0x00000006cc180000, 0x000000076ab00000)
  object space 198144K, 58% used [0x00000006c0000000,0x00000006c7188fd8,0x00000006cc180000)
 Metaspace       used 6526K, capacity 7320K, committed 7680K, reserved 1056768K
  class space    used 613K, capacity 656K, committed 768K, reserved 1048576K
}
Event: 9,511 GC heap before
{Heap before GC invocations=12 (full 2):
 PSYoungGen      total 400384K, used 372164K [0x000000076ab00000, 0x000000078a280000, 0x00000007c0000000)
  eden space 360960K, 100% used [0x000000076ab00000,0x0000000780b80000,0x0000000780b80000)
  from space 39424K, 28% used [0x0000000780b80000,0x0000000781671188,0x0000000783200000)
  to   space 58368K, 0% used [0x0000000786980000,0x0000000786980000,0x000000078a280000)
 ParOldGen       total 198144K, used 116262K [0x00000006c0000000, 0x00000006cc180000, 0x000000076ab00000)
  object space 198144K, 58% used [0x00000006c0000000,0x00000006c71898c0,0x00000006cc180000)
 Metaspace       used 6537K, capacity 7320K, committed 7680K, reserved 1056768K
  class space    used 613K, capacity 656K, committed 768K, reserved 1048576K
Event: 9,701 GC heap after
Heap after GC invocations=12 (full 2):
 PSYoungGen      total 444416K, used 58362K [0x000000076ab00000, 0x000000078e800000, 0x00000007c0000000)
  eden space 386048K, 0% used [0x000000076ab00000,0x000000076ab00000,0x0000000782400000)
  from space 58368K, 99% used [0x0000000786980000,0x000000078a27ea70,0x000000078a280000)
  to   space 71168K, 0% used [0x0000000782400000,0x0000000782400000,0x0000000786980000)
 ParOldGen       total 198144K, used 123127K [0x00000006c0000000, 0x00000006cc180000, 0x000000076ab00000)
  object space 198144K, 62% used [0x00000006c0000000,0x00000006c783dca0,0x00000006cc180000)
 Metaspace       used 6537K, capacity 7320K, committed 7680K, reserved 1056768K
  class space    used 613K, capacity 656K, committed 768K, reserved 1048576K
}
Event: 11,491 GC heap before
{Heap before GC invocations=13 (full 2):
 PSYoungGen      total 444416K, used 444410K [0x000000076ab00000, 0x000000078e800000, 0x00000007c0000000)
  eden space 386048K, 100% used [0x000000076ab00000,0x0000000782400000,0x0000000782400000)
  from space 58368K, 99% used [0x0000000786980000,0x000000078a27ea70,0x000000078a280000)
  to   space 71168K, 0% used [0x0000000782400000,0x0000000782400000,0x0000000786980000)
 ParOldGen       total 198144K, used 123127K [0x00000006c0000000, 0x00000006cc180000, 0x000000076ab00000)
  object space 198144K, 62% used [0x00000006c0000000,0x00000006c783dca0,0x00000006cc180000)
 Metaspace       used 6550K, capacity 7320K, committed 7680K, reserved 1056768K
  class space    used 613K, capacity 656K, committed 768K, reserved 1048576K
Event: 11,732 GC heap after
Heap after GC invocations=13 (full 2):
 PSYoungGen      total 457216K, used 60477K [0x000000076ab00000, 0x0000000791880000, 0x00000007c0000000)
  eden space 386048K, 0% used [0x000000076ab00000,0x000000076ab00000,0x0000000782400000)
  from space 71168K, 84% used [0x0000000782400000,0x0000000785f0f510,0x0000000786980000)
  to   space 79360K, 0% used [0x000000078cb00000,0x000000078cb00000,0x0000000791880000)
 ParOldGen       total 198144K, used 181278K [0x00000006c0000000, 0x00000006cc180000, 0x000000076ab00000)
  object space 198144K, 91% used [0x00000006c0000000,0x00000006cb107a80,0x00000006cc180000)
 Metaspace       used 6550K, capacity 7320K, committed 7680K, reserved 1056768K
  class space    used 613K, capacity 656K, committed 768K, reserved 1048576K
}
Event: 11,732 GC heap before
{Heap before GC invocations=14 (full 3):
 PSYoungGen      total 457216K, used 60477K [0x000000076ab00000, 0x0000000791880000, 0x00000007c0000000)
  eden space 386048K, 0% used [0x000000076ab00000,0x000000076ab00000,0x0000000782400000)
  from space 71168K, 84% used [0x0000000782400000,0x0000000785f0f510,0x0000000786980000)
  to   space 79360K, 0% used [0x000000078cb00000,0x000000078cb00000,0x0000000791880000)
 ParOldGen       total 198144K, used 181278K [0x00000006c0000000, 0x00000006cc180000, 0x000000076ab00000)
  object space 198144K, 91% used [0x00000006c0000000,0x00000006cb107a80,0x00000006cc180000)
 Metaspace       used 6550K, capacity 7320K, committed 7680K, reserved 1056768K
  class space    used 613K, capacity 656K, committed 768K, reserved 1048576K

