# JRE version: Java(TM) SE Runtime Environment (8.0_66-b17) (build 1.8.0_66-b17)
# Java VM: Java HotSpot(TM) 64-Bit Server VM (25.66-b17 mixed mode linux-amd64 compressed oops)
Heap:
 PSYoungGen      total 505856K, used 53469K [0x000000076ab00000, 0x0000000793500000, 0x00000007c0000000)
  eden space 403968K, 0% used [0x000000076ab00000,0x000000076ab00000,0x0000000783580000)
  from space 101888K, 52% used [0x000000078a780000,0x000000078dbb7578,0x0000000790b00000)
  to   space 116736K, 0% used [0x0000000783580000,0x0000000783580000,0x000000078a780000)
 ParOldGen       total 215040K, used 214957K [0x00000006c0000000, 0x00000006cd200000, 0x000000076ab00000)
  object space 215040K, 99% used [0x00000006c0000000,0x00000006cd1eb668,0x00000006cd200000)
 Metaspace       used 6567K, capacity 7320K, committed 7680K, reserved 1056768K
  class space    used 614K, capacity 656K, committed 768K, reserved 1048576K
GC Heap History (10 events):
Event: 6,163 GC heap after
Heap after GC invocations=10 (full 1):
 PSYoungGen      total 397312K, used 39921K [0x000000076ab00000, 0x0000000787800000, 0x00000007c0000000)
  eden space 357376K, 0% used [0x000000076ab00000,0x000000076ab00000,0x0000000780800000)
  from space 39936K, 99% used [0x0000000780b80000,0x000000078327c650,0x0000000783280000)
  to   space 57344K, 0% used [0x0000000784000000,0x0000000784000000,0x0000000787800000)
 ParOldGen       total 120320K, used 87425K [0x00000006c0000000, 0x00000006c7580000, 0x000000076ab00000)
  object space 120320K, 72% used [0x00000006c0000000,0x00000006c55606a0,0x00000006c7580000)
 Metaspace       used 6520K, capacity 7320K, committed 7680K, reserved 1056768K
  class space    used 614K, capacity 656K, committed 768K, reserved 1048576K
}
Event: 7,670 GC heap before
{Heap before GC invocations=11 (full 1):
 PSYoungGen      total 397312K, used 397297K [0x000000076ab00000, 0x0000000787800000, 0x00000007c0000000)
  eden space 357376K, 100% used [0x000000076ab00000,0x0000000780800000,0x0000000780800000)
  from space 39936K, 99% used [0x0000000780b80000,0x000000078327c650,0x0000000783280000)
  to   space 57344K, 0% used [0x0000000784000000,0x0000000784000000,0x0000000787800000)
 ParOldGen       total 120320K, used 87425K [0x00000006c0000000, 0x00000006c7580000, 0x000000076ab00000)
  object space 120320K, 72% used [0x00000006c0000000,0x00000006c55606a0,0x00000006c7580000)
 Metaspace       used 6527K, capacity 7320K, committed 7680K, reserved 1056768K
  class space    used 614K, capacity 656K, committed 768K, reserved 1048576K
Event: 7,889 GC heap after
Heap after GC invocations=11 (full 1):
 PSYoungGen      total 392192K, used 57324K [0x000000076ab00000, 0x0000000790f80000, 0x00000007c0000000)
  eden space 334848K, 0% used [0x000000076ab00000,0x000000076ab00000,0x000000077f200000)
  from space 57344K, 99% used [0x0000000784000000,0x00000007877fb178,0x0000000787800000)
  to   space 79872K, 0% used [0x000000077f200000,0x000000077f200000,0x0000000784000000)
 ParOldGen       total 121856K, used 121417K [0x00000006c0000000, 0x00000006c7700000, 0x000000076ab00000)
  object space 121856K, 99% used [0x00000006c0000000,0x00000006c7692528,0x00000006c7700000)
 Metaspace       used 6527K, capacity 7320K, committed 7680K, reserved 1056768K
  class space    used 614K, capacity 656K, committed 768K, reserved 1048576K
}
Event: 7,889 GC heap before
{Heap before GC invocations=12 (full 2):
 PSYoungGen      total 392192K, used 57324K [0x000000076ab00000, 0x0000000790f80000, 0x00000007c0000000)
  eden space 334848K, 0% used [0x000000076ab00000,0x000000076ab00000,0x000000077f200000)
  from space 57344K, 99% used [0x0000000784000000,0x00000007877fb178,0x0000000787800000)
  to   space 79872K, 0% used [0x000000077f200000,0x000000077f200000,0x0000000784000000)
 ParOldGen       total 121856K, used 121417K [0x00000006c0000000, 0x00000006c7700000, 0x000000076ab00000)
  object space 121856K, 99% used [0x00000006c0000000,0x00000006c7692528,0x00000006c7700000)
 Metaspace       used 6527K, capacity 7320K, committed 7680K, reserved 1056768K
  class space    used 614K, capacity 656K, committed 768K, reserved 1048576K
Event: 8,792 GC heap after
Heap after GC invocations=12 (full 2):
 PSYoungGen      total 392192K, used 50923K [0x000000076ab00000, 0x0000000790f80000, 0x00000007c0000000)
  eden space 334848K, 0% used [0x000000076ab00000,0x000000076ab00000,0x000000077f200000)
  from space 57344K, 88% used [0x0000000784000000,0x00000007871badb8,0x0000000787800000)
  to   space 79872K, 0% used [0x000000077f200000,0x000000077f200000,0x0000000784000000)
 ParOldGen       total 215040K, used 121556K [0x00000006c0000000, 0x00000006cd200000, 0x000000076ab00000)
  object space 215040K, 56% used [0x00000006c0000000,0x00000006c76b5160,0x00000006cd200000)
 Metaspace       used 6527K, capacity 7320K, committed 7680K, reserved 1056768K
  class space    used 614K, capacity 656K, committed 768K, reserved 1048576K
}
Event: 10,086 GC heap before
{Heap before GC invocations=13 (full 2):
 PSYoungGen      total 392192K, used 385771K [0x000000076ab00000, 0x0000000790f80000, 0x00000007c0000000)
  eden space 334848K, 100% used [0x000000076ab00000,0x000000077f200000,0x000000077f200000)
  from space 57344K, 88% used [0x0000000784000000,0x00000007871badb8,0x0000000787800000)
  to   space 79872K, 0% used [0x000000077f200000,0x000000077f200000,0x0000000784000000)
 ParOldGen       total 215040K, used 121556K [0x00000006c0000000, 0x00000006cd200000, 0x000000076ab00000)
  object space 215040K, 56% used [0x00000006c0000000,0x00000006c76b5160,0x00000006cd200000)
 Metaspace       used 6541K, capacity 7320K, committed 7680K, reserved 1056768K
  class space    used 614K, capacity 656K, committed 768K, reserved 1048576K
Event: 10,317 GC heap after
Heap after GC invocations=13 (full 2):
 PSYoungGen      total 414720K, used 79857K [0x000000076ab00000, 0x0000000790b00000, 0x00000007c0000000)
  eden space 334848K, 0% used [0x000000076ab00000,0x000000076ab00000,0x000000077f200000)
  from space 79872K, 99% used [0x000000077f200000,0x0000000783ffc708,0x0000000784000000)
  to   space 101888K, 0% used [0x000000078a780000,0x000000078a780000,0x0000000790b00000)
 ParOldGen       total 215040K, used 143940K [0x00000006c0000000, 0x00000006cd200000, 0x000000076ab00000)
  object space 215040K, 66% used [0x00000006c0000000,0x00000006c8c911c0,0x00000006cd200000)
 Metaspace       used 6541K, capacity 7320K, committed 7680K, reserved 1056768K
  class space    used 614K, capacity 656K, committed 768K, reserved 1048576K
}
Event: 11,576 GC heap before
{Heap before GC invocations=14 (full 2):
 PSYoungGen      total 414720K, used 414705K [0x000000076ab00000, 0x0000000790b00000, 0x00000007c0000000)
  eden space 334848K, 100% used [0x000000076ab00000,0x000000077f200000,0x000000077f200000)
  from space 79872K, 99% used [0x000000077f200000,0x0000000783ffc708,0x0000000784000000)
  to   space 101888K, 0% used [0x000000078a780000,0x000000078a780000,0x0000000790b00000)
 ParOldGen       total 215040K, used 143940K [0x00000006c0000000, 0x00000006cd200000, 0x000000076ab00000)
  object space 215040K, 66% used [0x00000006c0000000,0x00000006c8c911c0,0x00000006cd200000)
 Metaspace       used 6567K, capacity 7320K, committed 7680K, reserved 1056768K
  class space    used 614K, capacity 656K, committed 768K, reserved 1048576K
Event: 11,952 GC heap after
Heap after GC invocations=14 (full 2):
 PSYoungGen      total 505856K, used 93263K [0x000000076ab00000, 0x0000000793500000, 0x00000007c0000000)
  eden space 403968K, 0% used [0x000000076ab00000,0x000000076ab00000,0x0000000783580000)
  from space 101888K, 91% used [0x000000078a780000,0x0000000790293ff8,0x0000000790b00000)
  to   space 116736K, 0% used [0x0000000783580000,0x0000000783580000,0x000000078a780000)
 ParOldGen       total 215040K, used 181073K [0x00000006c0000000, 0x00000006cd200000, 0x000000076ab00000)
  object space 215040K, 84% used [0x00000006c0000000,0x00000006cb0d45f0,0x00000006cd200000)
 Metaspace       used 6567K, capacity 7320K, committed 7680K, reserved 1056768K
  class space    used 614K, capacity 656K, committed 768K, reserved 1048576K
}
Event: 11,952 GC heap before
{Heap before GC invocations=15 (full 3):
 PSYoungGen      total 505856K, used 93263K [0x000000076ab00000, 0x0000000793500000, 0x00000007c0000000)
  eden space 403968K, 0% used [0x000000076ab00000,0x000000076ab00000,0x0000000783580000)
  from space 101888K, 91% used [0x000000078a780000,0x0000000790293ff8,0x0000000790b00000)
  to   space 116736K, 0% used [0x0000000783580000,0x0000000783580000,0x000000078a780000)
 ParOldGen       total 215040K, used 181073K [0x00000006c0000000, 0x00000006cd200000, 0x000000076ab00000)
  object space 215040K, 84% used [0x00000006c0000000,0x00000006cb0d45f0,0x00000006cd200000)
 Metaspace       used 6567K, capacity 7320K, committed 7680K, reserved 1056768K
  class space    used 614K, capacity 656K, committed 768K, reserved 1048576K

