# JRE version: Java(TM) SE Runtime Environment (8.0_66-b17) (build 1.8.0_66-b17)
# Java VM: Java HotSpot(TM) 64-Bit Server VM (25.66-b17 mixed mode linux-amd64 compressed oops)
Heap:
 PSYoungGen      total 417280K, used 10416K [0x000000076ab00000, 0x000000078d080000, 0x00000007c0000000)
  eden space 343040K, 0% used [0x000000076ab00000,0x000000076ab00000,0x000000077fa00000)
  from space 74240K, 14% used [0x000000077fa00000,0x000000078042c398,0x0000000784280000)
  to   space 79872K, 0% used [0x0000000788280000,0x0000000788280000,0x000000078d080000)
 ParOldGen       total 211968K, used 211729K [0x00000006c0000000, 0x00000006ccf00000, 0x000000076ab00000)
  object space 211968K, 99% used [0x00000006c0000000,0x00000006ccec44f0,0x00000006ccf00000)
 Metaspace       used 6525K, capacity 7320K, committed 7680K, reserved 1056768K
  class space    used 615K, capacity 656K, committed 768K, reserved 1048576K
GC Heap History (10 events):
Event: 5,429 GC heap after
Heap after GC invocations=11 (full 1):
 PSYoungGen      total 328704K, used 26409K [0x000000076ab00000, 0x0000000782500000, 0x00000007c0000000)
  eden space 287232K, 0% used [0x000000076ab00000,0x000000076ab00000,0x000000077c380000)
  from space 41472K, 63% used [0x000000077f180000,0x0000000780b4a550,0x0000000781a00000)
  to   space 47104K, 0% used [0x000000077c380000,0x000000077c380000,0x000000077f180000)
 ParOldGen       total 117760K, used 62909K [0x00000006c0000000, 0x00000006c7300000, 0x000000076ab00000)
  object space 117760K, 53% used [0x00000006c0000000,0x00000006c3d6f660,0x00000006c7300000)
 Metaspace       used 6471K, capacity 7256K, committed 7424K, reserved 1056768K
  class space    used 615K, capacity 656K, committed 768K, reserved 1048576K
}
Event: 6,842 GC heap before
{Heap before GC invocations=12 (full 1):
 PSYoungGen      total 328704K, used 313641K [0x000000076ab00000, 0x0000000782500000, 0x00000007c0000000)
  eden space 287232K, 100% used [0x000000076ab00000,0x000000077c380000,0x000000077c380000)
  from space 41472K, 63% used [0x000000077f180000,0x0000000780b4a550,0x0000000781a00000)
  to   space 47104K, 0% used [0x000000077c380000,0x000000077c380000,0x000000077f180000)
 ParOldGen       total 117760K, used 62909K [0x00000006c0000000, 0x00000006c7300000, 0x000000076ab00000)
  object space 117760K, 53% used [0x00000006c0000000,0x00000006c3d6f660,0x00000006c7300000)
 Metaspace       used 6507K, capacity 7256K, committed 7424K, reserved 1056768K
  class space    used 615K, capacity 656K, committed 768K, reserved 1048576K
Event: 7,009 GC heap after
Heap after GC invocations=12 (full 1):
 PSYoungGen      total 334336K, used 43583K [0x000000076ab00000, 0x0000000787700000, 0x00000007c0000000)
  eden space 287232K, 0% used [0x000000076ab00000,0x000000076ab00000,0x000000077c380000)
  from space 47104K, 92% used [0x000000077c380000,0x000000077ee0fda0,0x000000077f180000)
  to   space 53760K, 0% used [0x0000000784280000,0x0000000784280000,0x0000000787700000)
 ParOldGen       total 117760K, used 88675K [0x00000006c0000000, 0x00000006c7300000, 0x000000076ab00000)
  object space 117760K, 75% used [0x00000006c0000000,0x00000006c5698cf0,0x00000006c7300000)
 Metaspace       used 6507K, capacity 7256K, committed 7424K, reserved 1056768K
  class space    used 615K, capacity 656K, committed 768K, reserved 1048576K
}
Event: 8,143 GC heap before
{Heap before GC invocations=13 (full 1):
 PSYoungGen      total 334336K, used 330815K [0x000000076ab00000, 0x0000000787700000, 0x00000007c0000000)
  eden space 287232K, 100% used [0x000000076ab00000,0x000000077c380000,0x000000077c380000)
  from space 47104K, 92% used [0x000000077c380000,0x000000077ee0fda0,0x000000077f180000)
  to   space 53760K, 0% used [0x0000000784280000,0x0000000784280000,0x0000000787700000)
 ParOldGen       total 117760K, used 88675K [0x00000006c0000000, 0x00000006c7300000, 0x000000076ab00000)
  object space 117760K, 75% used [0x00000006c0000000,0x00000006c5698cf0,0x00000006c7300000)
 Metaspace       used 6514K, capacity 7256K, committed 7424K, reserved 1056768K
  class space    used 615K, capacity 656K, committed 768K, reserved 1048576K
Event: 8,320 GC heap after
Heap after GC invocations=13 (full 1):
 PSYoungGen      total 396800K, used 53734K [0x000000076ab00000, 0x000000078a280000, 0x00000007c0000000)
  eden space 343040K, 0% used [0x000000076ab00000,0x000000076ab00000,0x000000077fa00000)
  from space 53760K, 99% used [0x0000000784280000,0x00000007876f9910,0x0000000787700000)
  to   space 74240K, 0% used [0x000000077fa00000,0x000000077fa00000,0x0000000784280000)
 ParOldGen       total 118784K, used 118625K [0x00000006c0000000, 0x00000006c7400000, 0x000000076ab00000)
  object space 118784K, 99% used [0x00000006c0000000,0x00000006c73d87e0,0x00000006c7400000)
 Metaspace       used 6514K, capacity 7256K, committed 7424K, reserved 1056768K
  class space    used 615K, capacity 656K, committed 768K, reserved 1048576K
}
Event: 8,320 GC heap before
{Heap before GC invocations=14 (full 2):
 PSYoungGen      total 396800K, used 53734K [0x000000076ab00000, 0x000000078a280000, 0x00000007c0000000)
  eden space 343040K, 0% used [0x000000076ab00000,0x000000076ab00000,0x000000077fa00000)
  from space 53760K, 99% used [0x0000000784280000,0x00000007876f9910,0x0000000787700000)
  to   space 74240K, 0% used [0x000000077fa00000,0x000000077fa00000,0x0000000784280000)
 ParOldGen       total 118784K, used 118625K [0x00000006c0000000, 0x00000006c7400000, 0x000000076ab00000)
  object space 118784K, 99% used [0x00000006c0000000,0x00000006c73d87e0,0x00000006c7400000)
 Metaspace       used 6514K, capacity 7256K, committed 7424K, reserved 1056768K
  class space    used 615K, capacity 656K, committed 768K, reserved 1048576K
Event: 9,762 GC heap after
Heap after GC invocations=14 (full 2):
 PSYoungGen      total 396800K, used 51959K [0x000000076ab00000, 0x000000078a280000, 0x00000007c0000000)
  eden space 343040K, 0% used [0x000000076ab00000,0x000000076ab00000,0x000000077fa00000)
  from space 53760K, 96% used [0x0000000784280000,0x000000078753dd80,0x0000000787700000)
  to   space 74240K, 0% used [0x000000077fa00000,0x000000077fa00000,0x0000000784280000)
 ParOldGen       total 211968K, used 118719K [0x00000006c0000000, 0x00000006ccf00000, 0x000000076ab00000)
  object space 211968K, 56% used [0x00000006c0000000,0x00000006c73efe78,0x00000006ccf00000)
 Metaspace       used 6514K, capacity 7256K, committed 7424K, reserved 1056768K
  class space    used 615K, capacity 656K, committed 768K, reserved 1048576K
}
Event: 12,400 GC heap before
{Heap before GC invocations=15 (full 2):
 PSYoungGen      total 396800K, used 394999K [0x000000076ab00000, 0x000000078a280000, 0x00000007c0000000)
  eden space 343040K, 100% used [0x000000076ab00000,0x000000077fa00000,0x000000077fa00000)
  from space 53760K, 96% used [0x0000000784280000,0x000000078753dd80,0x0000000787700000)
  to   space 74240K, 0% used [0x000000077fa00000,0x000000077fa00000,0x0000000784280000)
 ParOldGen       total 211968K, used 118719K [0x00000006c0000000, 0x00000006ccf00000, 0x000000076ab00000)
  object space 211968K, 56% used [0x00000006c0000000,0x00000006c73efe78,0x00000006ccf00000)
 Metaspace       used 6525K, capacity 7320K, committed 7680K, reserved 1056768K
  class space    used 615K, capacity 656K, committed 768K, reserved 1048576K
Event: 12,609 GC heap after
Heap after GC invocations=15 (full 2):
 PSYoungGen      total 417280K, used 53666K [0x000000076ab00000, 0x000000078d080000, 0x00000007c0000000)
  eden space 343040K, 0% used [0x000000076ab00000,0x000000076ab00000,0x000000077fa00000)
  from space 74240K, 72% used [0x000000077fa00000,0x0000000782e689e0,0x0000000784280000)
  to   space 79872K, 0% used [0x0000000788280000,0x0000000788280000,0x000000078d080000)
 ParOldGen       total 211968K, used 170962K [0x00000006c0000000, 0x00000006ccf00000, 0x000000076ab00000)
  object space 211968K, 80% used [0x00000006c0000000,0x00000006ca6f4ac0,0x00000006ccf00000)
 Metaspace       used 6525K, capacity 7320K, committed 7680K, reserved 1056768K
  class space    used 615K, capacity 656K, committed 768K, reserved 1048576K
}
Event: 12,609 GC heap before
{Heap before GC invocations=16 (full 3):
 PSYoungGen      total 417280K, used 53666K [0x000000076ab00000, 0x000000078d080000, 0x00000007c0000000)
  eden space 343040K, 0% used [0x000000076ab00000,0x000000076ab00000,0x000000077fa00000)
  from space 74240K, 72% used [0x000000077fa00000,0x0000000782e689e0,0x0000000784280000)
  to   space 79872K, 0% used [0x0000000788280000,0x0000000788280000,0x000000078d080000)
 ParOldGen       total 211968K, used 170962K [0x00000006c0000000, 0x00000006ccf00000, 0x000000076ab00000)
  object space 211968K, 80% used [0x00000006c0000000,0x00000006ca6f4ac0,0x00000006ccf00000)
 Metaspace       used 6525K, capacity 7320K, committed 7680K, reserved 1056768K
  class space    used 615K, capacity 656K, committed 768K, reserved 1048576K

