# JRE version: Java(TM) SE Runtime Environment (8.0_66-b17) (build 1.8.0_66-b17)
# Java VM: Java HotSpot(TM) 64-Bit Server VM (25.66-b17 mixed mode linux-amd64 compressed oops)
Heap:
 PSYoungGen      total 352768K, used 31713K [0x000000076ab00000, 0x0000000785180000, 0x00000007c0000000)
  eden space 321024K, 0% used [0x000000076ab00000,0x000000076ab00000,0x000000077e480000)
  from space 31744K, 99% used [0x0000000783280000,0x0000000785178458,0x0000000785180000)
  to   space 39424K, 0% used [0x0000000780c00000,0x0000000780c00000,0x0000000783280000)
 ParOldGen       total 140800K, used 140406K [0x00000006c0000000, 0x00000006c8980000, 0x000000076ab00000)
  object space 140800K, 99% used [0x00000006c0000000,0x00000006c891d8c0,0x00000006c8980000)
 Metaspace       used 6531K, capacity 7320K, committed 7680K, reserved 1056768K
  class space    used 613K, capacity 656K, committed 768K, reserved 1048576K
GC Heap History (10 events):
Event: 2,893 GC heap after
Heap after GC invocations=6 (full 0):
 PSYoungGen      total 209408K, used 18294K [0x000000076ab00000, 0x0000000779600000, 0x00000007c0000000)
  eden space 188928K, 0% used [0x000000076ab00000,0x000000076ab00000,0x0000000776380000)
  from space 20480K, 89% used [0x0000000777b00000,0x0000000778cdd838,0x0000000778f00000)
  to   space 24064K, 0% used [0x0000000776380000,0x0000000776380000,0x0000000777b00000)
 ParOldGen       total 62976K, used 27129K [0x00000006c0000000, 0x00000006c3d80000, 0x000000076ab00000)
  object space 62976K, 43% used [0x00000006c0000000,0x00000006c1a7e420,0x00000006c3d80000)
 Metaspace       used 6276K, capacity 7192K, committed 7424K, reserved 1056768K
  class space    used 613K, capacity 656K, committed 768K, reserved 1048576K
}
Event: 3,783 GC heap before
{Heap before GC invocations=7 (full 0):
 PSYoungGen      total 209408K, used 207222K [0x000000076ab00000, 0x0000000779600000, 0x00000007c0000000)
  eden space 188928K, 100% used [0x000000076ab00000,0x0000000776380000,0x0000000776380000)
  from space 20480K, 89% used [0x0000000777b00000,0x0000000778cdd838,0x0000000778f00000)
  to   space 24064K, 0% used [0x0000000776380000,0x0000000776380000,0x0000000777b00000)
 ParOldGen       total 62976K, used 27129K [0x00000006c0000000, 0x00000006c3d80000, 0x000000076ab00000)
  object space 62976K, 43% used [0x00000006c0000000,0x00000006c1a7e420,0x00000006c3d80000)
 Metaspace       used 6392K, capacity 7256K, committed 7424K, reserved 1056768K
  class space    used 613K, capacity 656K, committed 768K, reserved 1048576K
Event: 3,861 GC heap after
Heap after GC invocations=7 (full 0):
 PSYoungGen      total 212992K, used 24057K [0x000000076ab00000, 0x0000000786600000, 0x00000007c0000000)
  eden space 188928K, 0% used [0x000000076ab00000,0x000000076ab00000,0x0000000776380000)
  from space 24064K, 99% used [0x0000000776380000,0x0000000777afe6b8,0x0000000777b00000)
  to   space 37888K, 0% used [0x0000000784100000,0x0000000784100000,0x0000000786600000)
 ParOldGen       total 62976K, used 44264K [0x00000006c0000000, 0x00000006c3d80000, 0x000000076ab00000)
  object space 62976K, 70% used [0x00000006c0000000,0x00000006c2b3a320,0x00000006c3d80000)
 Metaspace       used 6392K, capacity 7256K, committed 7424K, reserved 1056768K
  class space    used 613K, capacity 656K, committed 768K, reserved 1048576K
}
Event: 3,861 GC heap before
{Heap before GC invocations=8 (full 1):
 PSYoungGen      total 212992K, used 24057K [0x000000076ab00000, 0x0000000786600000, 0x00000007c0000000)
  eden space 188928K, 0% used [0x000000076ab00000,0x000000076ab00000,0x0000000776380000)
  from space 24064K, 99% used [0x0000000776380000,0x0000000777afe6b8,0x0000000777b00000)
  to   space 37888K, 0% used [0x0000000784100000,0x0000000784100000,0x0000000786600000)
 ParOldGen       total 62976K, used 44264K [0x00000006c0000000, 0x00000006c3d80000, 0x000000076ab00000)
  object space 62976K, 70% used [0x00000006c0000000,0x00000006c2b3a320,0x00000006c3d80000)
 Metaspace       used 6392K, capacity 7256K, committed 7424K, reserved 1056768K
  class space    used 613K, capacity 656K, committed 768K, reserved 1048576K
Event: 4,342 GC heap after
Heap after GC invocations=8 (full 1):
 PSYoungGen      total 212992K, used 2038K [0x000000076ab00000, 0x0000000786600000, 0x00000007c0000000)
  eden space 188928K, 0% used [0x000000076ab00000,0x000000076ab00000,0x0000000776380000)
  from space 24064K, 8% used [0x0000000776380000,0x000000077657d8b8,0x0000000777b00000)
  to   space 37888K, 0% used [0x0000000784100000,0x0000000784100000,0x0000000786600000)
 ParOldGen       total 121856K, used 62763K [0x00000006c0000000, 0x00000006c7700000, 0x000000076ab00000)
  object space 121856K, 51% used [0x00000006c0000000,0x00000006c3d4ace8,0x00000006c7700000)
 Metaspace       used 6392K, capacity 7256K, committed 7424K, reserved 1056768K
  class space    used 613K, capacity 656K, committed 768K, reserved 1048576K
}
Event: 4,961 GC heap before
{Heap before GC invocations=9 (full 1):
 PSYoungGen      total 212992K, used 190966K [0x000000076ab00000, 0x0000000786600000, 0x00000007c0000000)
  eden space 188928K, 100% used [0x000000076ab00000,0x0000000776380000,0x0000000776380000)
  from space 24064K, 8% used [0x0000000776380000,0x000000077657d8b8,0x0000000777b00000)
  to   space 37888K, 0% used [0x0000000784100000,0x0000000784100000,0x0000000786600000)
 ParOldGen       total 121856K, used 62763K [0x00000006c0000000, 0x00000006c7700000, 0x000000076ab00000)
  object space 121856K, 51% used [0x00000006c0000000,0x00000006c3d4ace8,0x00000006c7700000)
 Metaspace       used 6473K, capacity 7256K, committed 7424K, reserved 1056768K
  class space    used 613K, capacity 656K, committed 768K, reserved 1048576K
Event: 5,029 GC heap after
Heap after GC invocations=9 (full 1):
 PSYoungGen      total 283648K, used 24109K [0x000000076ab00000, 0x0000000785900000, 0x00000007c0000000)
  eden space 259072K, 0% used [0x000000076ab00000,0x000000076ab00000,0x000000077a800000)
  from space 24576K, 98% used [0x0000000784100000,0x000000078588b6f8,0x0000000785900000)
  to   space 39424K, 0% used [0x0000000780c00000,0x0000000780c00000,0x0000000783280000)
 ParOldGen       total 121856K, used 62771K [0x00000006c0000000, 0x00000006c7700000, 0x000000076ab00000)
  object space 121856K, 51% used [0x00000006c0000000,0x00000006c3d4cce8,0x00000006c7700000)
 Metaspace       used 6473K, capacity 7256K, committed 7424K, reserved 1056768K
  class space    used 613K, capacity 656K, committed 768K, reserved 1048576K
}
Event: 6,369 GC heap before
{Heap before GC invocations=10 (full 1):
 PSYoungGen      total 283648K, used 283181K [0x000000076ab00000, 0x0000000785900000, 0x00000007c0000000)
  eden space 259072K, 100% used [0x000000076ab00000,0x000000077a800000,0x000000077a800000)
  from space 24576K, 98% used [0x0000000784100000,0x000000078588b6f8,0x0000000785900000)
  to   space 39424K, 0% used [0x0000000780c00000,0x0000000780c00000,0x0000000783280000)
 ParOldGen       total 121856K, used 62771K [0x00000006c0000000, 0x00000006c7700000, 0x000000076ab00000)
  object space 121856K, 51% used [0x00000006c0000000,0x00000006c3d4cce8,0x00000006c7700000)
 Metaspace       used 6521K, capacity 7320K, committed 7680K, reserved 1056768K
  class space    used 613K, capacity 656K, committed 768K, reserved 1048576K
Event: 6,514 GC heap after
Heap after GC invocations=10 (full 1):
 PSYoungGen      total 360448K, used 39422K [0x000000076ab00000, 0x0000000785180000, 0x00000007c0000000)
  eden space 321024K, 0% used [0x000000076ab00000,0x000000076ab00000,0x000000077e480000)
  from space 39424K, 99% used [0x0000000780c00000,0x000000078327fb10,0x0000000783280000)
  to   space 31744K, 0% used [0x0000000783280000,0x0000000783280000,0x0000000785180000)
 ParOldGen       total 121856K, used 85686K [0x00000006c0000000, 0x00000006c7700000, 0x000000076ab00000)
  object space 121856K, 70% used [0x00000006c0000000,0x00000006c53adad0,0x00000006c7700000)
 Metaspace       used 6521K, capacity 7320K, committed 7680K, reserved 1056768K
  class space    used 613K, capacity 656K, committed 768K, reserved 1048576K
}
Event: 7,928 GC heap before
{Heap before GC invocations=11 (full 1):
 PSYoungGen      total 360448K, used 360446K [0x000000076ab00000, 0x0000000785180000, 0x00000007c0000000)
  eden space 321024K, 100% used [0x000000076ab00000,0x000000077e480000,0x000000077e480000)
  from space 39424K, 99% used [0x0000000780c00000,0x000000078327fb10,0x0000000783280000)
  to   space 31744K, 0% used [0x0000000783280000,0x0000000783280000,0x0000000785180000)
 ParOldGen       total 121856K, used 85686K [0x00000006c0000000, 0x00000006c7700000, 0x000000076ab00000)
  object space 121856K, 70% used [0x00000006c0000000,0x00000006c53adad0,0x00000006c7700000)
 Metaspace       used 6531K, capacity 7320K, committed 7680K, reserved 1056768K
  class space    used 613K, capacity 656K, committed 768K, reserved 1048576K

