# JRE version: Java(TM) SE Runtime Environment (8.0_66-b17) (build 1.8.0_66-b17)
# Java VM: Java HotSpot(TM) 64-Bit Server VM (25.66-b17 mixed mode linux-amd64 compressed oops)
Heap:
 PSYoungGen      total 534528K, used 36958K [0x000000076ab00000, 0x0000000798480000, 0x00000007c0000000)
  eden space 440832K, 0% used [0x000000076ab00000,0x000000076ab00000,0x0000000785980000)
  from space 93696K, 39% used [0x0000000785980000,0x0000000787d978c8,0x000000078b500000)
  to   space 102912K, 0% used [0x0000000792000000,0x0000000792000000,0x0000000798480000)
 ParOldGen       total 221184K, used 220960K [0x00000006c0000000, 0x00000006cd800000, 0x000000076ab00000)
  object space 221184K, 99% used [0x00000006c0000000,0x00000006cd7c8148,0x00000006cd800000)
 Metaspace       used 6597K, capacity 7320K, committed 7680K, reserved 1056768K
  class space    used 616K, capacity 656K, committed 768K, reserved 1048576K
GC Heap History (10 events):
Event: 4,657 GC heap after
Heap after GC invocations=9 (full 1):
 PSYoungGen      total 404992K, used 20231K [0x000000076ab00000, 0x0000000787b00000, 0x00000007c0000000)
  eden space 367104K, 0% used [0x000000076ab00000,0x000000076ab00000,0x0000000781180000)
  from space 37888K, 53% used [0x0000000784100000,0x00000007854c1cb8,0x0000000786600000)
  to   space 48640K, 0% used [0x0000000781180000,0x0000000781180000,0x0000000784100000)
 ParOldGen       total 119808K, used 62973K [0x00000006c0000000, 0x00000006c7500000, 0x000000076ab00000)
  object space 119808K, 52% used [0x00000006c0000000,0x00000006c3d7f5d8,0x00000006c7500000)
 Metaspace       used 6508K, capacity 7256K, committed 7424K, reserved 1056768K
  class space    used 616K, capacity 656K, committed 768K, reserved 1048576K
}
Event: 6,300 GC heap before
{Heap before GC invocations=10 (full 1):
 PSYoungGen      total 404992K, used 387335K [0x000000076ab00000, 0x0000000787b00000, 0x00000007c0000000)
  eden space 367104K, 100% used [0x000000076ab00000,0x0000000781180000,0x0000000781180000)
  from space 37888K, 53% used [0x0000000784100000,0x00000007854c1cb8,0x0000000786600000)
  to   space 48640K, 0% used [0x0000000781180000,0x0000000781180000,0x0000000784100000)
 ParOldGen       total 119808K, used 62973K [0x00000006c0000000, 0x00000006c7500000, 0x000000076ab00000)
  object space 119808K, 52% used [0x00000006c0000000,0x00000006c3d7f5d8,0x00000006c7500000)
 Metaspace       used 6570K, capacity 7320K, committed 7680K, reserved 1056768K
  class space    used 616K, capacity 656K, committed 768K, reserved 1048576K
Event: 6,604 GC heap after
Heap after GC invocations=10 (full 1):
 PSYoungGen      total 415744K, used 48611K [0x000000076ab00000, 0x000000078f800000, 0x00000007c0000000)
  eden space 367104K, 0% used [0x000000076ab00000,0x000000076ab00000,0x0000000781180000)
  from space 48640K, 99% used [0x0000000781180000,0x00000007840f8c98,0x0000000784100000)
  to   space 68608K, 0% used [0x000000078b500000,0x000000078b500000,0x000000078f800000)
 ParOldGen       total 119808K, used 89997K [0x00000006c0000000, 0x00000006c7500000, 0x000000076ab00000)
  object space 119808K, 75% used [0x00000006c0000000,0x00000006c57e35d0,0x00000006c7500000)
 Metaspace       used 6570K, capacity 7320K, committed 7680K, reserved 1056768K
  class space    used 616K, capacity 656K, committed 768K, reserved 1048576K
}
Event: 7,848 GC heap before
{Heap before GC invocations=11 (full 1):
 PSYoungGen      total 415744K, used 415715K [0x000000076ab00000, 0x000000078f800000, 0x00000007c0000000)
  eden space 367104K, 100% used [0x000000076ab00000,0x0000000781180000,0x0000000781180000)
  from space 48640K, 99% used [0x0000000781180000,0x00000007840f8c98,0x0000000784100000)
  to   space 68608K, 0% used [0x000000078b500000,0x000000078b500000,0x000000078f800000)
 ParOldGen       total 119808K, used 89997K [0x00000006c0000000, 0x00000006c7500000, 0x000000076ab00000)
  object space 119808K, 75% used [0x00000006c0000000,0x00000006c57e35d0,0x00000006c7500000)
 Metaspace       used 6576K, capacity 7320K, committed 7680K, reserved 1056768K
  class space    used 616K, capacity 656K, committed 768K, reserved 1048576K
Event: 8,067 GC heap after
Heap after GC invocations=11 (full 1):
 PSYoungGen      total 509440K, used 68601K [0x000000076ab00000, 0x0000000793180000, 0x00000007c0000000)
  eden space 440832K, 0% used [0x000000076ab00000,0x000000076ab00000,0x0000000785980000)
  from space 68608K, 99% used [0x000000078b500000,0x000000078f7fe6d0,0x000000078f800000)
  to   space 93696K, 0% used [0x0000000785980000,0x0000000785980000,0x000000078b500000)
 ParOldGen       total 125440K, used 125375K [0x00000006c0000000, 0x00000006c7a80000, 0x000000076ab00000)
  object space 125440K, 99% used [0x00000006c0000000,0x00000006c7a6fea0,0x00000006c7a80000)
 Metaspace       used 6576K, capacity 7320K, committed 7680K, reserved 1056768K
  class space    used 616K, capacity 656K, committed 768K, reserved 1048576K
}
Event: 8,067 GC heap before
{Heap before GC invocations=12 (full 2):
 PSYoungGen      total 509440K, used 68601K [0x000000076ab00000, 0x0000000793180000, 0x00000007c0000000)
  eden space 440832K, 0% used [0x000000076ab00000,0x000000076ab00000,0x0000000785980000)
  from space 68608K, 99% used [0x000000078b500000,0x000000078f7fe6d0,0x000000078f800000)
  to   space 93696K, 0% used [0x0000000785980000,0x0000000785980000,0x000000078b500000)
 ParOldGen       total 125440K, used 125375K [0x00000006c0000000, 0x00000006c7a80000, 0x000000076ab00000)
  object space 125440K, 99% used [0x00000006c0000000,0x00000006c7a6fea0,0x00000006c7a80000)
 Metaspace       used 6576K, capacity 7320K, committed 7680K, reserved 1056768K
  class space    used 616K, capacity 656K, committed 768K, reserved 1048576K
Event: 9,017 GC heap after
Heap after GC invocations=12 (full 2):
 PSYoungGen      total 509440K, used 62784K [0x000000076ab00000, 0x0000000793180000, 0x00000007c0000000)
  eden space 440832K, 0% used [0x000000076ab00000,0x000000076ab00000,0x0000000785980000)
  from space 68608K, 91% used [0x000000078b500000,0x000000078f2501d8,0x000000078f800000)
  to   space 93696K, 0% used [0x0000000785980000,0x0000000785980000,0x000000078b500000)
 ParOldGen       total 221184K, used 125433K [0x00000006c0000000, 0x00000006cd800000, 0x000000076ab00000)
  object space 221184K, 56% used [0x00000006c0000000,0x00000006c7a7e560,0x00000006cd800000)
 Metaspace       used 6576K, capacity 7320K, committed 7680K, reserved 1056768K
  class space    used 616K, capacity 656K, committed 768K, reserved 1048576K
}
Event: 10,583 GC heap before
{Heap before GC invocations=13 (full 2):
 PSYoungGen      total 509440K, used 503616K [0x000000076ab00000, 0x0000000793180000, 0x00000007c0000000)
  eden space 440832K, 100% used [0x000000076ab00000,0x0000000785980000,0x0000000785980000)
  from space 68608K, 91% used [0x000000078b500000,0x000000078f2501d8,0x000000078f800000)
  to   space 93696K, 0% used [0x0000000785980000,0x0000000785980000,0x000000078b500000)
 ParOldGen       total 221184K, used 125433K [0x00000006c0000000, 0x00000006cd800000, 0x000000076ab00000)
  object space 221184K, 56% used [0x00000006c0000000,0x00000006c7a7e560,0x00000006cd800000)
 Metaspace       used 6597K, capacity 7320K, committed 7680K, reserved 1056768K
  class space    used 616K, capacity 656K, committed 768K, reserved 1048576K
Event: 10,818 GC heap after
Heap after GC invocations=13 (full 2):
 PSYoungGen      total 534528K, used 72721K [0x000000076ab00000, 0x0000000798480000, 0x00000007c0000000)
  eden space 440832K, 0% used [0x000000076ab00000,0x000000076ab00000,0x0000000785980000)
  from space 93696K, 77% used [0x0000000785980000,0x000000078a084420,0x000000078b500000)
  to   space 102912K, 0% used [0x0000000792000000,0x0000000792000000,0x0000000798480000)
 ParOldGen       total 221184K, used 188687K [0x00000006c0000000, 0x00000006cd800000, 0x000000076ab00000)
  object space 221184K, 85% used [0x00000006c0000000,0x00000006cb843ec8,0x00000006cd800000)
 Metaspace       used 6597K, capacity 7320K, committed 7680K, reserved 1056768K
  class space    used 616K, capacity 656K, committed 768K, reserved 1048576K
}
Event: 10,818 GC heap before
{Heap before GC invocations=14 (full 3):
 PSYoungGen      total 534528K, used 72721K [0x000000076ab00000, 0x0000000798480000, 0x00000007c0000000)
  eden space 440832K, 0% used [0x000000076ab00000,0x000000076ab00000,0x0000000785980000)
  from space 93696K, 77% used [0x0000000785980000,0x000000078a084420,0x000000078b500000)
  to   space 102912K, 0% used [0x0000000792000000,0x0000000792000000,0x0000000798480000)
 ParOldGen       total 221184K, used 188687K [0x00000006c0000000, 0x00000006cd800000, 0x000000076ab00000)
  object space 221184K, 85% used [0x00000006c0000000,0x00000006cb843ec8,0x00000006cd800000)
 Metaspace       used 6597K, capacity 7320K, committed 7680K, reserved 1056768K
  class space    used 616K, capacity 656K, committed 768K, reserved 1048576K

