# JRE version: Java(TM) SE Runtime Environment (8.0_66-b17) (build 1.8.0_66-b17)
# Java VM: Java HotSpot(TM) 64-Bit Server VM (25.66-b17 mixed mode linux-amd64 compressed oops)
Heap:
 PSYoungGen      total 452608K, used 31296K [0x000000076ab00000, 0x0000000790c80000, 0x00000007c0000000)
  eden space 382464K, 0% used [0x000000076ab00000,0x000000076ab00000,0x0000000782080000)
  from space 70144K, 44% used [0x0000000782080000,0x0000000783f103c8,0x0000000786500000)
  to   space 77824K, 0% used [0x000000078c080000,0x000000078c080000,0x0000000790c80000)
 ParOldGen       total 201728K, used 201256K [0x00000006c0000000, 0x00000006cc500000, 0x000000076ab00000)
  object space 201728K, 99% used [0x00000006c0000000,0x00000006cc48a360,0x00000006cc500000)
 Metaspace       used 6548K, capacity 7320K, committed 7680K, reserved 1056768K
  class space    used 613K, capacity 656K, committed 768K, reserved 1048576K
GC Heap History (10 events):
Event: 5,342 GC heap after
Heap after GC invocations=9 (full 1):
 PSYoungGen      total 320512K, used 24667K [0x000000076ab00000, 0x0000000785a80000, 0x00000007c0000000)
  eden space 295424K, 0% used [0x000000076ab00000,0x000000076ab00000,0x000000077cb80000)
  from space 25088K, 98% used [0x0000000784200000,0x0000000785a16ea8,0x0000000785a80000)
  to   space 39424K, 0% used [0x0000000780d80000,0x0000000780d80000,0x0000000783400000)
 ParOldGen       total 117248K, used 62495K [0x00000006c0000000, 0x00000006c7280000, 0x000000076ab00000)
  object space 117248K, 53% used [0x00000006c0000000,0x00000006c3d07c80,0x00000006c7280000)
 Metaspace       used 6455K, capacity 7256K, committed 7424K, reserved 1056768K
  class space    used 613K, capacity 656K, committed 768K, reserved 1048576K
}
Event: 6,775 GC heap before
{Heap before GC invocations=10 (full 1):
 PSYoungGen      total 320512K, used 320091K [0x000000076ab00000, 0x0000000785a80000, 0x00000007c0000000)
  eden space 295424K, 100% used [0x000000076ab00000,0x000000077cb80000,0x000000077cb80000)
  from space 25088K, 98% used [0x0000000784200000,0x0000000785a16ea8,0x0000000785a80000)
  to   space 39424K, 0% used [0x0000000780d80000,0x0000000780d80000,0x0000000783400000)
 ParOldGen       total 117248K, used 62495K [0x00000006c0000000, 0x00000006c7280000, 0x000000076ab00000)
  object space 117248K, 53% used [0x00000006c0000000,0x00000006c3d07c80,0x00000006c7280000)
 Metaspace       used 6523K, capacity 7320K, committed 7680K, reserved 1056768K
  class space    used 613K, capacity 656K, committed 768K, reserved 1048576K
Event: 6,950 GC heap after
Heap after GC invocations=10 (full 1):
 PSYoungGen      total 402432K, used 39409K [0x000000076ab00000, 0x0000000789e00000, 0x00000007c0000000)
  eden space 363008K, 0% used [0x000000076ab00000,0x000000076ab00000,0x0000000780d80000)
  from space 39424K, 99% used [0x0000000780d80000,0x00000007833fc4b8,0x0000000783400000)
  to   space 58368K, 0% used [0x0000000786500000,0x0000000786500000,0x0000000789e00000)
 ParOldGen       total 117248K, used 91491K [0x00000006c0000000, 0x00000006c7280000, 0x000000076ab00000)
  object space 117248K, 78% used [0x00000006c0000000,0x00000006c5958d80,0x00000006c7280000)
 Metaspace       used 6523K, capacity 7320K, committed 7680K, reserved 1056768K
  class space    used 613K, capacity 656K, committed 768K, reserved 1048576K
}
Event: 6,950 GC heap before
{Heap before GC invocations=11 (full 2):
 PSYoungGen      total 402432K, used 39409K [0x000000076ab00000, 0x0000000789e00000, 0x00000007c0000000)
  eden space 363008K, 0% used [0x000000076ab00000,0x000000076ab00000,0x0000000780d80000)
  from space 39424K, 99% used [0x0000000780d80000,0x00000007833fc4b8,0x0000000783400000)
  to   space 58368K, 0% used [0x0000000786500000,0x0000000786500000,0x0000000789e00000)
 ParOldGen       total 117248K, used 91491K [0x00000006c0000000, 0x00000006c7280000, 0x000000076ab00000)
  object space 117248K, 78% used [0x00000006c0000000,0x00000006c5958d80,0x00000006c7280000)
 Metaspace       used 6523K, capacity 7320K, committed 7680K, reserved 1056768K
  class space    used 613K, capacity 656K, committed 768K, reserved 1048576K
Event: 7,971 GC heap after
Heap after GC invocations=11 (full 2):
 PSYoungGen      total 402432K, used 10206K [0x000000076ab00000, 0x0000000789e00000, 0x00000007c0000000)
  eden space 363008K, 0% used [0x000000076ab00000,0x000000076ab00000,0x0000000780d80000)
  from space 39424K, 25% used [0x0000000780d80000,0x00000007817778c0,0x0000000783400000)
  to   space 58368K, 0% used [0x0000000786500000,0x0000000786500000,0x0000000789e00000)
 ParOldGen       total 201728K, used 117244K [0x00000006c0000000, 0x00000006cc500000, 0x000000076ab00000)
  object space 201728K, 58% used [0x00000006c0000000,0x00000006c727f0b8,0x00000006cc500000)
 Metaspace       used 6523K, capacity 7320K, committed 7680K, reserved 1056768K
  class space    used 613K, capacity 656K, committed 768K, reserved 1048576K
}
Event: 9,396 GC heap before
{Heap before GC invocations=12 (full 2):
 PSYoungGen      total 402432K, used 373214K [0x000000076ab00000, 0x0000000789e00000, 0x00000007c0000000)
  eden space 363008K, 100% used [0x000000076ab00000,0x0000000780d80000,0x0000000780d80000)
  from space 39424K, 25% used [0x0000000780d80000,0x00000007817778c0,0x0000000783400000)
  to   space 58368K, 0% used [0x0000000786500000,0x0000000786500000,0x0000000789e00000)
 ParOldGen       total 201728K, used 117244K [0x00000006c0000000, 0x00000006cc500000, 0x000000076ab00000)
  object space 201728K, 58% used [0x00000006c0000000,0x00000006c727f0b8,0x00000006cc500000)
 Metaspace       used 6533K, capacity 7320K, committed 7680K, reserved 1056768K
  class space    used 613K, capacity 656K, committed 768K, reserved 1048576K
Event: 9,643 GC heap after
Heap after GC invocations=12 (full 2):
 PSYoungGen      total 440832K, used 58339K [0x000000076ab00000, 0x000000078e180000, 0x00000007c0000000)
  eden space 382464K, 0% used [0x000000076ab00000,0x000000076ab00000,0x0000000782080000)
  from space 58368K, 99% used [0x0000000786500000,0x0000000789df8dd8,0x0000000789e00000)
  to   space 70144K, 0% used [0x0000000782080000,0x0000000782080000,0x0000000786500000)
 ParOldGen       total 201728K, used 121864K [0x00000006c0000000, 0x00000006cc500000, 0x000000076ab00000)
  object space 201728K, 60% used [0x00000006c0000000,0x00000006c7702110,0x00000006cc500000)
 Metaspace       used 6533K, capacity 7320K, committed 7680K, reserved 1056768K
  class space    used 613K, capacity 656K, committed 768K, reserved 1048576K
}
Event: 11,058 GC heap before
{Heap before GC invocations=13 (full 2):
 PSYoungGen      total 440832K, used 440803K [0x000000076ab00000, 0x000000078e180000, 0x00000007c0000000)
  eden space 382464K, 100% used [0x000000076ab00000,0x0000000782080000,0x0000000782080000)
  from space 58368K, 99% used [0x0000000786500000,0x0000000789df8dd8,0x0000000789e00000)
  to   space 70144K, 0% used [0x0000000782080000,0x0000000782080000,0x0000000786500000)
 ParOldGen       total 201728K, used 121864K [0x00000006c0000000, 0x00000006cc500000, 0x000000076ab00000)
  object space 201728K, 60% used [0x00000006c0000000,0x00000006c7702110,0x00000006cc500000)
 Metaspace       used 6548K, capacity 7320K, committed 7680K, reserved 1056768K
  class space    used 613K, capacity 656K, committed 768K, reserved 1048576K
Event: 11,311 GC heap after
Heap after GC invocations=13 (full 2):
 PSYoungGen      total 452608K, used 57691K [0x000000076ab00000, 0x0000000790c80000, 0x00000007c0000000)
  eden space 382464K, 0% used [0x000000076ab00000,0x000000076ab00000,0x0000000782080000)
  from space 70144K, 82% used [0x0000000782080000,0x00000007858d6c30,0x0000000786500000)
  to   space 77824K, 0% used [0x000000078c080000,0x000000078c080000,0x0000000790c80000)
 ParOldGen       total 201728K, used 179158K [0x00000006c0000000, 0x00000006cc500000, 0x000000076ab00000)
  object space 201728K, 88% used [0x00000006c0000000,0x00000006caef5a40,0x00000006cc500000)
 Metaspace       used 6548K, capacity 7320K, committed 7680K, reserved 1056768K
  class space    used 613K, capacity 656K, committed 768K, reserved 1048576K
}
Event: 11,311 GC heap before
{Heap before GC invocations=14 (full 3):
 PSYoungGen      total 452608K, used 57691K [0x000000076ab00000, 0x0000000790c80000, 0x00000007c0000000)
  eden space 382464K, 0% used [0x000000076ab00000,0x000000076ab00000,0x0000000782080000)
  from space 70144K, 82% used [0x0000000782080000,0x00000007858d6c30,0x0000000786500000)
  to   space 77824K, 0% used [0x000000078c080000,0x000000078c080000,0x0000000790c80000)
 ParOldGen       total 201728K, used 179158K [0x00000006c0000000, 0x00000006cc500000, 0x000000076ab00000)
  object space 201728K, 88% used [0x00000006c0000000,0x00000006caef5a40,0x00000006cc500000)
 Metaspace       used 6548K, capacity 7320K, committed 7680K, reserved 1056768K
  class space    used 613K, capacity 656K, committed 768K, reserved 1048576K

