# JRE version: Java(TM) SE Runtime Environment (8.0_66-b17) (build 1.8.0_66-b17)
# Java VM: Java HotSpot(TM) 64-Bit Server VM (25.66-b17 mixed mode linux-amd64 compressed oops)
Heap:
 PSYoungGen      total 460288K, used 52526K [0x000000076ab00000, 0x000000078fb00000, 0x00000007c0000000)
  eden space 380416K, 0% used [0x000000076ab00000,0x000000076ab00000,0x0000000781e80000)
  from space 79872K, 65% used [0x0000000788100000,0x000000078b44b950,0x000000078cf00000)
  to   space 100864K, 0% used [0x0000000781e80000,0x0000000781e80000,0x0000000788100000)
 ParOldGen       total 217600K, used 217129K [0x00000006c0000000, 0x00000006cd480000, 0x000000076ab00000)
  object space 217600K, 99% used [0x00000006c0000000,0x00000006cd40a778,0x00000006cd480000)
 Metaspace       used 6549K, capacity 7320K, committed 7680K, reserved 1056768K
  class space    used 614K, capacity 656K, committed 768K, reserved 1048576K
GC Heap History (10 events):
Event: 6,307 GC heap after
Heap after GC invocations=12 (full 1):
 PSYoungGen      total 333312K, used 43775K [0x000000076ab00000, 0x0000000787280000, 0x00000007c0000000)
  eden space 286720K, 0% used [0x000000076ab00000,0x000000076ab00000,0x000000077c300000)
  from space 46592K, 93% used [0x000000077c300000,0x000000077edbfda0,0x000000077f080000)
  to   space 53760K, 0% used [0x0000000783e00000,0x0000000783e00000,0x0000000787280000)
 ParOldGen       total 119296K, used 89477K [0x00000006c0000000, 0x00000006c7480000, 0x000000076ab00000)
  object space 119296K, 75% used [0x00000006c0000000,0x00000006c5761678,0x00000006c7480000)
 Metaspace       used 6501K, capacity 7256K, committed 7424K, reserved 1056768K
  class space    used 614K, capacity 656K, committed 768K, reserved 1048576K
}
Event: 7,392 GC heap before
{Heap before GC invocations=13 (full 1):
 PSYoungGen      total 333312K, used 330495K [0x000000076ab00000, 0x0000000787280000, 0x00000007c0000000)
  eden space 286720K, 100% used [0x000000076ab00000,0x000000077c300000,0x000000077c300000)
  from space 46592K, 93% used [0x000000077c300000,0x000000077edbfda0,0x000000077f080000)
  to   space 53760K, 0% used [0x0000000783e00000,0x0000000783e00000,0x0000000787280000)
 ParOldGen       total 119296K, used 89477K [0x00000006c0000000, 0x00000006c7480000, 0x000000076ab00000)
  object space 119296K, 75% used [0x00000006c0000000,0x00000006c5761678,0x00000006c7480000)
 Metaspace       used 6508K, capacity 7256K, committed 7424K, reserved 1056768K
  class space    used 614K, capacity 656K, committed 768K, reserved 1048576K
Event: 7,551 GC heap after
Heap after GC invocations=13 (full 1):
 PSYoungGen      total 392192K, used 53742K [0x000000076ab00000, 0x0000000789f00000, 0x00000007c0000000)
  eden space 338432K, 0% used [0x000000076ab00000,0x000000076ab00000,0x000000077f580000)
  from space 53760K, 99% used [0x0000000783e00000,0x000000078727b938,0x0000000787280000)
  to   space 74240K, 0% used [0x000000077f580000,0x000000077f580000,0x0000000783e00000)
 ParOldGen       total 121344K, used 120871K [0x00000006c0000000, 0x00000006c7680000, 0x000000076ab00000)
  object space 121344K, 99% used [0x00000006c0000000,0x00000006c7609c60,0x00000006c7680000)
 Metaspace       used 6508K, capacity 7256K, committed 7424K, reserved 1056768K
  class space    used 614K, capacity 656K, committed 768K, reserved 1048576K
}
Event: 7,551 GC heap before
{Heap before GC invocations=14 (full 2):
 PSYoungGen      total 392192K, used 53742K [0x000000076ab00000, 0x0000000789f00000, 0x00000007c0000000)
  eden space 338432K, 0% used [0x000000076ab00000,0x000000076ab00000,0x000000077f580000)
  from space 53760K, 99% used [0x0000000783e00000,0x000000078727b938,0x0000000787280000)
  to   space 74240K, 0% used [0x000000077f580000,0x000000077f580000,0x0000000783e00000)
 ParOldGen       total 121344K, used 120871K [0x00000006c0000000, 0x00000006c7680000, 0x000000076ab00000)
  object space 121344K, 99% used [0x00000006c0000000,0x00000006c7609c60,0x00000006c7680000)
 Metaspace       used 6508K, capacity 7256K, committed 7424K, reserved 1056768K
  class space    used 614K, capacity 656K, committed 768K, reserved 1048576K
Event: 8,662 GC heap after
Heap after GC invocations=14 (full 2):
 PSYoungGen      total 392192K, used 51471K [0x000000076ab00000, 0x0000000789f00000, 0x00000007c0000000)
  eden space 338432K, 0% used [0x000000076ab00000,0x000000076ab00000,0x000000077f580000)
  from space 53760K, 95% used [0x0000000783e00000,0x0000000787043e20,0x0000000787280000)
  to   space 74240K, 0% used [0x000000077f580000,0x000000077f580000,0x0000000783e00000)
 ParOldGen       total 217600K, used 121222K [0x00000006c0000000, 0x00000006cd480000, 0x000000076ab00000)
  object space 217600K, 55% used [0x00000006c0000000,0x00000006c76618b0,0x00000006cd480000)
 Metaspace       used 6508K, capacity 7256K, committed 7424K, reserved 1056768K
  class space    used 614K, capacity 656K, committed 768K, reserved 1048576K
}
Event: 9,936 GC heap before
{Heap before GC invocations=15 (full 2):
 PSYoungGen      total 392192K, used 389903K [0x000000076ab00000, 0x0000000789f00000, 0x00000007c0000000)
  eden space 338432K, 100% used [0x000000076ab00000,0x000000077f580000,0x000000077f580000)
  from space 53760K, 95% used [0x0000000783e00000,0x0000000787043e20,0x0000000787280000)
  to   space 74240K, 0% used [0x000000077f580000,0x000000077f580000,0x0000000783e00000)
 ParOldGen       total 217600K, used 121222K [0x00000006c0000000, 0x00000006cd480000, 0x000000076ab00000)
  object space 217600K, 55% used [0x00000006c0000000,0x00000006c76618b0,0x00000006cd480000)
 Metaspace       used 6522K, capacity 7256K, committed 7424K, reserved 1056768K
  class space    used 614K, capacity 656K, committed 768K, reserved 1048576K
Event: 10,155 GC heap after
Heap after GC invocations=15 (full 2):
 PSYoungGen      total 412672K, used 53237K [0x000000076ab00000, 0x000000078cf00000, 0x00000007c0000000)
  eden space 338432K, 0% used [0x000000076ab00000,0x000000076ab00000,0x000000077f580000)
  from space 74240K, 71% used [0x000000077f580000,0x000000078297d6a8,0x0000000783e00000)
  to   space 79872K, 0% used [0x0000000788100000,0x0000000788100000,0x000000078cf00000)
 ParOldGen       total 217600K, used 172559K [0x00000006c0000000, 0x00000006cd480000, 0x000000076ab00000)
  object space 217600K, 79% used [0x00000006c0000000,0x00000006ca883f80,0x00000006cd480000)
 Metaspace       used 6522K, capacity 7256K, committed 7424K, reserved 1056768K
  class space    used 614K, capacity 656K, committed 768K, reserved 1048576K
}
Event: 11,363 GC heap before
{Heap before GC invocations=16 (full 2):
 PSYoungGen      total 412672K, used 391669K [0x000000076ab00000, 0x000000078cf00000, 0x00000007c0000000)
  eden space 338432K, 100% used [0x000000076ab00000,0x000000077f580000,0x000000077f580000)
  from space 74240K, 71% used [0x000000077f580000,0x000000078297d6a8,0x0000000783e00000)
  to   space 79872K, 0% used [0x0000000788100000,0x0000000788100000,0x000000078cf00000)
 ParOldGen       total 217600K, used 172559K [0x00000006c0000000, 0x00000006cd480000, 0x000000076ab00000)
  object space 217600K, 79% used [0x00000006c0000000,0x00000006ca883f80,0x00000006cd480000)
 Metaspace       used 6549K, capacity 7320K, committed 7680K, reserved 1056768K
  class space    used 614K, capacity 656K, committed 768K, reserved 1048576K
Event: 11,527 GC heap after
Heap after GC invocations=16 (full 2):
 PSYoungGen      total 460288K, used 79855K [0x000000076ab00000, 0x000000078fb00000, 0x00000007c0000000)
  eden space 380416K, 0% used [0x000000076ab00000,0x000000076ab00000,0x0000000781e80000)
  from space 79872K, 99% used [0x0000000788100000,0x000000078cefbdb0,0x000000078cf00000)
  to   space 100864K, 0% used [0x0000000781e80000,0x0000000781e80000,0x0000000788100000)
 ParOldGen       total 217600K, used 192583K [0x00000006c0000000, 0x00000006cd480000, 0x000000076ab00000)
  object space 217600K, 88% used [0x00000006c0000000,0x00000006cbc11fd0,0x00000006cd480000)
 Metaspace       used 6549K, capacity 7320K, committed 7680K, reserved 1056768K
  class space    used 614K, capacity 656K, committed 768K, reserved 1048576K
}
Event: 11,527 GC heap before
{Heap before GC invocations=17 (full 3):
 PSYoungGen      total 460288K, used 79855K [0x000000076ab00000, 0x000000078fb00000, 0x00000007c0000000)
  eden space 380416K, 0% used [0x000000076ab00000,0x000000076ab00000,0x0000000781e80000)
  from space 79872K, 99% used [0x0000000788100000,0x000000078cefbdb0,0x000000078cf00000)
  to   space 100864K, 0% used [0x0000000781e80000,0x0000000781e80000,0x0000000788100000)
 ParOldGen       total 217600K, used 192583K [0x00000006c0000000, 0x00000006cd480000, 0x000000076ab00000)
  object space 217600K, 88% used [0x00000006c0000000,0x00000006cbc11fd0,0x00000006cd480000)
 Metaspace       used 6549K, capacity 7320K, committed 7680K, reserved 1056768K
  class space    used 614K, capacity 656K, committed 768K, reserved 1048576K

