# JRE version: Java(TM) SE Runtime Environment (8.0_66-b17) (build 1.8.0_66-b17)
# Java VM: Java HotSpot(TM) 64-Bit Server VM (25.66-b17 mixed mode linux-amd64 compressed oops)
Heap:
 PSYoungGen      total 481280K, used 45167K [0x000000076ab00000, 0x0000000791000000, 0x00000007c0000000)
  eden space 381440K, 0% used [0x000000076ab00000,0x000000076ab00000,0x0000000781f80000)
  from space 99840K, 45% used [0x0000000788c00000,0x000000078b81bc58,0x000000078ed80000)
  to   space 111104K, 0% used [0x0000000781f80000,0x0000000781f80000,0x0000000788c00000)
 ParOldGen       total 216064K, used 215601K [0x00000006c0000000, 0x00000006cd300000, 0x000000076ab00000)
  object space 216064K, 99% used [0x00000006c0000000,0x00000006cd28c630,0x00000006cd300000)
 Metaspace       used 6560K, capacity 7320K, committed 7680K, reserved 1056768K
  class space    used 614K, capacity 656K, committed 768K, reserved 1048576K
GC Heap History (10 events):
Event: 5,912 GC heap after
Heap after GC invocations=10 (full 1):
 PSYoungGen      total 389632K, used 39925K [0x000000076ab00000, 0x0000000786f80000, 0x00000007c0000000)
  eden space 349696K, 0% used [0x000000076ab00000,0x000000076ab00000,0x0000000780080000)
  from space 39936K, 99% used [0x0000000780a80000,0x000000078317d740,0x0000000783180000)
  to   space 56832K, 0% used [0x0000000783800000,0x0000000783800000,0x0000000786f80000)
 ParOldGen       total 120832K, used 86945K [0x00000006c0000000, 0x00000006c7600000, 0x000000076ab00000)
  object space 120832K, 71% used [0x00000006c0000000,0x00000006c54e8728,0x00000006c7600000)
 Metaspace       used 6521K, capacity 7320K, committed 7680K, reserved 1056768K
  class space    used 614K, capacity 656K, committed 768K, reserved 1048576K
}
Event: 7,122 GC heap before
{Heap before GC invocations=11 (full 1):
 PSYoungGen      total 389632K, used 389621K [0x000000076ab00000, 0x0000000786f80000, 0x00000007c0000000)
  eden space 349696K, 100% used [0x000000076ab00000,0x0000000780080000,0x0000000780080000)
  from space 39936K, 99% used [0x0000000780a80000,0x000000078317d740,0x0000000783180000)
  to   space 56832K, 0% used [0x0000000783800000,0x0000000783800000,0x0000000786f80000)
 ParOldGen       total 120832K, used 86945K [0x00000006c0000000, 0x00000006c7600000, 0x000000076ab00000)
  object space 120832K, 71% used [0x00000006c0000000,0x00000006c54e8728,0x00000006c7600000)
 Metaspace       used 6533K, capacity 7320K, committed 7680K, reserved 1056768K
  class space    used 614K, capacity 656K, committed 768K, reserved 1048576K
Event: 7,286 GC heap after
Heap after GC invocations=11 (full 1):
 PSYoungGen      total 384512K, used 56801K [0x000000076ab00000, 0x0000000790080000, 0x00000007c0000000)
  eden space 327680K, 0% used [0x000000076ab00000,0x000000076ab00000,0x000000077eb00000)
  from space 56832K, 99% used [0x0000000783800000,0x0000000786f78600,0x0000000786f80000)
  to   space 78848K, 0% used [0x000000077eb00000,0x000000077eb00000,0x0000000783800000)
 ParOldGen       total 120832K, used 119416K [0x00000006c0000000, 0x00000006c7600000, 0x000000076ab00000)
  object space 120832K, 98% used [0x00000006c0000000,0x00000006c749e200,0x00000006c7600000)
 Metaspace       used 6533K, capacity 7320K, committed 7680K, reserved 1056768K
  class space    used 614K, capacity 656K, committed 768K, reserved 1048576K
}
Event: 7,286 GC heap before
{Heap before GC invocations=12 (full 2):
 PSYoungGen      total 384512K, used 56801K [0x000000076ab00000, 0x0000000790080000, 0x00000007c0000000)
  eden space 327680K, 0% used [0x000000076ab00000,0x000000076ab00000,0x000000077eb00000)
  from space 56832K, 99% used [0x0000000783800000,0x0000000786f78600,0x0000000786f80000)
  to   space 78848K, 0% used [0x000000077eb00000,0x000000077eb00000,0x0000000783800000)
 ParOldGen       total 120832K, used 119416K [0x00000006c0000000, 0x00000006c7600000, 0x000000076ab00000)
  object space 120832K, 98% used [0x00000006c0000000,0x00000006c749e200,0x00000006c7600000)
 Metaspace       used 6533K, capacity 7320K, committed 7680K, reserved 1056768K
  class space    used 614K, capacity 656K, committed 768K, reserved 1048576K
Event: 8,644 GC heap after
Heap after GC invocations=12 (full 2):
 PSYoungGen      total 384512K, used 49294K [0x000000076ab00000, 0x0000000790080000, 0x00000007c0000000)
  eden space 327680K, 0% used [0x000000076ab00000,0x000000076ab00000,0x000000077eb00000)
  from space 56832K, 86% used [0x0000000783800000,0x0000000786823bb0,0x0000000786f80000)
  to   space 78848K, 0% used [0x000000077eb00000,0x000000077eb00000,0x0000000783800000)
 ParOldGen       total 216064K, used 120379K [0x00000006c0000000, 0x00000006cd300000, 0x000000076ab00000)
  object space 216064K, 55% used [0x00000006c0000000,0x00000006c758ef40,0x00000006cd300000)
 Metaspace       used 6533K, capacity 7320K, committed 7680K, reserved 1056768K
  class space    used 614K, capacity 656K, committed 768K, reserved 1048576K
}
Event: 9,842 GC heap before
{Heap before GC invocations=13 (full 2):
 PSYoungGen      total 384512K, used 376974K [0x000000076ab00000, 0x0000000790080000, 0x00000007c0000000)
  eden space 327680K, 100% used [0x000000076ab00000,0x000000077eb00000,0x000000077eb00000)
  from space 56832K, 86% used [0x0000000783800000,0x0000000786823bb0,0x0000000786f80000)
  to   space 78848K, 0% used [0x000000077eb00000,0x000000077eb00000,0x0000000783800000)
 ParOldGen       total 216064K, used 120379K [0x00000006c0000000, 0x00000006cd300000, 0x000000076ab00000)
  object space 216064K, 55% used [0x00000006c0000000,0x00000006c758ef40,0x00000006cd300000)
 Metaspace       used 6545K, capacity 7320K, committed 7680K, reserved 1056768K
  class space    used 614K, capacity 656K, committed 768K, reserved 1048576K
Event: 10,033 GC heap after
Heap after GC invocations=13 (full 2):
 PSYoungGen      total 406528K, used 78827K [0x000000076ab00000, 0x000000078ed80000, 0x00000007c0000000)
  eden space 327680K, 0% used [0x000000076ab00000,0x000000076ab00000,0x000000077eb00000)
  from space 78848K, 99% used [0x000000077eb00000,0x00000007837fad48,0x0000000783800000)
  to   space 99840K, 0% used [0x0000000788c00000,0x0000000788c00000,0x000000078ed80000)
 ParOldGen       total 216064K, used 140241K [0x00000006c0000000, 0x00000006cd300000, 0x000000076ab00000)
  object space 216064K, 64% used [0x00000006c0000000,0x00000006c88f4568,0x00000006cd300000)
 Metaspace       used 6545K, capacity 7320K, committed 7680K, reserved 1056768K
  class space    used 614K, capacity 656K, committed 768K, reserved 1048576K
}
Event: 11,235 GC heap before
{Heap before GC invocations=14 (full 2):
 PSYoungGen      total 406528K, used 406507K [0x000000076ab00000, 0x000000078ed80000, 0x00000007c0000000)
  eden space 327680K, 100% used [0x000000076ab00000,0x000000077eb00000,0x000000077eb00000)
  from space 78848K, 99% used [0x000000077eb00000,0x00000007837fad48,0x0000000783800000)
  to   space 99840K, 0% used [0x0000000788c00000,0x0000000788c00000,0x000000078ed80000)
 ParOldGen       total 216064K, used 140241K [0x00000006c0000000, 0x00000006cd300000, 0x000000076ab00000)
  object space 216064K, 64% used [0x00000006c0000000,0x00000006c88f4568,0x00000006cd300000)
 Metaspace       used 6560K, capacity 7320K, committed 7680K, reserved 1056768K
  class space    used 614K, capacity 656K, committed 768K, reserved 1048576K
Event: 11,583 GC heap after
Heap after GC invocations=14 (full 2):
 PSYoungGen      total 481280K, used 82339K [0x000000076ab00000, 0x0000000791000000, 0x00000007c0000000)
  eden space 381440K, 0% used [0x000000076ab00000,0x000000076ab00000,0x0000000781f80000)
  from space 99840K, 82% used [0x0000000788c00000,0x000000078dc68c88,0x000000078ed80000)
  to   space 111104K, 0% used [0x0000000781f80000,0x0000000781f80000,0x0000000788c00000)
 ParOldGen       total 216064K, used 183947K [0x00000006c0000000, 0x00000006cd300000, 0x000000076ab00000)
  object space 216064K, 85% used [0x00000006c0000000,0x00000006cb3a2c18,0x00000006cd300000)
 Metaspace       used 6560K, capacity 7320K, committed 7680K, reserved 1056768K
  class space    used 614K, capacity 656K, committed 768K, reserved 1048576K
}
Event: 11,583 GC heap before
{Heap before GC invocations=15 (full 3):
 PSYoungGen      total 481280K, used 82339K [0x000000076ab00000, 0x0000000791000000, 0x00000007c0000000)
  eden space 381440K, 0% used [0x000000076ab00000,0x000000076ab00000,0x0000000781f80000)
  from space 99840K, 82% used [0x0000000788c00000,0x000000078dc68c88,0x000000078ed80000)
  to   space 111104K, 0% used [0x0000000781f80000,0x0000000781f80000,0x0000000788c00000)
 ParOldGen       total 216064K, used 183947K [0x00000006c0000000, 0x00000006cd300000, 0x000000076ab00000)
  object space 216064K, 85% used [0x00000006c0000000,0x00000006cb3a2c18,0x00000006cd300000)
 Metaspace       used 6560K, capacity 7320K, committed 7680K, reserved 1056768K
  class space    used 614K, capacity 656K, committed 768K, reserved 1048576K

