# JRE version: Java(TM) SE Runtime Environment (8.0_66-b17) (build 1.8.0_66-b17)
# Java VM: Java HotSpot(TM) 64-Bit Server VM (25.66-b17 mixed mode linux-amd64 compressed oops)
Heap:
 PSYoungGen      total 488960K, used 54565K [0x000000076ab00000, 0x0000000793f00000, 0x00000007c0000000)
  eden space 396800K, 0% used [0x000000076ab00000,0x000000076ab00000,0x0000000782e80000)
  from space 92160K, 59% used [0x000000078a400000,0x000000078d9495d0,0x000000078fe00000)
  to   space 120320K, 0% used [0x0000000782e80000,0x0000000782e80000,0x000000078a400000)
 ParOldGen       total 217600K, used 217503K [0x00000006c0000000, 0x00000006cd480000, 0x000000076ab00000)
  object space 217600K, 99% used [0x00000006c0000000,0x00000006cd467e48,0x00000006cd480000)
 Metaspace       used 6558K, capacity 7320K, committed 7680K, reserved 1056768K
  class space    used 613K, capacity 656K, committed 768K, reserved 1048576K
GC Heap History (10 events):
Event: 6,296 GC heap after
Heap after GC invocations=10 (full 1):
 PSYoungGen      total 400384K, used 38886K [0x000000076ab00000, 0x0000000788400000, 0x00000007c0000000)
  eden space 361472K, 0% used [0x000000076ab00000,0x000000076ab00000,0x0000000780c00000)
  from space 38912K, 99% used [0x0000000780c00000,0x00000007831f9b20,0x0000000783200000)
  to   space 56320K, 0% used [0x0000000784d00000,0x0000000784d00000,0x0000000788400000)
 ParOldGen       total 118784K, used 88913K [0x00000006c0000000, 0x00000006c7400000, 0x000000076ab00000)
  object space 118784K, 74% used [0x00000006c0000000,0x00000006c56d45d8,0x00000006c7400000)
 Metaspace       used 6509K, capacity 7256K, committed 7424K, reserved 1056768K
  class space    used 613K, capacity 656K, committed 768K, reserved 1048576K
}
Event: 7,612 GC heap before
{Heap before GC invocations=11 (full 1):
 PSYoungGen      total 400384K, used 400358K [0x000000076ab00000, 0x0000000788400000, 0x00000007c0000000)
  eden space 361472K, 100% used [0x000000076ab00000,0x0000000780c00000,0x0000000780c00000)
  from space 38912K, 99% used [0x0000000780c00000,0x00000007831f9b20,0x0000000783200000)
  to   space 56320K, 0% used [0x0000000784d00000,0x0000000784d00000,0x0000000788400000)
 ParOldGen       total 118784K, used 88913K [0x00000006c0000000, 0x00000006c7400000, 0x000000076ab00000)
  object space 118784K, 74% used [0x00000006c0000000,0x00000006c56d45d8,0x00000006c7400000)
 Metaspace       used 6516K, capacity 7320K, committed 7680K, reserved 1056768K
  class space    used 613K, capacity 656K, committed 768K, reserved 1048576K
Event: 7,814 GC heap after
Heap after GC invocations=11 (full 1):
 PSYoungGen      total 404992K, used 56294K [0x000000076ab00000, 0x0000000791800000, 0x00000007c0000000)
  eden space 348672K, 0% used [0x000000076ab00000,0x000000076ab00000,0x000000077ff80000)
  from space 56320K, 99% used [0x0000000784d00000,0x00000007883f9800,0x0000000788400000)
  to   space 79360K, 0% used [0x000000077ff80000,0x000000077ff80000,0x0000000784d00000)
 ParOldGen       total 124416K, used 123923K [0x00000006c0000000, 0x00000006c7980000, 0x000000076ab00000)
  object space 124416K, 99% used [0x00000006c0000000,0x00000006c7904cb0,0x00000006c7980000)
 Metaspace       used 6516K, capacity 7320K, committed 7680K, reserved 1056768K
  class space    used 613K, capacity 656K, committed 768K, reserved 1048576K
}
Event: 7,814 GC heap before
{Heap before GC invocations=12 (full 2):
 PSYoungGen      total 404992K, used 56294K [0x000000076ab00000, 0x0000000791800000, 0x00000007c0000000)
  eden space 348672K, 0% used [0x000000076ab00000,0x000000076ab00000,0x000000077ff80000)
  from space 56320K, 99% used [0x0000000784d00000,0x00000007883f9800,0x0000000788400000)
  to   space 79360K, 0% used [0x000000077ff80000,0x000000077ff80000,0x0000000784d00000)
 ParOldGen       total 124416K, used 123923K [0x00000006c0000000, 0x00000006c7980000, 0x000000076ab00000)
  object space 124416K, 99% used [0x00000006c0000000,0x00000006c7904cb0,0x00000006c7980000)
 Metaspace       used 6516K, capacity 7320K, committed 7680K, reserved 1056768K
  class space    used 613K, capacity 656K, committed 768K, reserved 1048576K
Event: 9,081 GC heap after
Heap after GC invocations=12 (full 2):
 PSYoungGen      total 404992K, used 50402K [0x000000076ab00000, 0x0000000791800000, 0x00000007c0000000)
  eden space 348672K, 0% used [0x000000076ab00000,0x000000076ab00000,0x000000077ff80000)
  from space 56320K, 89% used [0x0000000784d00000,0x0000000787e38860,0x0000000788400000)
  to   space 79360K, 0% used [0x000000077ff80000,0x000000077ff80000,0x0000000784d00000)
 ParOldGen       total 217600K, used 124184K [0x00000006c0000000, 0x00000006cd480000, 0x000000076ab00000)
  object space 217600K, 57% used [0x00000006c0000000,0x00000006c7946030,0x00000006cd480000)
 Metaspace       used 6516K, capacity 7320K, committed 7680K, reserved 1056768K
  class space    used 613K, capacity 656K, committed 768K, reserved 1048576K
}
Event: 10,413 GC heap before
{Heap before GC invocations=13 (full 2):
 PSYoungGen      total 404992K, used 399074K [0x000000076ab00000, 0x0000000791800000, 0x00000007c0000000)
  eden space 348672K, 100% used [0x000000076ab00000,0x000000077ff80000,0x000000077ff80000)
  from space 56320K, 89% used [0x0000000784d00000,0x0000000787e38860,0x0000000788400000)
  to   space 79360K, 0% used [0x000000077ff80000,0x000000077ff80000,0x0000000784d00000)
 ParOldGen       total 217600K, used 124184K [0x00000006c0000000, 0x00000006cd480000, 0x000000076ab00000)
  object space 217600K, 57% used [0x00000006c0000000,0x00000006c7946030,0x00000006cd480000)
 Metaspace       used 6532K, capacity 7320K, committed 7680K, reserved 1056768K
  class space    used 613K, capacity 656K, committed 768K, reserved 1048576K
Event: 10,599 GC heap after
Heap after GC invocations=13 (full 2):
 PSYoungGen      total 428032K, used 77176K [0x000000076ab00000, 0x000000078fe00000, 0x00000007c0000000)
  eden space 348672K, 0% used [0x000000076ab00000,0x000000076ab00000,0x000000077ff80000)
  from space 79360K, 97% used [0x000000077ff80000,0x0000000784ade1e0,0x0000000784d00000)
  to   space 92160K, 0% used [0x000000078a400000,0x000000078a400000,0x000000078fe00000)
 ParOldGen       total 217600K, used 151215K [0x00000006c0000000, 0x00000006cd480000, 0x000000076ab00000)
  object space 217600K, 69% used [0x00000006c0000000,0x00000006c93abe80,0x00000006cd480000)
 Metaspace       used 6532K, capacity 7320K, committed 7680K, reserved 1056768K
  class space    used 613K, capacity 656K, committed 768K, reserved 1048576K
}
Event: 11,853 GC heap before
{Heap before GC invocations=14 (full 2):
 PSYoungGen      total 428032K, used 425848K [0x000000076ab00000, 0x000000078fe00000, 0x00000007c0000000)
  eden space 348672K, 100% used [0x000000076ab00000,0x000000077ff80000,0x000000077ff80000)
  from space 79360K, 97% used [0x000000077ff80000,0x0000000784ade1e0,0x0000000784d00000)
  to   space 92160K, 0% used [0x000000078a400000,0x000000078a400000,0x000000078fe00000)
 ParOldGen       total 217600K, used 151215K [0x00000006c0000000, 0x00000006cd480000, 0x000000076ab00000)
  object space 217600K, 69% used [0x00000006c0000000,0x00000006c93abe80,0x00000006cd480000)
 Metaspace       used 6558K, capacity 7320K, committed 7680K, reserved 1056768K
  class space    used 613K, capacity 656K, committed 768K, reserved 1048576K
Event: 12,161 GC heap after
Heap after GC invocations=14 (full 2):
 PSYoungGen      total 488960K, used 92156K [0x000000076ab00000, 0x0000000793f00000, 0x00000007c0000000)
  eden space 396800K, 0% used [0x000000076ab00000,0x000000076ab00000,0x0000000782e80000)
  from space 92160K, 99% used [0x000000078a400000,0x000000078fdff350,0x000000078fe00000)
  to   space 120320K, 0% used [0x0000000782e80000,0x0000000782e80000,0x000000078a400000)
 ParOldGen       total 217600K, used 183399K [0x00000006c0000000, 0x00000006cd480000, 0x000000076ab00000)
  object space 217600K, 84% used [0x00000006c0000000,0x00000006cb319fc0,0x00000006cd480000)
 Metaspace       used 6558K, capacity 7320K, committed 7680K, reserved 1056768K
  class space    used 613K, capacity 656K, committed 768K, reserved 1048576K
}
Event: 12,161 GC heap before
{Heap before GC invocations=15 (full 3):
 PSYoungGen      total 488960K, used 92156K [0x000000076ab00000, 0x0000000793f00000, 0x00000007c0000000)
  eden space 396800K, 0% used [0x000000076ab00000,0x000000076ab00000,0x0000000782e80000)
  from space 92160K, 99% used [0x000000078a400000,0x000000078fdff350,0x000000078fe00000)
  to   space 120320K, 0% used [0x0000000782e80000,0x0000000782e80000,0x000000078a400000)
 ParOldGen       total 217600K, used 183399K [0x00000006c0000000, 0x00000006cd480000, 0x000000076ab00000)
  object space 217600K, 84% used [0x00000006c0000000,0x00000006cb319fc0,0x00000006cd480000)
 Metaspace       used 6558K, capacity 7320K, committed 7680K, reserved 1056768K
  class space    used 613K, capacity 656K, committed 768K, reserved 1048576K

