# JRE version: Java(TM) SE Runtime Environment (8.0_66-b17) (build 1.8.0_66-b17)
# Java VM: Java HotSpot(TM) 64-Bit Server VM (25.66-b17 mixed mode linux-amd64 compressed oops)
Heap:
 PSYoungGen      total 444928K, used 51525K [0x000000076ab00000, 0x000000078ee80000, 0x00000007c0000000)
  eden space 366592K, 0% used [0x000000076ab00000,0x000000076ab00000,0x0000000781100000)
  from space 78336K, 65% used [0x0000000787180000,0x000000078a3d1630,0x000000078be00000)
  to   space 98816K, 0% used [0x0000000781100000,0x0000000781100000,0x0000000787180000)
 ParOldGen       total 214016K, used 213579K [0x00000006c0000000, 0x00000006cd100000, 0x000000076ab00000)
  object space 214016K, 99% used [0x00000006c0000000,0x00000006cd092e88,0x00000006cd100000)
 Metaspace       used 6566K, capacity 7320K, committed 7680K, reserved 1056768K
  class space    used 615K, capacity 656K, committed 768K, reserved 1048576K
GC Heap History (10 events):
Event: 6,429 GC heap after
Heap after GC invocations=12 (full 1):
 PSYoungGen      total 332800K, used 43135K [0x000000076ab00000, 0x0000000786b80000, 0x00000007c0000000)
  eden space 285184K, 0% used [0x000000076ab00000,0x000000076ab00000,0x000000077c180000)
  from space 47616K, 90% used [0x000000077c180000,0x000000077eb9fda0,0x000000077f000000)
  to   space 53760K, 0% used [0x0000000783700000,0x0000000783700000,0x0000000786b80000)
 ParOldGen       total 118272K, used 88905K [0x00000006c0000000, 0x00000006c7380000, 0x000000076ab00000)
  object space 118272K, 75% used [0x00000006c0000000,0x00000006c56d27d0,0x00000006c7380000)
 Metaspace       used 6528K, capacity 7320K, committed 7680K, reserved 1056768K
  class space    used 615K, capacity 656K, committed 768K, reserved 1048576K
}
Event: 7,458 GC heap before
{Heap before GC invocations=13 (full 1):
 PSYoungGen      total 332800K, used 328319K [0x000000076ab00000, 0x0000000786b80000, 0x00000007c0000000)
  eden space 285184K, 100% used [0x000000076ab00000,0x000000077c180000,0x000000077c180000)
  from space 47616K, 90% used [0x000000077c180000,0x000000077eb9fda0,0x000000077f000000)
  to   space 53760K, 0% used [0x0000000783700000,0x0000000783700000,0x0000000786b80000)
 ParOldGen       total 118272K, used 88905K [0x00000006c0000000, 0x00000006c7380000, 0x000000076ab00000)
  object space 118272K, 75% used [0x00000006c0000000,0x00000006c56d27d0,0x00000006c7380000)
 Metaspace       used 6534K, capacity 7320K, committed 7680K, reserved 1056768K
  class space    used 615K, capacity 656K, committed 768K, reserved 1048576K
Event: 7,615 GC heap after
Heap after GC invocations=13 (full 1):
 PSYoungGen      total 385536K, used 53748K [0x000000076ab00000, 0x0000000789780000, 0x00000007c0000000)
  eden space 331776K, 0% used [0x000000076ab00000,0x000000076ab00000,0x000000077ef00000)
  from space 53760K, 99% used [0x0000000783700000,0x0000000786b7d358,0x0000000786b80000)
  to   space 73728K, 0% used [0x000000077ef00000,0x000000077ef00000,0x0000000783700000)
 ParOldGen       total 118272K, used 117666K [0x00000006c0000000, 0x00000006c7380000, 0x000000076ab00000)
  object space 118272K, 99% used [0x00000006c0000000,0x00000006c72e8b88,0x00000006c7380000)
 Metaspace       used 6534K, capacity 7320K, committed 7680K, reserved 1056768K
  class space    used 615K, capacity 656K, committed 768K, reserved 1048576K
}
Event: 7,615 GC heap before
{Heap before GC invocations=14 (full 2):
 PSYoungGen      total 385536K, used 53748K [0x000000076ab00000, 0x0000000789780000, 0x00000007c0000000)
  eden space 331776K, 0% used [0x000000076ab00000,0x000000076ab00000,0x000000077ef00000)
  from space 53760K, 99% used [0x0000000783700000,0x0000000786b7d358,0x0000000786b80000)
  to   space 73728K, 0% used [0x000000077ef00000,0x000000077ef00000,0x0000000783700000)
 ParOldGen       total 118272K, used 117666K [0x00000006c0000000, 0x00000006c7380000, 0x000000076ab00000)
  object space 118272K, 99% used [0x00000006c0000000,0x00000006c72e8b88,0x00000006c7380000)
 Metaspace       used 6534K, capacity 7320K, committed 7680K, reserved 1056768K
  class space    used 615K, capacity 656K, committed 768K, reserved 1048576K
Event: 8,975 GC heap after
Heap after GC invocations=14 (full 2):
 PSYoungGen      total 385536K, used 51414K [0x000000076ab00000, 0x0000000789780000, 0x00000007c0000000)
  eden space 331776K, 0% used [0x000000076ab00000,0x000000076ab00000,0x000000077ef00000)
  from space 53760K, 95% used [0x0000000783700000,0x0000000786935800,0x0000000786b80000)
  to   space 73728K, 0% used [0x000000077ef00000,0x000000077ef00000,0x0000000783700000)
 ParOldGen       total 214016K, used 118181K [0x00000006c0000000, 0x00000006cd100000, 0x000000076ab00000)
  object space 214016K, 55% used [0x00000006c0000000,0x00000006c7369540,0x00000006cd100000)
 Metaspace       used 6534K, capacity 7320K, committed 7680K, reserved 1056768K
  class space    used 615K, capacity 656K, committed 768K, reserved 1048576K
}
Event: 10,187 GC heap before
{Heap before GC invocations=15 (full 2):
 PSYoungGen      total 385536K, used 383190K [0x000000076ab00000, 0x0000000789780000, 0x00000007c0000000)
  eden space 331776K, 100% used [0x000000076ab00000,0x000000077ef00000,0x000000077ef00000)
  from space 53760K, 95% used [0x0000000783700000,0x0000000786935800,0x0000000786b80000)
  to   space 73728K, 0% used [0x000000077ef00000,0x000000077ef00000,0x0000000783700000)
 ParOldGen       total 214016K, used 118181K [0x00000006c0000000, 0x00000006cd100000, 0x000000076ab00000)
  object space 214016K, 55% used [0x00000006c0000000,0x00000006c7369540,0x00000006cd100000)
 Metaspace       used 6544K, capacity 7320K, committed 7680K, reserved 1056768K
  class space    used 615K, capacity 656K, committed 768K, reserved 1048576K
Event: 10,390 GC heap after
Heap after GC invocations=15 (full 2):
 PSYoungGen      total 405504K, used 51113K [0x000000076ab00000, 0x000000078be00000, 0x00000007c0000000)
  eden space 331776K, 0% used [0x000000076ab00000,0x000000076ab00000,0x000000077ef00000)
  from space 73728K, 69% used [0x000000077ef00000,0x00000007820ea568,0x0000000783700000)
  to   space 78336K, 0% used [0x0000000787180000,0x0000000787180000,0x000000078be00000)
 ParOldGen       total 214016K, used 169870K [0x00000006c0000000, 0x00000006cd100000, 0x000000076ab00000)
  object space 214016K, 79% used [0x00000006c0000000,0x00000006ca5e39b0,0x00000006cd100000)
 Metaspace       used 6544K, capacity 7320K, committed 7680K, reserved 1056768K
  class space    used 615K, capacity 656K, committed 768K, reserved 1048576K
}
Event: 11,655 GC heap before
{Heap before GC invocations=16 (full 2):
 PSYoungGen      total 405504K, used 382889K [0x000000076ab00000, 0x000000078be00000, 0x00000007c0000000)
  eden space 331776K, 100% used [0x000000076ab00000,0x000000077ef00000,0x000000077ef00000)
  from space 73728K, 69% used [0x000000077ef00000,0x00000007820ea568,0x0000000783700000)
  to   space 78336K, 0% used [0x0000000787180000,0x0000000787180000,0x000000078be00000)
 ParOldGen       total 214016K, used 169870K [0x00000006c0000000, 0x00000006cd100000, 0x000000076ab00000)
  object space 214016K, 79% used [0x00000006c0000000,0x00000006ca5e39b0,0x00000006cd100000)
 Metaspace       used 6566K, capacity 7320K, committed 7680K, reserved 1056768K
  class space    used 615K, capacity 656K, committed 768K, reserved 1048576K
Event: 11,926 GC heap after
Heap after GC invocations=16 (full 2):
 PSYoungGen      total 444928K, used 78323K [0x000000076ab00000, 0x000000078ee80000, 0x00000007c0000000)
  eden space 366592K, 0% used [0x000000076ab00000,0x000000076ab00000,0x0000000781100000)
  from space 78336K, 99% used [0x0000000787180000,0x000000078bdfcea8,0x000000078be00000)
  to   space 98816K, 0% used [0x0000000781100000,0x0000000781100000,0x0000000787180000)
 ParOldGen       total 214016K, used 189472K [0x00000006c0000000, 0x00000006cd100000, 0x000000076ab00000)
  object space 214016K, 88% used [0x00000006c0000000,0x00000006cb908358,0x00000006cd100000)
 Metaspace       used 6566K, capacity 7320K, committed 7680K, reserved 1056768K
  class space    used 615K, capacity 656K, committed 768K, reserved 1048576K
}
Event: 11,926 GC heap before
{Heap before GC invocations=17 (full 3):
 PSYoungGen      total 444928K, used 78323K [0x000000076ab00000, 0x000000078ee80000, 0x00000007c0000000)
  eden space 366592K, 0% used [0x000000076ab00000,0x000000076ab00000,0x0000000781100000)
  from space 78336K, 99% used [0x0000000787180000,0x000000078bdfcea8,0x000000078be00000)
  to   space 98816K, 0% used [0x0000000781100000,0x0000000781100000,0x0000000787180000)
 ParOldGen       total 214016K, used 189472K [0x00000006c0000000, 0x00000006cd100000, 0x000000076ab00000)
  object space 214016K, 88% used [0x00000006c0000000,0x00000006cb908358,0x00000006cd100000)
 Metaspace       used 6566K, capacity 7320K, committed 7680K, reserved 1056768K
  class space    used 615K, capacity 656K, committed 768K, reserved 1048576K

