# JRE version: Java(TM) SE Runtime Environment (8.0_66-b17) (build 1.8.0_66-b17)
# Java VM: Java HotSpot(TM) 64-Bit Server VM (25.66-b17 mixed mode linux-amd64 compressed oops)
Heap:
 PSYoungGen      total 548864K, used 38628K [0x000000076ab00000, 0x0000000799500000, 0x00000007c0000000)
  eden space 458240K, 0% used [0x000000076ab00000,0x000000076ab00000,0x0000000786a80000)
  from space 90624K, 42% used [0x0000000786a80000,0x00000007890393c0,0x000000078c300000)
  to   space 99840K, 0% used [0x0000000793380000,0x0000000793380000,0x0000000799500000)
 ParOldGen       total 213504K, used 213372K [0x00000006c0000000, 0x00000006cd080000, 0x000000076ab00000)
  object space 213504K, 99% used [0x00000006c0000000,0x00000006cd05f238,0x00000006cd080000)
 Metaspace       used 6554K, capacity 7320K, committed 7680K, reserved 1056768K
  class space    used 614K, capacity 656K, committed 768K, reserved 1048576K
GC Heap History (10 events):
Event: 5,243 GC heap after
Heap after GC invocations=9 (full 1):
 PSYoungGen      total 404480K, used 16819K [0x000000076ab00000, 0x0000000787700000, 0x00000007c0000000)
  eden space 367104K, 0% used [0x000000076ab00000,0x000000076ab00000,0x0000000781180000)
  from space 37376K, 44% used [0x0000000783f80000,0x0000000784fecc30,0x0000000786400000)
  to   space 47104K, 0% used [0x0000000781180000,0x0000000781180000,0x0000000783f80000)
 ParOldGen       total 115712K, used 62683K [0x00000006c0000000, 0x00000006c7100000, 0x000000076ab00000)
  object space 115712K, 54% used [0x00000006c0000000,0x00000006c3d36d98,0x00000006c7100000)
 Metaspace       used 6444K, capacity 7256K, committed 7424K, reserved 1056768K
  class space    used 614K, capacity 656K, committed 768K, reserved 1048576K
}
Event: 7,034 GC heap before
{Heap before GC invocations=10 (full 1):
 PSYoungGen      total 404480K, used 383923K [0x000000076ab00000, 0x0000000787700000, 0x00000007c0000000)
  eden space 367104K, 100% used [0x000000076ab00000,0x0000000781180000,0x0000000781180000)
  from space 37376K, 44% used [0x0000000783f80000,0x0000000784fecc30,0x0000000786400000)
  to   space 47104K, 0% used [0x0000000781180000,0x0000000781180000,0x0000000783f80000)
 ParOldGen       total 115712K, used 62683K [0x00000006c0000000, 0x00000006c7100000, 0x000000076ab00000)
  object space 115712K, 54% used [0x00000006c0000000,0x00000006c3d36d98,0x00000006c7100000)
 Metaspace       used 6533K, capacity 7320K, committed 7680K, reserved 1056768K
  class space    used 614K, capacity 656K, committed 768K, reserved 1048576K
Event: 7,214 GC heap after
Heap after GC invocations=10 (full 1):
 PSYoungGen      total 414208K, used 47075K [0x000000076ab00000, 0x0000000790380000, 0x00000007c0000000)
  eden space 367104K, 0% used [0x000000076ab00000,0x000000076ab00000,0x0000000781180000)
  from space 47104K, 99% used [0x0000000781180000,0x0000000783f78f78,0x0000000783f80000)
  to   space 66048K, 0% used [0x000000078c300000,0x000000078c300000,0x0000000790380000)
 ParOldGen       total 115712K, used 87705K [0x00000006c0000000, 0x00000006c7100000, 0x000000076ab00000)
  object space 115712K, 75% used [0x00000006c0000000,0x00000006c55a67e8,0x00000006c7100000)
 Metaspace       used 6533K, capacity 7320K, committed 7680K, reserved 1056768K
  class space    used 614K, capacity 656K, committed 768K, reserved 1048576K
}
Event: 8,605 GC heap before
{Heap before GC invocations=11 (full 1):
 PSYoungGen      total 414208K, used 414179K [0x000000076ab00000, 0x0000000790380000, 0x00000007c0000000)
  eden space 367104K, 100% used [0x000000076ab00000,0x0000000781180000,0x0000000781180000)
  from space 47104K, 99% used [0x0000000781180000,0x0000000783f78f78,0x0000000783f80000)
  to   space 66048K, 0% used [0x000000078c300000,0x000000078c300000,0x0000000790380000)
 ParOldGen       total 115712K, used 87705K [0x00000006c0000000, 0x00000006c7100000, 0x000000076ab00000)
  object space 115712K, 75% used [0x00000006c0000000,0x00000006c55a67e8,0x00000006c7100000)
 Metaspace       used 6541K, capacity 7320K, committed 7680K, reserved 1056768K
  class space    used 614K, capacity 656K, committed 768K, reserved 1048576K
Event: 8,850 GC heap after
Heap after GC invocations=11 (full 1):
 PSYoungGen      total 524288K, used 66042K [0x000000076ab00000, 0x0000000793a00000, 0x00000007c0000000)
  eden space 458240K, 0% used [0x000000076ab00000,0x000000076ab00000,0x0000000786a80000)
  from space 66048K, 99% used [0x000000078c300000,0x000000079037eba8,0x0000000790380000)
  to   space 90624K, 0% used [0x0000000786a80000,0x0000000786a80000,0x000000078c300000)
 ParOldGen       total 123392K, used 122759K [0x00000006c0000000, 0x00000006c7880000, 0x000000076ab00000)
  object space 123392K, 99% used [0x00000006c0000000,0x00000006c77e1ed0,0x00000006c7880000)
 Metaspace       used 6541K, capacity 7320K, committed 7680K, reserved 1056768K
  class space    used 614K, capacity 656K, committed 768K, reserved 1048576K
}
Event: 8,850 GC heap before
{Heap before GC invocations=12 (full 2):
 PSYoungGen      total 524288K, used 66042K [0x000000076ab00000, 0x0000000793a00000, 0x00000007c0000000)
  eden space 458240K, 0% used [0x000000076ab00000,0x000000076ab00000,0x0000000786a80000)
  from space 66048K, 99% used [0x000000078c300000,0x000000079037eba8,0x0000000790380000)
  to   space 90624K, 0% used [0x0000000786a80000,0x0000000786a80000,0x000000078c300000)
 ParOldGen       total 123392K, used 122759K [0x00000006c0000000, 0x00000006c7880000, 0x000000076ab00000)
  object space 123392K, 99% used [0x00000006c0000000,0x00000006c77e1ed0,0x00000006c7880000)
 Metaspace       used 6541K, capacity 7320K, committed 7680K, reserved 1056768K
  class space    used 614K, capacity 656K, committed 768K, reserved 1048576K
Event: 10,132 GC heap after
Heap after GC invocations=12 (full 2):
 PSYoungGen      total 524288K, used 59734K [0x000000076ab00000, 0x0000000793a00000, 0x00000007c0000000)
  eden space 458240K, 0% used [0x000000076ab00000,0x000000076ab00000,0x0000000786a80000)
  from space 66048K, 90% used [0x000000078c300000,0x000000078fd55ac8,0x0000000790380000)
  to   space 90624K, 0% used [0x0000000786a80000,0x0000000786a80000,0x000000078c300000)
 ParOldGen       total 213504K, used 123381K [0x00000006c0000000, 0x00000006cd080000, 0x000000076ab00000)
  object space 213504K, 57% used [0x00000006c0000000,0x00000006c787d718,0x00000006cd080000)
 Metaspace       used 6541K, capacity 7320K, committed 7680K, reserved 1056768K
  class space    used 614K, capacity 656K, committed 768K, reserved 1048576K
}
Event: 12,050 GC heap before
{Heap before GC invocations=13 (full 2):
 PSYoungGen      total 524288K, used 517974K [0x000000076ab00000, 0x0000000793a00000, 0x00000007c0000000)
  eden space 458240K, 100% used [0x000000076ab00000,0x0000000786a80000,0x0000000786a80000)
  from space 66048K, 90% used [0x000000078c300000,0x000000078fd55ac8,0x0000000790380000)
  to   space 90624K, 0% used [0x0000000786a80000,0x0000000786a80000,0x000000078c300000)
 ParOldGen       total 213504K, used 123381K [0x00000006c0000000, 0x00000006cd080000, 0x000000076ab00000)
  object space 213504K, 57% used [0x00000006c0000000,0x00000006c787d718,0x00000006cd080000)
 Metaspace       used 6554K, capacity 7320K, committed 7680K, reserved 1056768K
  class space    used 614K, capacity 656K, committed 768K, reserved 1048576K
Event: 12,429 GC heap after
Heap after GC invocations=13 (full 2):
 PSYoungGen      total 548864K, used 71714K [0x000000076ab00000, 0x0000000799500000, 0x00000007c0000000)
  eden space 458240K, 0% used [0x000000076ab00000,0x000000076ab00000,0x0000000786a80000)
  from space 90624K, 79% used [0x0000000786a80000,0x000000078b0888b0,0x000000078c300000)
  to   space 99840K, 0% used [0x0000000793380000,0x0000000793380000,0x0000000799500000)
 ParOldGen       total 213504K, used 183452K [0x00000006c0000000, 0x00000006cd080000, 0x000000076ab00000)
  object space 213504K, 85% used [0x00000006c0000000,0x00000006cb327100,0x00000006cd080000)
 Metaspace       used 6554K, capacity 7320K, committed 7680K, reserved 1056768K
  class space    used 614K, capacity 656K, committed 768K, reserved 1048576K
}
Event: 12,429 GC heap before
{Heap before GC invocations=14 (full 3):
 PSYoungGen      total 548864K, used 71714K [0x000000076ab00000, 0x0000000799500000, 0x00000007c0000000)
  eden space 458240K, 0% used [0x000000076ab00000,0x000000076ab00000,0x0000000786a80000)
  from space 90624K, 79% used [0x0000000786a80000,0x000000078b0888b0,0x000000078c300000)
  to   space 99840K, 0% used [0x0000000793380000,0x0000000793380000,0x0000000799500000)
 ParOldGen       total 213504K, used 183452K [0x00000006c0000000, 0x00000006cd080000, 0x000000076ab00000)
  object space 213504K, 85% used [0x00000006c0000000,0x00000006cb327100,0x00000006cd080000)
 Metaspace       used 6554K, capacity 7320K, committed 7680K, reserved 1056768K
  class space    used 614K, capacity 656K, committed 768K, reserved 1048576K

