# JRE version: Java(TM) SE Runtime Environment (8.0_66-b17) (build 1.8.0_66-b17)
# Java VM: Java HotSpot(TM) 64-Bit Server VM (25.66-b17 mixed mode linux-amd64 compressed oops)
Heap:
 PSYoungGen      total 525312K, used 42658K [0x000000076ab00000, 0x0000000791500000, 0x00000007c0000000)
  eden space 421376K, 0% used [0x000000076ab00000,0x000000076ab00000,0x0000000784680000)
  from space 103936K, 41% used [0x000000078aa00000,0x000000078d3a88d0,0x0000000790f80000)
  to   space 101888K, 0% used [0x0000000784680000,0x0000000784680000,0x000000078aa00000)
 ParOldGen       total 228864K, used 228626K [0x00000006c0000000, 0x00000006cdf80000, 0x000000076ab00000)
  object space 228864K, 99% used [0x00000006c0000000,0x00000006cdf44b20,0x00000006cdf80000)
 Metaspace       used 6539K, capacity 7320K, committed 7680K, reserved 1056768K
  class space    used 614K, capacity 656K, committed 768K, reserved 1048576K
GC Heap History (10 events):
Event: 8,153 GC heap after
Heap after GC invocations=10 (full 1):
 PSYoungGen      total 400384K, used 39923K [0x000000076ab00000, 0x0000000788100000, 0x00000007c0000000)
  eden space 360448K, 0% used [0x000000076ab00000,0x000000076ab00000,0x0000000780b00000)
  from space 39936K, 99% used [0x0000000780b00000,0x00000007831fceb8,0x0000000783200000)
  to   space 57856K, 0% used [0x0000000784880000,0x0000000784880000,0x0000000788100000)
 ParOldGen       total 119808K, used 89001K [0x00000006c0000000, 0x00000006c7500000, 0x000000076ab00000)
  object space 119808K, 74% used [0x00000006c0000000,0x00000006c56ea580,0x00000006c7500000)
 Metaspace       used 6489K, capacity 7256K, committed 7424K, reserved 1056768K
  class space    used 614K, capacity 656K, committed 768K, reserved 1048576K
}
Event: 11,462 GC heap before
{Heap before GC invocations=11 (full 1):
 PSYoungGen      total 400384K, used 400371K [0x000000076ab00000, 0x0000000788100000, 0x00000007c0000000)
  eden space 360448K, 100% used [0x000000076ab00000,0x0000000780b00000,0x0000000780b00000)
  from space 39936K, 99% used [0x0000000780b00000,0x00000007831fceb8,0x0000000783200000)
  to   space 57856K, 0% used [0x0000000784880000,0x0000000784880000,0x0000000788100000)
 ParOldGen       total 119808K, used 89001K [0x00000006c0000000, 0x00000006c7500000, 0x000000076ab00000)
  object space 119808K, 74% used [0x00000006c0000000,0x00000006c56ea580,0x00000006c7500000)
 Metaspace       used 6500K, capacity 7256K, committed 7424K, reserved 1056768K
  class space    used 614K, capacity 656K, committed 768K, reserved 1048576K
Event: 11,694 GC heap after
Heap after GC invocations=11 (full 1):
 PSYoungGen      total 400896K, used 57839K [0x000000076ab00000, 0x0000000790d80000, 0x00000007c0000000)
  eden space 343040K, 0% used [0x000000076ab00000,0x000000076ab00000,0x000000077fa00000)
  from space 57856K, 99% used [0x0000000784880000,0x00000007880fbe30,0x0000000788100000)
  to   space 80384K, 0% used [0x000000077fa00000,0x000000077fa00000,0x0000000784880000)
 ParOldGen       total 123904K, used 123646K [0x00000006c0000000, 0x00000006c7900000, 0x000000076ab00000)
  object space 123904K, 99% used [0x00000006c0000000,0x00000006c78bf898,0x00000006c7900000)
 Metaspace       used 6500K, capacity 7256K, committed 7424K, reserved 1056768K
  class space    used 614K, capacity 656K, committed 768K, reserved 1048576K
}
Event: 11,694 GC heap before
{Heap before GC invocations=12 (full 2):
 PSYoungGen      total 400896K, used 57839K [0x000000076ab00000, 0x0000000790d80000, 0x00000007c0000000)
  eden space 343040K, 0% used [0x000000076ab00000,0x000000076ab00000,0x000000077fa00000)
  from space 57856K, 99% used [0x0000000784880000,0x00000007880fbe30,0x0000000788100000)
  to   space 80384K, 0% used [0x000000077fa00000,0x000000077fa00000,0x0000000784880000)
 ParOldGen       total 123904K, used 123646K [0x00000006c0000000, 0x00000006c7900000, 0x000000076ab00000)
  object space 123904K, 99% used [0x00000006c0000000,0x00000006c78bf898,0x00000006c7900000)
 Metaspace       used 6500K, capacity 7256K, committed 7424K, reserved 1056768K
  class space    used 614K, capacity 656K, committed 768K, reserved 1048576K
Event: 13,242 GC heap after
Heap after GC invocations=12 (full 2):
 PSYoungGen      total 400896K, used 51953K [0x000000076ab00000, 0x0000000790d80000, 0x00000007c0000000)
  eden space 343040K, 0% used [0x000000076ab00000,0x000000076ab00000,0x000000077fa00000)
  from space 57856K, 89% used [0x0000000784880000,0x0000000787b3c7d0,0x0000000788100000)
  to   space 80384K, 0% used [0x000000077fa00000,0x000000077fa00000,0x0000000784880000)
 ParOldGen       total 218624K, used 123827K [0x00000006c0000000, 0x00000006cd580000, 0x000000076ab00000)
  object space 218624K, 56% used [0x00000006c0000000,0x00000006c78ecc18,0x00000006cd580000)
 Metaspace       used 6500K, capacity 7256K, committed 7424K, reserved 1056768K
  class space    used 614K, capacity 656K, committed 768K, reserved 1048576K
}
Event: 14,556 GC heap before
{Heap before GC invocations=13 (full 2):
 PSYoungGen      total 400896K, used 394993K [0x000000076ab00000, 0x0000000790d80000, 0x00000007c0000000)
  eden space 343040K, 100% used [0x000000076ab00000,0x000000077fa00000,0x000000077fa00000)
  from space 57856K, 89% used [0x0000000784880000,0x0000000787b3c7d0,0x0000000788100000)
  to   space 80384K, 0% used [0x000000077fa00000,0x000000077fa00000,0x0000000784880000)
 ParOldGen       total 218624K, used 123827K [0x00000006c0000000, 0x00000006cd580000, 0x000000076ab00000)
  object space 218624K, 56% used [0x00000006c0000000,0x00000006c78ecc18,0x00000006cd580000)
 Metaspace       used 6512K, capacity 7256K, committed 7424K, reserved 1056768K
  class space    used 614K, capacity 656K, committed 768K, reserved 1048576K
Event: 14,872 GC heap after
Heap after GC invocations=13 (full 2):
 PSYoungGen      total 423424K, used 80377K [0x000000076ab00000, 0x0000000790f80000, 0x00000007c0000000)
  eden space 343040K, 0% used [0x000000076ab00000,0x000000076ab00000,0x000000077fa00000)
  from space 80384K, 99% used [0x000000077fa00000,0x000000078487e550,0x0000000784880000)
  to   space 103936K, 0% used [0x000000078aa00000,0x000000078aa00000,0x0000000790f80000)
 ParOldGen       total 218624K, used 148200K [0x00000006c0000000, 0x00000006cd580000, 0x000000076ab00000)
  object space 218624K, 67% used [0x00000006c0000000,0x00000006c90ba3e8,0x00000006cd580000)
 Metaspace       used 6512K, capacity 7256K, committed 7424K, reserved 1056768K
  class space    used 614K, capacity 656K, committed 768K, reserved 1048576K
}
Event: 16,123 GC heap before
{Heap before GC invocations=14 (full 2):
 PSYoungGen      total 423424K, used 423417K [0x000000076ab00000, 0x0000000790f80000, 0x00000007c0000000)
  eden space 343040K, 100% used [0x000000076ab00000,0x000000077fa00000,0x000000077fa00000)
  from space 80384K, 99% used [0x000000077fa00000,0x000000078487e550,0x0000000784880000)
  to   space 103936K, 0% used [0x000000078aa00000,0x000000078aa00000,0x0000000790f80000)
 ParOldGen       total 218624K, used 148200K [0x00000006c0000000, 0x00000006cd580000, 0x000000076ab00000)
  object space 218624K, 67% used [0x00000006c0000000,0x00000006c90ba3e8,0x00000006cd580000)
 Metaspace       used 6539K, capacity 7320K, committed 7680K, reserved 1056768K
  class space    used 614K, capacity 656K, committed 768K, reserved 1048576K
Event: 16,371 GC heap after
Heap after GC invocations=14 (full 2):
 PSYoungGen      total 525312K, used 48581K [0x000000076ab00000, 0x0000000791500000, 0x00000007c0000000)
  eden space 421376K, 0% used [0x000000076ab00000,0x000000076ab00000,0x0000000784680000)
  from space 103936K, 46% used [0x000000078aa00000,0x000000078d9716c0,0x0000000790f80000)
  to   space 101888K, 0% used [0x0000000784680000,0x0000000784680000,0x000000078aa00000)
 ParOldGen       total 228864K, used 228760K [0x00000006c0000000, 0x00000006cdf80000, 0x000000076ab00000)
  object space 228864K, 99% used [0x00000006c0000000,0x00000006cdf66288,0x00000006cdf80000)
 Metaspace       used 6539K, capacity 7320K, committed 7680K, reserved 1056768K
  class space    used 614K, capacity 656K, committed 768K, reserved 1048576K
}
Event: 16,371 GC heap before
{Heap before GC invocations=15 (full 3):
 PSYoungGen      total 525312K, used 48581K [0x000000076ab00000, 0x0000000791500000, 0x00000007c0000000)
  eden space 421376K, 0% used [0x000000076ab00000,0x000000076ab00000,0x0000000784680000)
  from space 103936K, 46% used [0x000000078aa00000,0x000000078d9716c0,0x0000000790f80000)
  to   space 101888K, 0% used [0x0000000784680000,0x0000000784680000,0x000000078aa00000)
 ParOldGen       total 228864K, used 228760K [0x00000006c0000000, 0x00000006cdf80000, 0x000000076ab00000)
  object space 228864K, 99% used [0x00000006c0000000,0x00000006cdf66288,0x00000006cdf80000)
 Metaspace       used 6539K, capacity 7320K, committed 7680K, reserved 1056768K
  class space    used 614K, capacity 656K, committed 768K, reserved 1048576K

