# JRE version: Java(TM) SE Runtime Environment (8.0_66-b17) (build 1.8.0_66-b17)
# Java VM: Java HotSpot(TM) 64-Bit Server VM (25.66-b17 mixed mode linux-amd64 compressed oops)
Heap:
 PSYoungGen      total 478720K, used 110070K [0x000000076ab00000, 0x0000000791600000, 0x00000007c0000000)
  eden space 368640K, 0% used [0x000000076ab00000,0x000000076ab00000,0x0000000781300000)
  from space 110080K, 99% used [0x0000000781300000,0x0000000787e7d8e8,0x0000000787e80000)
  to   space 96256K, 0% used [0x0000000787e80000,0x0000000787e80000,0x000000078dc80000)
 ParOldGen       total 228864K, used 207069K [0x00000006c0000000, 0x00000006cdf80000, 0x000000076ab00000)
  object space 228864K, 90% used [0x00000006c0000000,0x00000006cca374b0,0x00000006cdf80000)
 Metaspace       used 6886K, capacity 7608K, committed 7936K, reserved 1056768K
  class space    used 633K, capacity 688K, committed 768K, reserved 1048576K
GC Heap History (10 events):
Event: 5,638 GC heap after
Heap after GC invocations=10 (full 1):
 PSYoungGen      total 374784K, used 39921K [0x000000076ab00000, 0x0000000786100000, 0x00000007c0000000)
  eden space 334848K, 0% used [0x000000076ab00000,0x000000076ab00000,0x000000077f200000)
  from space 39936K, 99% used [0x0000000780b80000,0x000000078327c778,0x0000000783280000)
  to   space 47616K, 0% used [0x0000000783280000,0x0000000783280000,0x0000000786100000)
 ParOldGen       total 121344K, used 86575K [0x00000006c0000000, 0x00000006c7680000, 0x000000076ab00000)
  object space 121344K, 71% used [0x00000006c0000000,0x00000006c548be80,0x00000006c7680000)
 Metaspace       used 6500K, capacity 7256K, committed 7424K, reserved 1056768K
  class space    used 614K, capacity 656K, committed 768K, reserved 1048576K
}
Event: 6,939 GC heap before
{Heap before GC invocations=11 (full 1):
 PSYoungGen      total 374784K, used 374769K [0x000000076ab00000, 0x0000000786100000, 0x00000007c0000000)
  eden space 334848K, 100% used [0x000000076ab00000,0x000000077f200000,0x000000077f200000)
  from space 39936K, 99% used [0x0000000780b80000,0x000000078327c778,0x0000000783280000)
  to   space 47616K, 0% used [0x0000000783280000,0x0000000783280000,0x0000000786100000)
 ParOldGen       total 121344K, used 86575K [0x00000006c0000000, 0x00000006c7680000, 0x000000076ab00000)
  object space 121344K, 71% used [0x00000006c0000000,0x00000006c548be80,0x00000006c7680000)
 Metaspace       used 6511K, capacity 7256K, committed 7424K, reserved 1056768K
  class space    used 614K, capacity 656K, committed 768K, reserved 1048576K
Event: 7,076 GC heap after
Heap after GC invocations=11 (full 1):
 PSYoungGen      total 370176K, used 47606K [0x000000076ab00000, 0x000000078e000000, 0x00000007c0000000)
  eden space 322560K, 0% used [0x000000076ab00000,0x000000076ab00000,0x000000077e600000)
  from space 47616K, 99% used [0x0000000783280000,0x00000007860fd818,0x0000000786100000)
  to   space 78336K, 0% used [0x000000077e600000,0x000000077e600000,0x0000000783280000)
 ParOldGen       total 127488K, used 127183K [0x00000006c0000000, 0x00000006c7c80000, 0x000000076ab00000)
  object space 127488K, 99% used [0x00000006c0000000,0x00000006c7c33db0,0x00000006c7c80000)
 Metaspace       used 6511K, capacity 7256K, committed 7424K, reserved 1056768K
  class space    used 614K, capacity 656K, committed 768K, reserved 1048576K
}
Event: 7,076 GC heap before
{Heap before GC invocations=12 (full 2):
 PSYoungGen      total 370176K, used 47606K [0x000000076ab00000, 0x000000078e000000, 0x00000007c0000000)
  eden space 322560K, 0% used [0x000000076ab00000,0x000000076ab00000,0x000000077e600000)
  from space 47616K, 99% used [0x0000000783280000,0x00000007860fd818,0x0000000786100000)
  to   space 78336K, 0% used [0x000000077e600000,0x000000077e600000,0x0000000783280000)
 ParOldGen       total 127488K, used 127183K [0x00000006c0000000, 0x00000006c7c80000, 0x000000076ab00000)
  object space 127488K, 99% used [0x00000006c0000000,0x00000006c7c33db0,0x00000006c7c80000)
 Metaspace       used 6511K, capacity 7256K, committed 7424K, reserved 1056768K
  class space    used 614K, capacity 656K, committed 768K, reserved 1048576K
Event: 8,274 GC heap after
Heap after GC invocations=12 (full 2):
 PSYoungGen      total 370176K, used 41292K [0x000000076ab00000, 0x000000078e000000, 0x00000007c0000000)
  eden space 322560K, 0% used [0x000000076ab00000,0x000000076ab00000,0x000000077e600000)
  from space 47616K, 86% used [0x0000000783280000,0x0000000785ad31e8,0x0000000786100000)
  to   space 78336K, 0% used [0x000000077e600000,0x000000077e600000,0x0000000783280000)
 ParOldGen       total 228864K, used 127485K [0x00000006c0000000, 0x00000006cdf80000, 0x000000076ab00000)
  object space 228864K, 55% used [0x00000006c0000000,0x00000006c7c7f758,0x00000006cdf80000)
 Metaspace       used 6511K, capacity 7256K, committed 7424K, reserved 1056768K
  class space    used 614K, capacity 656K, committed 768K, reserved 1048576K
}
Event: 9,443 GC heap before
{Heap before GC invocations=13 (full 2):
 PSYoungGen      total 370176K, used 363852K [0x000000076ab00000, 0x000000078e000000, 0x00000007c0000000)
  eden space 322560K, 100% used [0x000000076ab00000,0x000000077e600000,0x000000077e600000)
  from space 47616K, 86% used [0x0000000783280000,0x0000000785ad31e8,0x0000000786100000)
  to   space 78336K, 0% used [0x000000077e600000,0x000000077e600000,0x0000000783280000)
 ParOldGen       total 228864K, used 127485K [0x00000006c0000000, 0x00000006cdf80000, 0x000000076ab00000)
  object space 228864K, 55% used [0x00000006c0000000,0x00000006c7c7f758,0x00000006cdf80000)
 Metaspace       used 6522K, capacity 7256K, committed 7424K, reserved 1056768K
  class space    used 614K, capacity 656K, committed 768K, reserved 1048576K
Event: 9,679 GC heap after
Heap after GC invocations=13 (full 2):
 PSYoungGen      total 400896K, used 78327K [0x000000076ab00000, 0x000000078dc80000, 0x00000007c0000000)
  eden space 322560K, 0% used [0x000000076ab00000,0x000000076ab00000,0x000000077e600000)
  from space 78336K, 99% used [0x000000077e600000,0x000000078327dd10,0x0000000783280000)
  to   space 96256K, 0% used [0x0000000787e80000,0x0000000787e80000,0x000000078dc80000)
 ParOldGen       total 228864K, used 139137K [0x00000006c0000000, 0x00000006cdf80000, 0x000000076ab00000)
  object space 228864K, 60% used [0x00000006c0000000,0x00000006c87e0400,0x00000006cdf80000)
 Metaspace       used 6522K, capacity 7256K, committed 7424K, reserved 1056768K
  class space    used 614K, capacity 656K, committed 768K, reserved 1048576K
}
Event: 10,796 GC heap before
{Heap before GC invocations=14 (full 2):
 PSYoungGen      total 400896K, used 400887K [0x000000076ab00000, 0x000000078dc80000, 0x00000007c0000000)
  eden space 322560K, 100% used [0x000000076ab00000,0x000000077e600000,0x000000077e600000)
  from space 78336K, 99% used [0x000000077e600000,0x000000078327dd10,0x0000000783280000)
  to   space 96256K, 0% used [0x0000000787e80000,0x0000000787e80000,0x000000078dc80000)
 ParOldGen       total 228864K, used 139137K [0x00000006c0000000, 0x00000006cdf80000, 0x000000076ab00000)
  object space 228864K, 60% used [0x00000006c0000000,0x00000006c87e0400,0x00000006cdf80000)
 Metaspace       used 6540K, capacity 7320K, committed 7680K, reserved 1056768K
  class space    used 614K, capacity 656K, committed 768K, reserved 1048576K
Event: 11,587 GC heap after
Heap after GC invocations=14 (full 2):
 PSYoungGen      total 464896K, used 88323K [0x000000076ab00000, 0x0000000791600000, 0x00000007c0000000)
  eden space 368640K, 0% used [0x000000076ab00000,0x000000076ab00000,0x0000000781300000)
  from space 96256K, 91% used [0x0000000787e80000,0x000000078d4c0fb0,0x000000078dc80000)
  to   space 110080K, 0% used [0x0000000781300000,0x0000000781300000,0x0000000787e80000)
 ParOldGen       total 228864K, used 175409K [0x00000006c0000000, 0x00000006cdf80000, 0x000000076ab00000)
  object space 228864K, 76% used [0x00000006c0000000,0x00000006cab4c5f0,0x00000006cdf80000)
 Metaspace       used 6540K, capacity 7320K, committed 7680K, reserved 1056768K
  class space    used 614K, capacity 656K, committed 768K, reserved 1048576K
}
Event: 14,406 GC heap before
{Heap before GC invocations=15 (full 2):
 PSYoungGen      total 464896K, used 456963K [0x000000076ab00000, 0x0000000791600000, 0x00000007c0000000)
  eden space 368640K, 100% used [0x000000076ab00000,0x0000000781300000,0x0000000781300000)
  from space 96256K, 91% used [0x0000000787e80000,0x000000078d4c0fb0,0x000000078dc80000)
  to   space 110080K, 0% used [0x0000000781300000,0x0000000781300000,0x0000000787e80000)
 ParOldGen       total 228864K, used 175409K [0x00000006c0000000, 0x00000006cdf80000, 0x000000076ab00000)
  object space 228864K, 76% used [0x00000006c0000000,0x00000006cab4c5f0,0x00000006cdf80000)
 Metaspace       used 6886K, capacity 7608K, committed 7936K, reserved 1056768K
  class space    used 633K, capacity 688K, committed 768K, reserved 1048576K

