# JRE version: Java(TM) SE Runtime Environment (8.0_66-b17) (build 1.8.0_66-b17)
# Java VM: Java HotSpot(TM) 64-Bit Server VM (25.66-b17 mixed mode linux-amd64 compressed oops)
Heap:
 PSYoungGen      total 415232K, used 6692K [0x000000076ab00000, 0x000000078d480000, 0x00000007c0000000)
  eden space 342528K, 0% used [0x000000076ab00000,0x000000076ab00000,0x000000077f980000)
  from space 72704K, 9% used [0x000000077f980000,0x0000000780009268,0x0000000784080000)
  to   space 77312K, 0% used [0x0000000788900000,0x0000000788900000,0x000000078d480000)
 ParOldGen       total 209920K, used 209891K [0x00000006c0000000, 0x00000006ccd00000, 0x000000076ab00000)
  object space 209920K, 99% used [0x00000006c0000000,0x00000006cccf8ff8,0x00000006ccd00000)
 Metaspace       used 6529K, capacity 7320K, committed 7680K, reserved 1056768K
  class space    used 614K, capacity 656K, committed 768K, reserved 1048576K
GC Heap History (10 events):
Event: 6,668 GC heap after
Heap after GC invocations=11 (full 1):
 PSYoungGen      total 328704K, used 24625K [0x000000076ab00000, 0x0000000781f00000, 0x00000007c0000000)
  eden space 285696K, 0% used [0x000000076ab00000,0x000000076ab00000,0x000000077c200000)
  from space 43008K, 57% used [0x000000077ef00000,0x000000078070c550,0x0000000781900000)
  to   space 46080K, 0% used [0x000000077c200000,0x000000077c200000,0x000000077ef00000)
 ParOldGen       total 118784K, used 62930K [0x00000006c0000000, 0x00000006c7400000, 0x000000076ab00000)
  object space 118784K, 52% used [0x00000006c0000000,0x00000006c3d74a18,0x00000006c7400000)
 Metaspace       used 6458K, capacity 7256K, committed 7424K, reserved 1056768K
  class space    used 614K, capacity 656K, committed 768K, reserved 1048576K
}
Event: 8,400 GC heap before
{Heap before GC invocations=12 (full 1):
 PSYoungGen      total 328704K, used 310321K [0x000000076ab00000, 0x0000000781f00000, 0x00000007c0000000)
  eden space 285696K, 100% used [0x000000076ab00000,0x000000077c200000,0x000000077c200000)
  from space 43008K, 57% used [0x000000077ef00000,0x000000078070c550,0x0000000781900000)
  to   space 46080K, 0% used [0x000000077c200000,0x000000077c200000,0x000000077ef00000)
 ParOldGen       total 118784K, used 62930K [0x00000006c0000000, 0x00000006c7400000, 0x000000076ab00000)
  object space 118784K, 52% used [0x00000006c0000000,0x00000006c3d74a18,0x00000006c7400000)
 Metaspace       used 6508K, capacity 7256K, committed 7424K, reserved 1056768K
  class space    used 614K, capacity 656K, committed 768K, reserved 1048576K
Event: 8,534 GC heap after
Heap after GC invocations=12 (full 1):
 PSYoungGen      total 331776K, used 42559K [0x000000076ab00000, 0x0000000787400000, 0x00000007c0000000)
  eden space 285696K, 0% used [0x000000076ab00000,0x000000076ab00000,0x000000077c200000)
  from space 46080K, 92% used [0x000000077c200000,0x000000077eb8fda0,0x000000077ef00000)
  to   space 52736K, 0% used [0x0000000784080000,0x0000000784080000,0x0000000787400000)
 ParOldGen       total 118784K, used 87119K [0x00000006c0000000, 0x00000006c7400000, 0x000000076ab00000)
  object space 118784K, 73% used [0x00000006c0000000,0x00000006c5513dc0,0x00000006c7400000)
 Metaspace       used 6508K, capacity 7256K, committed 7424K, reserved 1056768K
  class space    used 614K, capacity 656K, committed 768K, reserved 1048576K
}
Event: 9,623 GC heap before
{Heap before GC invocations=13 (full 1):
 PSYoungGen      total 331776K, used 328255K [0x000000076ab00000, 0x0000000787400000, 0x00000007c0000000)
  eden space 285696K, 100% used [0x000000076ab00000,0x000000077c200000,0x000000077c200000)
  from space 46080K, 92% used [0x000000077c200000,0x000000077eb8fda0,0x000000077ef00000)
  to   space 52736K, 0% used [0x0000000784080000,0x0000000784080000,0x0000000787400000)
 ParOldGen       total 118784K, used 87119K [0x00000006c0000000, 0x00000006c7400000, 0x000000076ab00000)
  object space 118784K, 73% used [0x00000006c0000000,0x00000006c5513dc0,0x00000006c7400000)
 Metaspace       used 6518K, capacity 7320K, committed 7680K, reserved 1056768K
  class space    used 614K, capacity 656K, committed 768K, reserved 1048576K
Event: 9,804 GC heap after
Heap after GC invocations=13 (full 1):
 PSYoungGen      total 395264K, used 52730K [0x000000076ab00000, 0x0000000789f80000, 0x00000007c0000000)
  eden space 342528K, 0% used [0x000000076ab00000,0x000000076ab00000,0x000000077f980000)
  from space 52736K, 99% used [0x0000000784080000,0x00000007873fe9d8,0x0000000787400000)
  to   space 72704K, 0% used [0x000000077f980000,0x000000077f980000,0x0000000784080000)
 ParOldGen       total 118784K, used 116439K [0x00000006c0000000, 0x00000006c7400000, 0x000000076ab00000)
  object space 118784K, 98% used [0x00000006c0000000,0x00000006c71b5ca0,0x00000006c7400000)
 Metaspace       used 6518K, capacity 7320K, committed 7680K, reserved 1056768K
  class space    used 614K, capacity 656K, committed 768K, reserved 1048576K
}
Event: 9,804 GC heap before
{Heap before GC invocations=14 (full 2):
 PSYoungGen      total 395264K, used 52730K [0x000000076ab00000, 0x0000000789f80000, 0x00000007c0000000)
  eden space 342528K, 0% used [0x000000076ab00000,0x000000076ab00000,0x000000077f980000)
  from space 52736K, 99% used [0x0000000784080000,0x00000007873fe9d8,0x0000000787400000)
  to   space 72704K, 0% used [0x000000077f980000,0x000000077f980000,0x0000000784080000)
 ParOldGen       total 118784K, used 116439K [0x00000006c0000000, 0x00000006c7400000, 0x000000076ab00000)
  object space 118784K, 98% used [0x00000006c0000000,0x00000006c71b5ca0,0x00000006c7400000)
 Metaspace       used 6518K, capacity 7320K, committed 7680K, reserved 1056768K
  class space    used 614K, capacity 656K, committed 768K, reserved 1048576K
Event: 11,011 GC heap after
Heap after GC invocations=14 (full 2):
 PSYoungGen      total 395264K, used 48924K [0x000000076ab00000, 0x0000000789f80000, 0x00000007c0000000)
  eden space 342528K, 0% used [0x000000076ab00000,0x000000076ab00000,0x000000077f980000)
  from space 52736K, 92% used [0x0000000784080000,0x00000007870472f0,0x0000000787400000)
  to   space 72704K, 0% used [0x000000077f980000,0x000000077f980000,0x0000000784080000)
 ParOldGen       total 209920K, used 118480K [0x00000006c0000000, 0x00000006ccd00000, 0x000000076ab00000)
  object space 209920K, 56% used [0x00000006c0000000,0x00000006c73b4098,0x00000006ccd00000)
 Metaspace       used 6518K, capacity 7320K, committed 7680K, reserved 1056768K
  class space    used 614K, capacity 656K, committed 768K, reserved 1048576K
}
Event: 12,360 GC heap before
{Heap before GC invocations=15 (full 2):
 PSYoungGen      total 395264K, used 391452K [0x000000076ab00000, 0x0000000789f80000, 0x00000007c0000000)
  eden space 342528K, 100% used [0x000000076ab00000,0x000000077f980000,0x000000077f980000)
  from space 52736K, 92% used [0x0000000784080000,0x00000007870472f0,0x0000000787400000)
  to   space 72704K, 0% used [0x000000077f980000,0x000000077f980000,0x0000000784080000)
 ParOldGen       total 209920K, used 118480K [0x00000006c0000000, 0x00000006ccd00000, 0x000000076ab00000)
  object space 209920K, 56% used [0x00000006c0000000,0x00000006c73b4098,0x00000006ccd00000)
 Metaspace       used 6529K, capacity 7320K, committed 7680K, reserved 1056768K
  class space    used 614K, capacity 656K, committed 768K, reserved 1048576K
Event: 12,571 GC heap after
Heap after GC invocations=15 (full 2):
 PSYoungGen      total 415232K, used 51459K [0x000000076ab00000, 0x000000078d480000, 0x00000007c0000000)
  eden space 342528K, 0% used [0x000000076ab00000,0x000000076ab00000,0x000000077f980000)
  from space 72704K, 70% used [0x000000077f980000,0x0000000782bc0cd0,0x0000000784080000)
  to   space 77312K, 0% used [0x0000000788900000,0x0000000788900000,0x000000078d480000)
 ParOldGen       total 209920K, used 167616K [0x00000006c0000000, 0x00000006ccd00000, 0x000000076ab00000)
  object space 209920K, 79% used [0x00000006c0000000,0x00000006ca3b02c8,0x00000006ccd00000)
 Metaspace       used 6529K, capacity 7320K, committed 7680K, reserved 1056768K
  class space    used 614K, capacity 656K, committed 768K, reserved 1048576K
}
Event: 12,571 GC heap before
{Heap before GC invocations=16 (full 3):
 PSYoungGen      total 415232K, used 51459K [0x000000076ab00000, 0x000000078d480000, 0x00000007c0000000)
  eden space 342528K, 0% used [0x000000076ab00000,0x000000076ab00000,0x000000077f980000)
  from space 72704K, 70% used [0x000000077f980000,0x0000000782bc0cd0,0x0000000784080000)
  to   space 77312K, 0% used [0x0000000788900000,0x0000000788900000,0x000000078d480000)
 ParOldGen       total 209920K, used 167616K [0x00000006c0000000, 0x00000006ccd00000, 0x000000076ab00000)
  object space 209920K, 79% used [0x00000006c0000000,0x00000006ca3b02c8,0x00000006ccd00000)
 Metaspace       used 6529K, capacity 7320K, committed 7680K, reserved 1056768K
  class space    used 614K, capacity 656K, committed 768K, reserved 1048576K

